#
# There is insufficient memory for the Java Runtime Environment to continue.
# Native memory allocation (malloc) failed to allocate 1181136 bytes for Chunk::new
# Possible reasons:
#   The system is out of physical RAM or swap space
#   The process is running with CompressedOops enabled, and the Java Heap may be blocking the growth of the native heap
# Possible solutions:
#   Reduce memory load on the system
#   Increase physical memory or swap space
#   Check if swap backing store is full
#   Decrease Java heap size (-Xmx/-Xms)
#   Decrease number of Java threads
#   Decrease Java thread stack sizes (-Xss)
#   Set larger code cache with -XX:ReservedCodeCacheSize=
#   JVM is running with Unscaled Compressed Oops mode in which the Java heap is
#     placed in the first 4GB address space. The Java Heap base address is the
#     maximum limit for the native heap growth. Please use -XX:HeapBaseMinAddress
#     to set the Java Heap base and to place the Java Heap above 4GB virtual address.
# This output file may be truncated or incomplete.
#
#  Out of Memory Error (./src/hotspot/share/memory/arena.cpp:197), pid=12976, tid=17348
#
# JRE version: OpenJDK Runtime Environment Corretto-11.0.17.8.1 (11.0.17+8) (build 11.0.17+8-LTS)
# Java VM: OpenJDK 64-Bit Server VM Corretto-11.0.17.8.1 (11.0.17+8-LTS, mixed mode, tiered, compressed oops, g1 gc, windows-amd64)
# No core dump will be written. Minidumps are not enabled by default on client versions of Windows
#

---------------  S U M M A R Y ------------

Command Line: --add-opens=java.base/java.util.concurrent.atomic=ALL-UNNAMED -XX:MaxMetaspaceSize=256m -XX:+HeapDumpOnOutOfMemoryError --add-opens=java.base/java.util=ALL-UNNAMED --add-opens=java.base/java.lang=ALL-UNNAMED --add-opens=java.base/java.lang.invoke=ALL-UNNAMED --add-opens=java.prefs/java.util.prefs=ALL-UNNAMED --add-opens=java.base/java.nio.charset=ALL-UNNAMED --add-opens=java.base/java.net=ALL-UNNAMED --add-opens=java.base/java.util.concurrent.atomic=ALL-UNNAMED -Xms256m -Xmx512m -Dfile.encoding=UTF-8 -Duser.country=KR -Duser.language=ko -Duser.variant org.gradle.launcher.daemon.bootstrap.GradleDaemon 7.6.1

Host: Intel(R) Core(TM) i5-10400F CPU @ 2.90GHz, 12 cores, 15G,  Windows 10 , 64 bit Build 19041 (10.0.19041.2546)
Time: Wed Mar  1 15:12:14 2023  Windows 10 , 64 bit Build 19041 (10.0.19041.2546) elapsed time: 8.689166 seconds (0d 0h 0m 8s)

---------------  T H R E A D  ---------------

Current thread (0x000001078424d800):  JavaThread "C2 CompilerThread1" daemon [_thread_in_native, id=17348, stack(0x00000001a6500000,0x00000001a6600000)]


Current CompileTask:
C2:   8689 9458   !   4       java.util.jar.Attributes::read (354 bytes)

Stack: [0x00000001a6500000,0x00000001a6600000]
Native frames: (J=compiled Java code, j=interpreted, Vv=VM code, C=native code)
V  [jvm.dll+0x61f66a]
V  [jvm.dll+0x7ac889]
V  [jvm.dll+0x7adf78]
V  [jvm.dll+0x7ae653]
V  [jvm.dll+0x24fbe8]
V  [jvm.dll+0xc262c]
V  [jvm.dll+0xc2bec]
V  [jvm.dll+0x359ff2]
V  [jvm.dll+0x325fc3]
V  [jvm.dll+0x3252fa]
V  [jvm.dll+0x209083]
V  [jvm.dll+0x20818d]
V  [jvm.dll+0x18a3c1]
V  [jvm.dll+0x217894]
V  [jvm.dll+0x215adb]
V  [jvm.dll+0x76f380]
V  [jvm.dll+0x7682b4]
V  [jvm.dll+0x61e4d5]
C  [ucrtbase.dll+0x21bb2]
C  [KERNEL32.DLL+0x17614]
C  [ntdll.dll+0x526a1]


---------------  P R O C E S S  ---------------

Threads class SMR info:
_java_thread_list=0x00000107896196d0, length=137, elements={
0x00000107e6692800, 0x00000107822f8800, 0x0000010782301800, 0x0000010782b6d800,
0x0000010782b70000, 0x0000010782b73000, 0x0000010782b74000, 0x0000010782b88800,
0x0000010782b89000, 0x0000010782cf3800, 0x0000010782f1e800, 0x00000107854f4000,
0x0000010783b2e800, 0x0000010784629800, 0x00000107851f4800, 0x0000010784d49000,
0x000001078399b000, 0x0000010784f9d800, 0x0000010784bf9800, 0x0000010784b5b000,
0x000001078424d800, 0x0000010784b57000, 0x0000010784b5b800, 0x0000010784b5c800,
0x0000010784b58800, 0x0000010784b57800, 0x0000010784b5d800, 0x0000010784b59800,
0x0000010784b5a000, 0x00000107860a7000, 0x00000107860a8000, 0x00000107860ac000,
0x00000107860ad000, 0x00000107860aa800, 0x00000107860a8800, 0x00000107860af800,
0x00000107860a9800, 0x0000010787fb1000, 0x00000107860b4000, 0x00000107860b5000,
0x00000107860b1000, 0x00000107860b6000, 0x00000107860b1800, 0x00000107860b0000,
0x00000107860b2800, 0x00000107860b3800, 0x000001078b853000, 0x000001078b84d800,
0x000001078b854000, 0x000001078b84e000, 0x000001078b84f000, 0x000001078b84f800,
0x000001078b854800, 0x000001078b855800, 0x000001078b852000, 0x000001078b856800,
0x000001078b850800, 0x000001078b851800, 0x000001078b858000, 0x000001078b85a800,
0x000001078b85b000, 0x000001078b857000, 0x000001078b858800, 0x000001078b859800,
0x000001078b85c000, 0x00000107868a7000, 0x00000107868a5000, 0x00000107868a7800,
0x00000107868ab800, 0x00000107868a6000, 0x00000107868ac800, 0x00000107868a9800,
0x00000107868ad800, 0x00000107868aa000, 0x00000107868ab000, 0x00000107868ae000,
0x00000107868a8800, 0x00000107868b2800, 0x00000107868b3000, 0x00000107868af000,
0x00000107868b0800, 0x00000107868b0000, 0x00000107868b4000, 0x00000107868b1800,
0x0000010786628800, 0x0000010786627800, 0x0000010786629800, 0x000001078662a000,
0x0000010786627000, 0x000001078662b000, 0x0000010786625800, 0x000001078662c000,
0x0000010786626000, 0x000001078662e800, 0x000001078662f000, 0x0000010786630000,
0x0000010786630800, 0x0000010786631800, 0x0000010786632800, 0x000001078662c800,
0x0000010786633000, 0x000001078662d800, 0x0000010786634000, 0x0000010783ad2000,
0x0000010783ad8000, 0x0000010783ad4000, 0x0000010783ad7000, 0x0000010783ad4800,
0x0000010783ad9000, 0x0000010783ad5800, 0x0000010783ad3000, 0x0000010783adb000,
0x0000010783ad9800, 0x0000010783ada800, 0x0000010783adc000, 0x0000010783ad6800,
0x0000010783add800, 0x0000010783ade800, 0x0000010783add000, 0x0000010783ae0000,
0x0000010783adf800, 0x0000010783ae1000, 0x000001078962b000, 0x000001078962f000,
0x000001078962d000, 0x0000010789631800, 0x000001078962c000, 0x0000010789632800,
0x0000010789633800, 0x000001078962d800, 0x0000010789630000, 0x0000010789631000,
0x0000010789634000, 0x000001078962e800, 0x0000010789635800, 0x0000010789638000,
0x0000010789635000
}

Java Threads: ( => current thread )
  0x00000107e6692800 JavaThread "main" [_thread_blocked, id=13540, stack(0x00000001a4500000,0x00000001a4600000)]
  0x00000107822f8800 JavaThread "Reference Handler" daemon [_thread_blocked, id=6992, stack(0x00000001a4c00000,0x00000001a4d00000)]
  0x0000010782301800 JavaThread "Finalizer" daemon [_thread_blocked, id=12536, stack(0x00000001a4d00000,0x00000001a4e00000)]
  0x0000010782b6d800 JavaThread "Signal Dispatcher" daemon [_thread_blocked, id=1084, stack(0x00000001a4e00000,0x00000001a4f00000)]
  0x0000010782b70000 JavaThread "Attach Listener" daemon [_thread_blocked, id=13244, stack(0x00000001a4f00000,0x00000001a5000000)]
  0x0000010782b73000 JavaThread "Service Thread" daemon [_thread_blocked, id=16772, stack(0x00000001a5000000,0x00000001a5100000)]
  0x0000010782b74000 JavaThread "C2 CompilerThread0" daemon [_thread_in_native, id=3416, stack(0x00000001a5100000,0x00000001a5200000)]
  0x0000010782b88800 JavaThread "C1 CompilerThread0" daemon [_thread_blocked, id=1892, stack(0x00000001a5200000,0x00000001a5300000)]
  0x0000010782b89000 JavaThread "Sweeper thread" daemon [_thread_blocked, id=6792, stack(0x00000001a5300000,0x00000001a5400000)]
  0x0000010782cf3800 JavaThread "Common-Cleaner" daemon [_thread_blocked, id=300, stack(0x00000001a5400000,0x00000001a5500000)]
  0x0000010782f1e800 JavaThread "Daemon health stats" [_thread_blocked, id=5140, stack(0x00000001a5600000,0x00000001a5700000)]
  0x00000107854f4000 JavaThread "Incoming local TCP Connector on port 53163" [_thread_in_native, id=14036, stack(0x00000001a5c00000,0x00000001a5d00000)]
  0x0000010783b2e800 JavaThread "Daemon periodic checks" [_thread_blocked, id=13716, stack(0x00000001a5d00000,0x00000001a5e00000)]
  0x0000010784629800 JavaThread "Daemon" [_thread_blocked, id=5684, stack(0x00000001a5e00000,0x00000001a5f00000)]
  0x00000107851f4800 JavaThread "Handler for socket connection from /127.0.0.1:53163 to /127.0.0.1:53164" [_thread_in_native, id=10568, stack(0x00000001a5f00000,0x00000001a6000000)]
  0x0000010784d49000 JavaThread "Cancel handler" [_thread_blocked, id=1552, stack(0x00000001a6000000,0x00000001a6100000)]
  0x000001078399b000 JavaThread "Daemon worker" [_thread_blocked, id=5456, stack(0x00000001a6100000,0x00000001a6200000)]
  0x0000010784f9d800 JavaThread "Asynchronous log dispatcher for DefaultDaemonConnection: socket connection from /127.0.0.1:53163 to /127.0.0.1:53164" [_thread_blocked, id=14108, stack(0x00000001a6200000,0x00000001a6300000)]
  0x0000010784bf9800 JavaThread "Stdin handler" [_thread_blocked, id=15428, stack(0x00000001a6300000,0x00000001a6400000)]
  0x0000010784b5b000 JavaThread "Daemon client event forwarder" [_thread_blocked, id=12528, stack(0x00000001a6400000,0x00000001a6500000)]
=>0x000001078424d800 JavaThread "C2 CompilerThread1" daemon [_thread_in_native, id=17348, stack(0x00000001a6500000,0x00000001a6600000)]
  0x0000010784b57000 JavaThread "Cache worker for journal cache (C:\Users\user\.gradle\caches\journal-1)" [_thread_blocked, id=16476, stack(0x00000001a6600000,0x00000001a6700000)]
  0x0000010784b5b800 JavaThread "File lock request listener" [_thread_in_native, id=12544, stack(0x00000001a6700000,0x00000001a6800000)]
  0x0000010784b5c800 JavaThread "Cache worker for file hash cache (C:\Users\user\.gradle\caches\7.6.1\fileHashes)" [_thread_blocked, id=11720, stack(0x00000001a6e00000,0x00000001a6f00000)]
  0x0000010784b58800 JavaThread "File watcher server" daemon [_thread_in_native, id=12996, stack(0x00000001a7000000,0x00000001a7100000)]
  0x0000010784b57800 JavaThread "File watcher consumer" daemon [_thread_blocked, id=11868, stack(0x00000001a7100000,0x00000001a7200000)]
  0x0000010784b5d800 JavaThread "Cache worker for checksums cache (C:\Lab실\helloSpring\.gradle\7.6.1\checksums)" [_thread_blocked, id=16120, stack(0x00000001a7200000,0x00000001a7300000)]
  0x0000010784b59800 JavaThread "Cache worker for cache directory md-rule (C:\Users\user\.gradle\caches\7.6.1\md-rule)" [_thread_blocked, id=5208, stack(0x00000001a7300000,0x00000001a7400000)]
  0x0000010784b5a000 JavaThread "Cache worker for file content cache (C:\Users\user\.gradle\caches\7.6.1\fileContent)" [_thread_blocked, id=17084, stack(0x00000001a7400000,0x00000001a7500000)]
  0x00000107860a7000 JavaThread "Cache worker for file hash cache (C:\Lab실\helloSpring\.gradle\7.6.1\fileHashes)" [_thread_blocked, id=7500, stack(0x00000001a7500000,0x00000001a7600000)]
  0x00000107860a8000 JavaThread "Cache worker for cache directory md-supplier (C:\Users\user\.gradle\caches\7.6.1\md-supplier)" [_thread_blocked, id=9968, stack(0x00000001a7600000,0x00000001a7700000)]
  0x00000107860ac000 JavaThread "Cache worker for execution history cache (C:\Users\user\.gradle\caches\7.6.1\executionHistory)" [_thread_blocked, id=17368, stack(0x00000001a7700000,0x00000001a7800000)]
  0x00000107860ad000 JavaThread "jar transforms" [_thread_blocked, id=14020, stack(0x00000001a7800000,0x00000001a7900000)]
  0x00000107860aa800 JavaThread "jar transforms Thread 2" [_thread_blocked, id=2452, stack(0x00000001a7900000,0x00000001a7a00000)]
  0x00000107860a8800 JavaThread "jar transforms Thread 3" [_thread_blocked, id=16724, stack(0x00000001a7a00000,0x00000001a7b00000)]
  0x00000107860af800 JavaThread "jar transforms Thread 4" [_thread_blocked, id=4160, stack(0x00000001a7b00000,0x00000001a7c00000)]
  0x00000107860a9800 JavaThread "jar transforms Thread 5" [_thread_blocked, id=12060, stack(0x00000001a6f00000,0x00000001a7000000)]
  0x0000010787fb1000 JavaThread "C2 CompilerThread2" daemon [_thread_in_native, id=4948, stack(0x00000001a7c00000,0x00000001a7d00000)]
  0x00000107860b4000 JavaThread "jar transforms Thread 6" [_thread_blocked, id=3376, stack(0x00000001a7d00000,0x00000001a7e00000)]
  0x00000107860b5000 JavaThread "jar transforms Thread 7" [_thread_blocked, id=1912, stack(0x00000001a7e00000,0x00000001a7f00000)]
  0x00000107860b1000 JavaThread "jar transforms Thread 8" [_thread_blocked, id=9396, stack(0x00000001a7f00000,0x00000001a8000000)]
  0x00000107860b6000 JavaThread "jar transforms Thread 9" [_thread_blocked, id=11928, stack(0x00000001a8000000,0x00000001a8100000)]
  0x00000107860b1800 JavaThread "jar transforms Thread 10" [_thread_blocked, id=7744, stack(0x00000001a8100000,0x00000001a8200000)]
  0x00000107860b0000 JavaThread "jar transforms Thread 11" [_thread_blocked, id=16132, stack(0x00000001a8200000,0x00000001a8300000)]
  0x00000107860b2800 JavaThread "Cache worker for dependencies-accessors (C:\Lab실\helloSpring\.gradle\7.6.1\dependencies-accessors)" [_thread_blocked, id=10292, stack(0x00000001a8300000,0x00000001a8400000)]
  0x00000107860b3800 JavaThread "jar transforms Thread 12" [_thread_blocked, id=15024, stack(0x00000001a8400000,0x00000001a8500000)]
  0x000001078b853000 JavaThread "Cache worker for Build Output Cleanup Cache (C:\Lab실\helloSpring\.gradle\buildOutputCleanup)" [_thread_blocked, id=920, stack(0x00000001a8500000,0x00000001a8600000)]
  0x000001078b84d800 JavaThread "Unconstrained build operations" [_thread_blocked, id=2820, stack(0x00000001a8600000,0x00000001a8700000)]
  0x000001078b854000 JavaThread "Unconstrained build operations Thread 2" [_thread_blocked, id=10736, stack(0x00000001a8700000,0x00000001a8800000)]
  0x000001078b84e000 JavaThread "Unconstrained build operations Thread 3" [_thread_blocked, id=7584, stack(0x00000001a8800000,0x00000001a8900000)]
  0x000001078b84f000 JavaThread "Unconstrained build operations Thread 4" [_thread_blocked, id=2836, stack(0x00000001a8900000,0x00000001a8a00000)]
  0x000001078b84f800 JavaThread "Unconstrained build operations Thread 5" [_thread_blocked, id=3488, stack(0x00000001a8a00000,0x00000001a8b00000)]
  0x000001078b854800 JavaThread "Unconstrained build operations Thread 6" [_thread_blocked, id=7704, stack(0x00000001a8b00000,0x00000001a8c00000)]
  0x000001078b855800 JavaThread "Unconstrained build operations Thread 7" [_thread_blocked, id=9068, stack(0x00000001a8c00000,0x00000001a8d00000)]
  0x000001078b852000 JavaThread "Unconstrained build operations Thread 8" [_thread_blocked, id=13388, stack(0x00000001a8d00000,0x00000001a8e00000)]
  0x000001078b856800 JavaThread "Unconstrained build operations Thread 9" [_thread_blocked, id=14632, stack(0x00000001a8e00000,0x00000001a8f00000)]
  0x000001078b850800 JavaThread "Unconstrained build operations Thread 10" [_thread_blocked, id=16028, stack(0x00000001a8f00000,0x00000001a9000000)]
  0x000001078b851800 JavaThread "Unconstrained build operations Thread 11" [_thread_blocked, id=4524, stack(0x00000001a9000000,0x00000001a9100000)]
  0x000001078b858000 JavaThread "Unconstrained build operations Thread 12" [_thread_blocked, id=12696, stack(0x00000001a9100000,0x00000001a9200000)]
  0x000001078b85a800 JavaThread "Unconstrained build operations Thread 13" [_thread_blocked, id=13616, stack(0x00000001a9200000,0x00000001a9300000)]
  0x000001078b85b000 JavaThread "Unconstrained build operations Thread 14" [_thread_blocked, id=10508, stack(0x00000001a9300000,0x00000001a9400000)]
  0x000001078b857000 JavaThread "Unconstrained build operations Thread 15" [_thread_blocked, id=3028, stack(0x00000001a9400000,0x00000001a9500000)]
  0x000001078b858800 JavaThread "Unconstrained build operations Thread 16" [_thread_blocked, id=9420, stack(0x00000001a9500000,0x00000001a9600000)]
  0x000001078b859800 JavaThread "Unconstrained build operations Thread 17" [_thread_blocked, id=4864, stack(0x00000001a9600000,0x00000001a9700000)]
  0x000001078b85c000 JavaThread "Unconstrained build operations Thread 18" [_thread_blocked, id=13292, stack(0x00000001a9700000,0x00000001a9800000)]
  0x00000107868a7000 JavaThread "Memory manager" [_thread_blocked, id=2832, stack(0x00000001a9800000,0x00000001a9900000)]
  0x00000107868a5000 JavaThread "included builds" [_thread_in_native, id=10036, stack(0x00000001a9b00000,0x00000001a9c00000)]
  0x00000107868a7800 JavaThread "Execution worker" [_thread_blocked, id=1676, stack(0x00000001a9c00000,0x00000001a9d00000)]
  0x00000107868ab800 JavaThread "Execution worker Thread 2" [_thread_blocked, id=12552, stack(0x00000001a9d00000,0x00000001a9e00000)]
  0x00000107868a6000 JavaThread "Execution worker Thread 3" [_thread_blocked, id=12628, stack(0x00000001a9e00000,0x00000001a9f00000)]
  0x00000107868ac800 JavaThread "Execution worker Thread 4" [_thread_blocked, id=6736, stack(0x00000001a9f00000,0x00000001aa000000)]
  0x00000107868a9800 JavaThread "Execution worker Thread 5" [_thread_blocked, id=12828, stack(0x00000001aa000000,0x00000001aa100000)]
  0x00000107868ad800 JavaThread "Execution worker Thread 6" [_thread_blocked, id=14460, stack(0x00000001aa100000,0x00000001aa200000)]
  0x00000107868aa000 JavaThread "Execution worker Thread 7" [_thread_blocked, id=15760, stack(0x00000001aa200000,0x00000001aa300000)]
  0x00000107868ab000 JavaThread "Execution worker Thread 8" [_thread_blocked, id=15136, stack(0x00000001aa300000,0x00000001aa400000)]
  0x00000107868ae000 JavaThread "Execution worker Thread 9" [_thread_blocked, id=8096, stack(0x00000001aa400000,0x00000001aa500000)]
  0x00000107868a8800 JavaThread "Execution worker Thread 10" [_thread_blocked, id=3472, stack(0x00000001aa500000,0x00000001aa600000)]
  0x00000107868b2800 JavaThread "Execution worker Thread 11" [_thread_blocked, id=1436, stack(0x00000001aa600000,0x00000001aa700000)]
  0x00000107868b3000 JavaThread "Cache worker for execution history cache (C:\Lab실\helloSpring\.gradle\7.6.1\executionHistory)" [_thread_blocked, id=14444, stack(0x00000001aa700000,0x00000001aa800000)]
  0x00000107868af000 JavaThread "Unconstrained build operations Thread 19" [_thread_blocked, id=2792, stack(0x00000001aa800000,0x00000001aa900000)]
  0x00000107868b0800 JavaThread "Unconstrained build operations Thread 20" [_thread_blocked, id=1440, stack(0x00000001aa900000,0x00000001aaa00000)]
  0x00000107868b0000 JavaThread "Unconstrained build operations Thread 21" [_thread_blocked, id=12444, stack(0x00000001aaa00000,0x00000001aab00000)]
  0x00000107868b4000 JavaThread "Unconstrained build operations Thread 22" [_thread_blocked, id=16424, stack(0x00000001aab00000,0x00000001aac00000)]
  0x00000107868b1800 JavaThread "Unconstrained build operations Thread 23" [_thread_blocked, id=4260, stack(0x00000001aac00000,0x00000001aad00000)]
  0x0000010786628800 JavaThread "Unconstrained build operations Thread 24" [_thread_blocked, id=2240, stack(0x00000001aad00000,0x00000001aae00000)]
  0x0000010786627800 JavaThread "Unconstrained build operations Thread 25" [_thread_blocked, id=15356, stack(0x00000001aae00000,0x00000001aaf00000)]
  0x0000010786629800 JavaThread "Unconstrained build operations Thread 26" [_thread_blocked, id=3840, stack(0x00000001aaf00000,0x00000001ab000000)]
  0x000001078662a000 JavaThread "Unconstrained build operations Thread 27" [_thread_blocked, id=7264, stack(0x00000001ab000000,0x00000001ab100000)]
  0x0000010786627000 JavaThread "Unconstrained build operations Thread 28" [_thread_blocked, id=14328, stack(0x00000001ab100000,0x00000001ab200000)]
  0x000001078662b000 JavaThread "Unconstrained build operations Thread 29" [_thread_blocked, id=1780, stack(0x00000001ab200000,0x00000001ab300000)]
  0x0000010786625800 JavaThread "Unconstrained build operations Thread 30" [_thread_blocked, id=14736, stack(0x00000001ab300000,0x00000001ab400000)]
  0x000001078662c000 JavaThread "Unconstrained build operations Thread 31" [_thread_blocked, id=7588, stack(0x00000001ab400000,0x00000001ab500000)]
  0x0000010786626000 JavaThread "Unconstrained build operations Thread 32" [_thread_blocked, id=8624, stack(0x00000001ab500000,0x00000001ab600000)]
  0x000001078662e800 JavaThread "Unconstrained build operations Thread 33" [_thread_blocked, id=264, stack(0x00000001ab600000,0x00000001ab700000)]
  0x000001078662f000 JavaThread "Unconstrained build operations Thread 34" [_thread_blocked, id=17276, stack(0x00000001ab700000,0x00000001ab800000)]
  0x0000010786630000 JavaThread "Unconstrained build operations Thread 35" [_thread_blocked, id=7700, stack(0x00000001ab800000,0x00000001ab900000)]
  0x0000010786630800 JavaThread "Unconstrained build operations Thread 36" [_thread_blocked, id=13340, stack(0x00000001ab900000,0x00000001aba00000)]
  0x0000010786631800 JavaThread "Unconstrained build operations Thread 37" [_thread_blocked, id=12188, stack(0x00000001aba00000,0x00000001abb00000)]
  0x0000010786632800 JavaThread "Unconstrained build operations Thread 38" [_thread_blocked, id=2320, stack(0x00000001abb00000,0x00000001abc00000)]
  0x000001078662c800 JavaThread "Unconstrained build operations Thread 39" [_thread_blocked, id=7656, stack(0x00000001abc00000,0x00000001abd00000)]
  0x0000010786633000 JavaThread "Unconstrained build operations Thread 40" [_thread_blocked, id=4924, stack(0x00000001abd00000,0x00000001abe00000)]
  0x000001078662d800 JavaThread "Unconstrained build operations Thread 41" [_thread_blocked, id=1224, stack(0x00000001abe00000,0x00000001abf00000)]
  0x0000010786634000 JavaThread "Unconstrained build operations Thread 42" [_thread_blocked, id=2276, stack(0x00000001abf00000,0x00000001ac000000)]
  0x0000010783ad2000 JavaThread "Unconstrained build operations Thread 43" [_thread_blocked, id=9392, stack(0x00000001ac000000,0x00000001ac100000)]
  0x0000010783ad8000 JavaThread "Unconstrained build operations Thread 44" [_thread_blocked, id=10480, stack(0x00000001ac100000,0x00000001ac200000)]
  0x0000010783ad4000 JavaThread "Unconstrained build operations Thread 45" [_thread_blocked, id=12340, stack(0x00000001ac200000,0x00000001ac300000)]
  0x0000010783ad7000 JavaThread "Unconstrained build operations Thread 46" [_thread_blocked, id=6332, stack(0x00000001ac300000,0x00000001ac400000)]
  0x0000010783ad4800 JavaThread "Unconstrained build operations Thread 47" [_thread_blocked, id=14288, stack(0x00000001ac400000,0x00000001ac500000)]
  0x0000010783ad9000 JavaThread "Unconstrained build operations Thread 48" [_thread_blocked, id=2496, stack(0x00000001ac500000,0x00000001ac600000)]
  0x0000010783ad5800 JavaThread "Unconstrained build operations Thread 49" [_thread_blocked, id=15980, stack(0x00000001ac600000,0x00000001ac700000)]
  0x0000010783ad3000 JavaThread "Unconstrained build operations Thread 50" [_thread_blocked, id=4048, stack(0x00000001ac700000,0x00000001ac800000)]
  0x0000010783adb000 JavaThread "Unconstrained build operations Thread 51" [_thread_blocked, id=14556, stack(0x00000001ac800000,0x00000001ac900000)]
  0x0000010783ad9800 JavaThread "Unconstrained build operations Thread 52" [_thread_blocked, id=16248, stack(0x00000001ac900000,0x00000001aca00000)]
  0x0000010783ada800 JavaThread "Unconstrained build operations Thread 53" [_thread_blocked, id=12700, stack(0x00000001aca00000,0x00000001acb00000)]
  0x0000010783adc000 JavaThread "Unconstrained build operations Thread 54" [_thread_blocked, id=16740, stack(0x00000001acb00000,0x00000001acc00000)]
  0x0000010783ad6800 JavaThread "Unconstrained build operations Thread 55" [_thread_blocked, id=10708, stack(0x00000001acc00000,0x00000001acd00000)]
  0x0000010783add800 JavaThread "Unconstrained build operations Thread 56" [_thread_blocked, id=1484, stack(0x00000001acd00000,0x00000001ace00000)]
  0x0000010783ade800 JavaThread "Unconstrained build operations Thread 57" [_thread_blocked, id=7580, stack(0x00000001ace00000,0x00000001acf00000)]
  0x0000010783add000 JavaThread "Unconstrained build operations Thread 58" [_thread_blocked, id=4432, stack(0x00000001acf00000,0x00000001ad000000)]
  0x0000010783ae0000 JavaThread "Unconstrained build operations Thread 59" [_thread_blocked, id=6924, stack(0x00000001ad000000,0x00000001ad100000)]
  0x0000010783adf800 JavaThread "Unconstrained build operations Thread 60" [_thread_blocked, id=8892, stack(0x00000001ad100000,0x00000001ad200000)]
  0x0000010783ae1000 JavaThread "Unconstrained build operations Thread 61" [_thread_blocked, id=16080, stack(0x00000001ad200000,0x00000001ad300000)]
  0x000001078962b000 JavaThread "Unconstrained build operations Thread 62" [_thread_blocked, id=12360, stack(0x00000001ad300000,0x00000001ad400000)]
  0x000001078962f000 JavaThread "Unconstrained build operations Thread 63" [_thread_blocked, id=13948, stack(0x00000001ad400000,0x00000001ad500000)]
  0x000001078962d000 JavaThread "Cache worker for Java compile cache (C:\Users\user\.gradle\caches\7.6.1\javaCompile)" [_thread_blocked, id=12932, stack(0x00000001ad500000,0x00000001ad600000)]
  0x0000010789631800 JavaThread "Build operations" [_thread_blocked, id=16668, stack(0x00000001ad600000,0x00000001ad700000)]
  0x000001078962c000 JavaThread "Build operations Thread 2" [_thread_blocked, id=8344, stack(0x00000001ad700000,0x00000001ad800000)]
  0x0000010789632800 JavaThread "Build operations Thread 3" [_thread_blocked, id=12420, stack(0x00000001ad800000,0x00000001ad900000)]
  0x0000010789633800 JavaThread "Build operations Thread 4" [_thread_blocked, id=4164, stack(0x00000001ad900000,0x00000001ada00000)]
  0x000001078962d800 JavaThread "Build operations Thread 5" [_thread_blocked, id=752, stack(0x00000001ada00000,0x00000001adb00000)]
  0x0000010789630000 JavaThread "Build operations Thread 6" [_thread_blocked, id=13944, stack(0x00000001adb00000,0x00000001adc00000)]
  0x0000010789631000 JavaThread "Build operations Thread 7" [_thread_blocked, id=14428, stack(0x00000001adc00000,0x00000001add00000)]
  0x0000010789634000 JavaThread "Build operations Thread 8" [_thread_blocked, id=12804, stack(0x00000001add00000,0x00000001ade00000)]
  0x000001078962e800 JavaThread "Build operations Thread 9" [_thread_blocked, id=7724, stack(0x00000001ade00000,0x00000001adf00000)]
  0x0000010789635800 JavaThread "Build operations Thread 10" [_thread_blocked, id=2272, stack(0x00000001adf00000,0x00000001ae000000)]
  0x0000010789638000 JavaThread "Build operations Thread 11" [_thread_blocked, id=808, stack(0x00000001ae000000,0x00000001ae100000)]
  0x0000010789635000 JavaThread "Build operations Thread 12" [_thread_blocked, id=7156, stack(0x00000001ae100000,0x00000001ae200000)]

Other Threads:
  0x00000107822d1800 VMThread "VM Thread" [stack: 0x00000001a4b00000,0x00000001a4c00000] [id=15720]
  0x0000010782cff000 WatcherThread [stack: 0x00000001a5500000,0x00000001a5600000] [id=15252]
  0x00000107e66ab800 GCTaskThread "GC Thread#0" [stack: 0x00000001a4600000,0x00000001a4700000] [id=17164]
  0x0000010783795000 GCTaskThread "GC Thread#1" [stack: 0x00000001a5700000,0x00000001a5800000] [id=5268]
  0x0000010783950800 GCTaskThread "GC Thread#2" [stack: 0x00000001a5800000,0x00000001a5900000] [id=8908]
  0x000001078375f800 GCTaskThread "GC Thread#3" [stack: 0x00000001a5900000,0x00000001a5a00000] [id=12880]
  0x0000010782fd2800 GCTaskThread "GC Thread#4" [stack: 0x00000001a5a00000,0x00000001a5b00000] [id=4108]
  0x0000010783593800 GCTaskThread "GC Thread#5" [stack: 0x00000001a5b00000,0x00000001a5c00000] [id=32]
  0x0000010785633800 GCTaskThread "GC Thread#6" [stack: 0x00000001a6800000,0x00000001a6900000] [id=1724]
  0x0000010785884800 GCTaskThread "GC Thread#7" [stack: 0x00000001a6900000,0x00000001a6a00000] [id=10008]
  0x00000107852fc800 GCTaskThread "GC Thread#8" [stack: 0x00000001a6a00000,0x00000001a6b00000] [id=9092]
  0x0000010785218000 GCTaskThread "GC Thread#9" [stack: 0x00000001a6b00000,0x00000001a6c00000] [id=14628]
  0x00000107e66bf800 ConcurrentGCThread "G1 Main Marker" [stack: 0x00000001a4700000,0x00000001a4800000] [id=16944]
  0x00000107e66c0800 ConcurrentGCThread "G1 Conc#0" [stack: 0x00000001a4800000,0x00000001a4900000] [id=13472]
  0x0000010785fdc000 ConcurrentGCThread "G1 Conc#1" [stack: 0x00000001a6c00000,0x00000001a6d00000] [id=5504]
  0x0000010783782800 ConcurrentGCThread "G1 Conc#2" [stack: 0x00000001a6d00000,0x00000001a6e00000] [id=16088]
  0x00000107e676d800 ConcurrentGCThread "G1 Refine#0" [stack: 0x00000001a4900000,0x00000001a4a00000] [id=6512]
  0x00000107843b1800 ConcurrentGCThread "G1 Refine#1" [stack: 0x00000001a9900000,0x00000001a9a00000] [id=3500]
  0x0000010785576000 ConcurrentGCThread "G1 Refine#2" [stack: 0x00000001a9a00000,0x00000001a9b00000] [id=12676]
  0x00000107e676e800 ConcurrentGCThread "G1 Young RemSet Sampling" [stack: 0x00000001a4a00000,0x00000001a4b00000] [id=9732]

Threads with active compile tasks:
C2 CompilerThread0     8772 9573       4       jdk.nio.zipfs.ZipFileSystem::getEntry (38 bytes)
C2 CompilerThread1     8773 9458   !   4       java.util.jar.Attributes::read (354 bytes)
C2 CompilerThread2     8773 9574       4       jdk.nio.zipfs.ZipFileSystemProvider::readAttributes (22 bytes)

VM state:not at safepoint (normal execution)

VM Mutex/Monitor currently owned by a thread: None

Heap address: 0x00000000e0000000, size: 512 MB, Compressed Oops mode: 32-bit
Narrow klass base: 0x0000000000000000, Narrow klass shift: 3
Compressed class space size: 260046848 Address: 0x0000000100000000

Heap:
 garbage-first heap   total 262144K, used 78848K [0x00000000e0000000, 0x0000000100000000)
  region size 1024K, 20 young (20480K), 8 survivors (8192K)
 Metaspace       used 75010K, capacity 77530K, committed 77672K, reserved 321536K
  class space    used 9745K, capacity 10682K, committed 10752K, reserved 253952K
Heap Regions: E=young(eden), S=young(survivor), O=old, HS=humongous(starts), HC=humongous(continues), CS=collection set, F=free, A=archive, TAMS=top-at-mark-start (previous, next)
|   0|0x00000000e0000000, 0x00000000e0100000, 0x00000000e0100000|100%|HS|  |TAMS 0x00000000e0100000, 0x00000000e0000000| Complete 
|   1|0x00000000e0100000, 0x00000000e0200000, 0x00000000e0200000|100%|HC|  |TAMS 0x00000000e0200000, 0x00000000e0100000| Complete 
|   2|0x00000000e0200000, 0x00000000e0300000, 0x00000000e0300000|100%|HC|  |TAMS 0x00000000e0300000, 0x00000000e0200000| Complete 
|   3|0x00000000e0300000, 0x00000000e0400000, 0x00000000e0400000|100%| O|  |TAMS 0x00000000e0400000, 0x00000000e0300000| Untracked 
|   4|0x00000000e0400000, 0x00000000e0500000, 0x00000000e0500000|100%| O|  |TAMS 0x00000000e0500000, 0x00000000e0400000| Untracked 
|   5|0x00000000e0500000, 0x00000000e0600000, 0x00000000e0600000|100%| O|  |TAMS 0x00000000e0600000, 0x00000000e0500000| Untracked 
|   6|0x00000000e0600000, 0x00000000e0700000, 0x00000000e0700000|100%| O|  |TAMS 0x00000000e0700000, 0x00000000e0600000| Untracked 
|   7|0x00000000e0700000, 0x00000000e0800000, 0x00000000e0800000|100%| O|  |TAMS 0x00000000e0800000, 0x00000000e0700000| Untracked 
|   8|0x00000000e0800000, 0x00000000e0900000, 0x00000000e0900000|100%| O|  |TAMS 0x00000000e0900000, 0x00000000e0800000| Untracked 
|   9|0x00000000e0900000, 0x00000000e0a00000, 0x00000000e0a00000|100%| O|  |TAMS 0x00000000e0a00000, 0x00000000e0900000| Untracked 
|  10|0x00000000e0a00000, 0x00000000e0b00000, 0x00000000e0b00000|100%| O|  |TAMS 0x00000000e0b00000, 0x00000000e0a00000| Untracked 
|  11|0x00000000e0b00000, 0x00000000e0c00000, 0x00000000e0c00000|100%| O|  |TAMS 0x00000000e0c00000, 0x00000000e0b00000| Untracked 
|  12|0x00000000e0c00000, 0x00000000e0d00000, 0x00000000e0d00000|100%| O|  |TAMS 0x00000000e0d00000, 0x00000000e0c00000| Untracked 
|  13|0x00000000e0d00000, 0x00000000e0e00000, 0x00000000e0e00000|100%| O|  |TAMS 0x00000000e0e00000, 0x00000000e0d00000| Untracked 
|  14|0x00000000e0e00000, 0x00000000e0f00000, 0x00000000e0f00000|100%| O|  |TAMS 0x00000000e0f00000, 0x00000000e0e00000| Untracked 
|  15|0x00000000e0f00000, 0x00000000e1000000, 0x00000000e1000000|100%| O|  |TAMS 0x00000000e1000000, 0x00000000e0f00000| Untracked 
|  16|0x00000000e1000000, 0x00000000e1100000, 0x00000000e1100000|100%| O|  |TAMS 0x00000000e1100000, 0x00000000e1000000| Untracked 
|  17|0x00000000e1100000, 0x00000000e1200000, 0x00000000e1200000|100%| O|  |TAMS 0x00000000e1200000, 0x00000000e1100000| Untracked 
|  18|0x00000000e1200000, 0x00000000e1300000, 0x00000000e1300000|100%| O|  |TAMS 0x00000000e1300000, 0x00000000e1200000| Untracked 
|  19|0x00000000e1300000, 0x00000000e1400000, 0x00000000e1400000|100%| O|  |TAMS 0x00000000e1400000, 0x00000000e1300000| Untracked 
|  20|0x00000000e1400000, 0x00000000e1500000, 0x00000000e1500000|100%| O|  |TAMS 0x00000000e1500000, 0x00000000e1400000| Untracked 
|  21|0x00000000e1500000, 0x00000000e1600000, 0x00000000e1600000|100%| O|  |TAMS 0x00000000e1600000, 0x00000000e1500000| Untracked 
|  22|0x00000000e1600000, 0x00000000e1700000, 0x00000000e1700000|100%|HS|  |TAMS 0x00000000e1700000, 0x00000000e1600000| Complete 
|  23|0x00000000e1700000, 0x00000000e1800000, 0x00000000e1800000|100%| O|  |TAMS 0x00000000e1800000, 0x00000000e1700000| Untracked 
|  24|0x00000000e1800000, 0x00000000e1900000, 0x00000000e1900000|100%| O|  |TAMS 0x00000000e1900000, 0x00000000e1800000| Untracked 
|  25|0x00000000e1900000, 0x00000000e1a00000, 0x00000000e1a00000|100%| O|  |TAMS 0x00000000e1a00000, 0x00000000e1900000| Untracked 
|  26|0x00000000e1a00000, 0x00000000e1b00000, 0x00000000e1b00000|100%| O|  |TAMS 0x00000000e1b00000, 0x00000000e1a00000| Untracked 
|  27|0x00000000e1b00000, 0x00000000e1c00000, 0x00000000e1c00000|100%| O|  |TAMS 0x00000000e1c00000, 0x00000000e1b00000| Untracked 
|  28|0x00000000e1c00000, 0x00000000e1d00000, 0x00000000e1d00000|100%| O|  |TAMS 0x00000000e1d00000, 0x00000000e1c00000| Untracked 
|  29|0x00000000e1d00000, 0x00000000e1e00000, 0x00000000e1e00000|100%| O|  |TAMS 0x00000000e1e00000, 0x00000000e1d00000| Untracked 
|  30|0x00000000e1e00000, 0x00000000e1f00000, 0x00000000e1f00000|100%| O|  |TAMS 0x00000000e1f00000, 0x00000000e1e00000| Untracked 
|  31|0x00000000e1f00000, 0x00000000e2000000, 0x00000000e2000000|100%| O|  |TAMS 0x00000000e2000000, 0x00000000e1f00000| Untracked 
|  32|0x00000000e2000000, 0x00000000e2100000, 0x00000000e2100000|100%| O|  |TAMS 0x00000000e2100000, 0x00000000e2000000| Untracked 
|  33|0x00000000e2100000, 0x00000000e2200000, 0x00000000e2200000|100%| O|  |TAMS 0x00000000e2200000, 0x00000000e2100000| Untracked 
|  34|0x00000000e2200000, 0x00000000e2300000, 0x00000000e2300000|100%| O|  |TAMS 0x00000000e2300000, 0x00000000e2200000| Untracked 
|  35|0x00000000e2300000, 0x00000000e2400000, 0x00000000e2400000|100%| O|  |TAMS 0x00000000e2400000, 0x00000000e2300000| Untracked 
|  36|0x00000000e2400000, 0x00000000e2500000, 0x00000000e2500000|100%| O|  |TAMS 0x00000000e2500000, 0x00000000e2400000| Untracked 
|  37|0x00000000e2500000, 0x00000000e2600000, 0x00000000e2600000|100%| O|  |TAMS 0x00000000e2600000, 0x00000000e2500000| Untracked 
|  38|0x00000000e2600000, 0x00000000e2700000, 0x00000000e2700000|100%| O|  |TAMS 0x00000000e2700000, 0x00000000e2600000| Untracked 
|  39|0x00000000e2700000, 0x00000000e2800000, 0x00000000e2800000|100%| O|  |TAMS 0x00000000e2800000, 0x00000000e2700000| Untracked 
|  40|0x00000000e2800000, 0x00000000e2900000, 0x00000000e2900000|100%| O|  |TAMS 0x00000000e2900000, 0x00000000e2800000| Untracked 
|  41|0x00000000e2900000, 0x00000000e2a00000, 0x00000000e2a00000|100%| O|  |TAMS 0x00000000e2a00000, 0x00000000e2900000| Untracked 
|  42|0x00000000e2a00000, 0x00000000e2b00000, 0x00000000e2b00000|100%| O|  |TAMS 0x00000000e2b00000, 0x00000000e2a00000| Untracked 
|  43|0x00000000e2b00000, 0x00000000e2c00000, 0x00000000e2c00000|100%| O|  |TAMS 0x00000000e2c00000, 0x00000000e2b00000| Untracked 
|  44|0x00000000e2c00000, 0x00000000e2d00000, 0x00000000e2d00000|100%| O|  |TAMS 0x00000000e2d00000, 0x00000000e2c00000| Untracked 
|  45|0x00000000e2d00000, 0x00000000e2e00000, 0x00000000e2e00000|100%| O|  |TAMS 0x00000000e2e00000, 0x00000000e2d00000| Untracked 
|  46|0x00000000e2e00000, 0x00000000e2f00000, 0x00000000e2f00000|100%| O|  |TAMS 0x00000000e2f00000, 0x00000000e2e00000| Untracked 
|  47|0x00000000e2f00000, 0x00000000e3000000, 0x00000000e3000000|100%| O|  |TAMS 0x00000000e3000000, 0x00000000e2f00000| Untracked 
|  48|0x00000000e3000000, 0x00000000e3100000, 0x00000000e3100000|100%| O|  |TAMS 0x00000000e3100000, 0x00000000e3000000| Untracked 
|  49|0x00000000e3100000, 0x00000000e3200000, 0x00000000e3200000|100%| O|  |TAMS 0x00000000e3200000, 0x00000000e3100000| Untracked 
|  50|0x00000000e3200000, 0x00000000e3300000, 0x00000000e3300000|100%| O|  |TAMS 0x00000000e3300000, 0x00000000e3200000| Untracked 
|  51|0x00000000e3300000, 0x00000000e3400000, 0x00000000e3400000|100%| O|  |TAMS 0x00000000e3400000, 0x00000000e3300000| Untracked 
|  52|0x00000000e3400000, 0x00000000e3500000, 0x00000000e3500000|100%| O|  |TAMS 0x00000000e3500000, 0x00000000e3400000| Untracked 
|  53|0x00000000e3500000, 0x00000000e3600000, 0x00000000e3600000|100%| O|  |TAMS 0x00000000e3600000, 0x00000000e3500000| Untracked 
|  54|0x00000000e3600000, 0x00000000e3700000, 0x00000000e3700000|100%| O|  |TAMS 0x00000000e3700000, 0x00000000e3600000| Untracked 
|  55|0x00000000e3700000, 0x00000000e3800000, 0x00000000e3800000|100%| O|  |TAMS 0x00000000e3800000, 0x00000000e3700000| Untracked 
|  56|0x00000000e3800000, 0x00000000e3900000, 0x00000000e3900000|100%| O|  |TAMS 0x00000000e3900000, 0x00000000e3800000| Untracked 
|  57|0x00000000e3900000, 0x00000000e3a00000, 0x00000000e3a00000|100%| O|  |TAMS 0x00000000e3a00000, 0x00000000e3900000| Untracked 
|  58|0x00000000e3a00000, 0x00000000e3a00000, 0x00000000e3b00000|  0%| F|  |TAMS 0x00000000e3a00000, 0x00000000e3a00000| Untracked 
|  59|0x00000000e3b00000, 0x00000000e3b00000, 0x00000000e3c00000|  0%| F|  |TAMS 0x00000000e3b00000, 0x00000000e3b00000| Untracked 
|  60|0x00000000e3c00000, 0x00000000e3c00000, 0x00000000e3d00000|  0%| F|  |TAMS 0x00000000e3c00000, 0x00000000e3c00000| Untracked 
|  61|0x00000000e3d00000, 0x00000000e3d00000, 0x00000000e3e00000|  0%| F|  |TAMS 0x00000000e3d00000, 0x00000000e3d00000| Untracked 
|  62|0x00000000e3e00000, 0x00000000e3e00000, 0x00000000e3f00000|  0%| F|  |TAMS 0x00000000e3e00000, 0x00000000e3e00000| Untracked 
|  63|0x00000000e3f00000, 0x00000000e3f00000, 0x00000000e4000000|  0%| F|  |TAMS 0x00000000e3f00000, 0x00000000e3f00000| Untracked 
|  64|0x00000000e4000000, 0x00000000e4000000, 0x00000000e4100000|  0%| F|  |TAMS 0x00000000e4000000, 0x00000000e4000000| Untracked 
|  65|0x00000000e4100000, 0x00000000e4100000, 0x00000000e4200000|  0%| F|  |TAMS 0x00000000e4100000, 0x00000000e4100000| Untracked 
|  66|0x00000000e4200000, 0x00000000e4200000, 0x00000000e4300000|  0%| F|  |TAMS 0x00000000e4200000, 0x00000000e4200000| Untracked 
|  67|0x00000000e4300000, 0x00000000e4300000, 0x00000000e4400000|  0%| F|  |TAMS 0x00000000e4300000, 0x00000000e4300000| Untracked 
|  68|0x00000000e4400000, 0x00000000e4400000, 0x00000000e4500000|  0%| F|  |TAMS 0x00000000e4400000, 0x00000000e4400000| Untracked 
|  69|0x00000000e4500000, 0x00000000e4500000, 0x00000000e4600000|  0%| F|  |TAMS 0x00000000e4500000, 0x00000000e4500000| Untracked 
|  70|0x00000000e4600000, 0x00000000e4600000, 0x00000000e4700000|  0%| F|  |TAMS 0x00000000e4600000, 0x00000000e4600000| Untracked 
|  71|0x00000000e4700000, 0x00000000e4700000, 0x00000000e4800000|  0%| F|  |TAMS 0x00000000e4700000, 0x00000000e4700000| Untracked 
|  72|0x00000000e4800000, 0x00000000e4800000, 0x00000000e4900000|  0%| F|  |TAMS 0x00000000e4800000, 0x00000000e4800000| Untracked 
|  73|0x00000000e4900000, 0x00000000e4900000, 0x00000000e4a00000|  0%| F|  |TAMS 0x00000000e4900000, 0x00000000e4900000| Untracked 
|  74|0x00000000e4a00000, 0x00000000e4a00000, 0x00000000e4b00000|  0%| F|  |TAMS 0x00000000e4a00000, 0x00000000e4a00000| Untracked 
|  75|0x00000000e4b00000, 0x00000000e4b00000, 0x00000000e4c00000|  0%| F|  |TAMS 0x00000000e4b00000, 0x00000000e4b00000| Untracked 
|  76|0x00000000e4c00000, 0x00000000e4c00000, 0x00000000e4d00000|  0%| F|  |TAMS 0x00000000e4c00000, 0x00000000e4c00000| Untracked 
|  77|0x00000000e4d00000, 0x00000000e4d00000, 0x00000000e4e00000|  0%| F|  |TAMS 0x00000000e4d00000, 0x00000000e4d00000| Untracked 
|  78|0x00000000e4e00000, 0x00000000e4e00000, 0x00000000e4f00000|  0%| F|  |TAMS 0x00000000e4e00000, 0x00000000e4e00000| Untracked 
|  79|0x00000000e4f00000, 0x00000000e4f00000, 0x00000000e5000000|  0%| F|  |TAMS 0x00000000e4f00000, 0x00000000e4f00000| Untracked 
|  80|0x00000000e5000000, 0x00000000e5000000, 0x00000000e5100000|  0%| F|  |TAMS 0x00000000e5000000, 0x00000000e5000000| Untracked 
|  81|0x00000000e5100000, 0x00000000e5100000, 0x00000000e5200000|  0%| F|  |TAMS 0x00000000e5100000, 0x00000000e5100000| Untracked 
|  82|0x00000000e5200000, 0x00000000e5200000, 0x00000000e5300000|  0%| F|  |TAMS 0x00000000e5200000, 0x00000000e5200000| Untracked 
|  83|0x00000000e5300000, 0x00000000e5300000, 0x00000000e5400000|  0%| F|  |TAMS 0x00000000e5300000, 0x00000000e5300000| Untracked 
|  84|0x00000000e5400000, 0x00000000e5400000, 0x00000000e5500000|  0%| F|  |TAMS 0x00000000e5400000, 0x00000000e5400000| Untracked 
|  85|0x00000000e5500000, 0x00000000e5500000, 0x00000000e5600000|  0%| F|  |TAMS 0x00000000e5500000, 0x00000000e5500000| Untracked 
|  86|0x00000000e5600000, 0x00000000e5600000, 0x00000000e5700000|  0%| F|  |TAMS 0x00000000e5600000, 0x00000000e5600000| Untracked 
|  87|0x00000000e5700000, 0x00000000e5700000, 0x00000000e5800000|  0%| F|  |TAMS 0x00000000e5700000, 0x00000000e5700000| Untracked 
|  88|0x00000000e5800000, 0x00000000e5800000, 0x00000000e5900000|  0%| F|  |TAMS 0x00000000e5800000, 0x00000000e5800000| Untracked 
|  89|0x00000000e5900000, 0x00000000e5900000, 0x00000000e5a00000|  0%| F|  |TAMS 0x00000000e5900000, 0x00000000e5900000| Untracked 
|  90|0x00000000e5a00000, 0x00000000e5a00000, 0x00000000e5b00000|  0%| F|  |TAMS 0x00000000e5a00000, 0x00000000e5a00000| Untracked 
|  91|0x00000000e5b00000, 0x00000000e5b00000, 0x00000000e5c00000|  0%| F|  |TAMS 0x00000000e5b00000, 0x00000000e5b00000| Untracked 
|  92|0x00000000e5c00000, 0x00000000e5c00000, 0x00000000e5d00000|  0%| F|  |TAMS 0x00000000e5c00000, 0x00000000e5c00000| Untracked 
|  93|0x00000000e5d00000, 0x00000000e5d00000, 0x00000000e5e00000|  0%| F|  |TAMS 0x00000000e5d00000, 0x00000000e5d00000| Untracked 
|  94|0x00000000e5e00000, 0x00000000e5e00000, 0x00000000e5f00000|  0%| F|  |TAMS 0x00000000e5e00000, 0x00000000e5e00000| Untracked 
|  95|0x00000000e5f00000, 0x00000000e5f00000, 0x00000000e6000000|  0%| F|  |TAMS 0x00000000e5f00000, 0x00000000e5f00000| Untracked 
|  96|0x00000000e6000000, 0x00000000e6000000, 0x00000000e6100000|  0%| F|  |TAMS 0x00000000e6000000, 0x00000000e6000000| Untracked 
|  97|0x00000000e6100000, 0x00000000e6100000, 0x00000000e6200000|  0%| F|  |TAMS 0x00000000e6100000, 0x00000000e6100000| Untracked 
|  98|0x00000000e6200000, 0x00000000e6200000, 0x00000000e6300000|  0%| F|  |TAMS 0x00000000e6200000, 0x00000000e6200000| Untracked 
|  99|0x00000000e6300000, 0x00000000e6300000, 0x00000000e6400000|  0%| F|  |TAMS 0x00000000e6300000, 0x00000000e6300000| Untracked 
| 100|0x00000000e6400000, 0x00000000e6400000, 0x00000000e6500000|  0%| F|  |TAMS 0x00000000e6400000, 0x00000000e6400000| Untracked 
| 101|0x00000000e6500000, 0x00000000e6500000, 0x00000000e6600000|  0%| F|  |TAMS 0x00000000e6500000, 0x00000000e6500000| Untracked 
| 102|0x00000000e6600000, 0x00000000e6600000, 0x00000000e6700000|  0%| F|  |TAMS 0x00000000e6600000, 0x00000000e6600000| Untracked 
| 103|0x00000000e6700000, 0x00000000e6700000, 0x00000000e6800000|  0%| F|  |TAMS 0x00000000e6700000, 0x00000000e6700000| Untracked 
| 104|0x00000000e6800000, 0x00000000e6800000, 0x00000000e6900000|  0%| F|  |TAMS 0x00000000e6800000, 0x00000000e6800000| Untracked 
| 105|0x00000000e6900000, 0x00000000e6900000, 0x00000000e6a00000|  0%| F|  |TAMS 0x00000000e6900000, 0x00000000e6900000| Untracked 
| 106|0x00000000e6a00000, 0x00000000e6a00000, 0x00000000e6b00000|  0%| F|  |TAMS 0x00000000e6a00000, 0x00000000e6a00000| Untracked 
| 107|0x00000000e6b00000, 0x00000000e6b00000, 0x00000000e6c00000|  0%| F|  |TAMS 0x00000000e6b00000, 0x00000000e6b00000| Untracked 
| 108|0x00000000e6c00000, 0x00000000e6c00000, 0x00000000e6d00000|  0%| F|  |TAMS 0x00000000e6c00000, 0x00000000e6c00000| Untracked 
| 109|0x00000000e6d00000, 0x00000000e6d00000, 0x00000000e6e00000|  0%| F|  |TAMS 0x00000000e6d00000, 0x00000000e6d00000| Untracked 
| 110|0x00000000e6e00000, 0x00000000e6e00000, 0x00000000e6f00000|  0%| F|  |TAMS 0x00000000e6e00000, 0x00000000e6e00000| Untracked 
| 111|0x00000000e6f00000, 0x00000000e6f00000, 0x00000000e7000000|  0%| F|  |TAMS 0x00000000e6f00000, 0x00000000e6f00000| Untracked 
| 112|0x00000000e7000000, 0x00000000e7000000, 0x00000000e7100000|  0%| F|  |TAMS 0x00000000e7000000, 0x00000000e7000000| Untracked 
| 113|0x00000000e7100000, 0x00000000e7100000, 0x00000000e7200000|  0%| F|  |TAMS 0x00000000e7100000, 0x00000000e7100000| Untracked 
| 114|0x00000000e7200000, 0x00000000e7200000, 0x00000000e7300000|  0%| F|  |TAMS 0x00000000e7200000, 0x00000000e7200000| Untracked 
| 115|0x00000000e7300000, 0x00000000e7300000, 0x00000000e7400000|  0%| F|  |TAMS 0x00000000e7300000, 0x00000000e7300000| Untracked 
| 116|0x00000000e7400000, 0x00000000e7400000, 0x00000000e7500000|  0%| F|  |TAMS 0x00000000e7400000, 0x00000000e7400000| Untracked 
| 117|0x00000000e7500000, 0x00000000e7500000, 0x00000000e7600000|  0%| F|  |TAMS 0x00000000e7500000, 0x00000000e7500000| Untracked 
| 118|0x00000000e7600000, 0x00000000e7600000, 0x00000000e7700000|  0%| F|  |TAMS 0x00000000e7600000, 0x00000000e7600000| Untracked 
| 119|0x00000000e7700000, 0x00000000e7700000, 0x00000000e7800000|  0%| F|  |TAMS 0x00000000e7700000, 0x00000000e7700000| Untracked 
| 120|0x00000000e7800000, 0x00000000e7800000, 0x00000000e7900000|  0%| F|  |TAMS 0x00000000e7800000, 0x00000000e7800000| Untracked 
| 121|0x00000000e7900000, 0x00000000e7900000, 0x00000000e7a00000|  0%| F|  |TAMS 0x00000000e7900000, 0x00000000e7900000| Untracked 
| 122|0x00000000e7a00000, 0x00000000e7a00000, 0x00000000e7b00000|  0%| F|  |TAMS 0x00000000e7a00000, 0x00000000e7a00000| Untracked 
| 123|0x00000000e7b00000, 0x00000000e7b00000, 0x00000000e7c00000|  0%| F|  |TAMS 0x00000000e7b00000, 0x00000000e7b00000| Untracked 
| 124|0x00000000e7c00000, 0x00000000e7c00000, 0x00000000e7d00000|  0%| F|  |TAMS 0x00000000e7c00000, 0x00000000e7c00000| Untracked 
| 125|0x00000000e7d00000, 0x00000000e7d00000, 0x00000000e7e00000|  0%| F|  |TAMS 0x00000000e7d00000, 0x00000000e7d00000| Untracked 
| 126|0x00000000e7e00000, 0x00000000e7e00000, 0x00000000e7f00000|  0%| F|  |TAMS 0x00000000e7e00000, 0x00000000e7e00000| Untracked 
| 127|0x00000000e7f00000, 0x00000000e7f00000, 0x00000000e8000000|  0%| F|  |TAMS 0x00000000e7f00000, 0x00000000e7f00000| Untracked 
| 128|0x00000000e8000000, 0x00000000e8000000, 0x00000000e8100000|  0%| F|  |TAMS 0x00000000e8000000, 0x00000000e8000000| Untracked 
| 129|0x00000000e8100000, 0x00000000e8100000, 0x00000000e8200000|  0%| F|  |TAMS 0x00000000e8100000, 0x00000000e8100000| Untracked 
| 130|0x00000000e8200000, 0x00000000e8200000, 0x00000000e8300000|  0%| F|  |TAMS 0x00000000e8200000, 0x00000000e8200000| Untracked 
| 131|0x00000000e8300000, 0x00000000e8300000, 0x00000000e8400000|  0%| F|  |TAMS 0x00000000e8300000, 0x00000000e8300000| Untracked 
| 132|0x00000000e8400000, 0x00000000e8400000, 0x00000000e8500000|  0%| F|  |TAMS 0x00000000e8400000, 0x00000000e8400000| Untracked 
| 133|0x00000000e8500000, 0x00000000e8500000, 0x00000000e8600000|  0%| F|  |TAMS 0x00000000e8500000, 0x00000000e8500000| Untracked 
| 134|0x00000000e8600000, 0x00000000e8600000, 0x00000000e8700000|  0%| F|  |TAMS 0x00000000e8600000, 0x00000000e8600000| Untracked 
| 135|0x00000000e8700000, 0x00000000e8700000, 0x00000000e8800000|  0%| F|  |TAMS 0x00000000e8700000, 0x00000000e8700000| Untracked 
| 136|0x00000000e8800000, 0x00000000e8800000, 0x00000000e8900000|  0%| F|  |TAMS 0x00000000e8800000, 0x00000000e8800000| Untracked 
| 137|0x00000000e8900000, 0x00000000e8900000, 0x00000000e8a00000|  0%| F|  |TAMS 0x00000000e8900000, 0x00000000e8900000| Untracked 
| 138|0x00000000e8a00000, 0x00000000e8a00000, 0x00000000e8b00000|  0%| F|  |TAMS 0x00000000e8a00000, 0x00000000e8a00000| Untracked 
| 139|0x00000000e8b00000, 0x00000000e8b00000, 0x00000000e8c00000|  0%| F|  |TAMS 0x00000000e8b00000, 0x00000000e8b00000| Untracked 
| 140|0x00000000e8c00000, 0x00000000e8c00000, 0x00000000e8d00000|  0%| F|  |TAMS 0x00000000e8c00000, 0x00000000e8c00000| Untracked 
| 141|0x00000000e8d00000, 0x00000000e8d00000, 0x00000000e8e00000|  0%| F|  |TAMS 0x00000000e8d00000, 0x00000000e8d00000| Untracked 
| 142|0x00000000e8e00000, 0x00000000e8e00000, 0x00000000e8f00000|  0%| F|  |TAMS 0x00000000e8e00000, 0x00000000e8e00000| Untracked 
| 143|0x00000000e8f00000, 0x00000000e8f00000, 0x00000000e9000000|  0%| F|  |TAMS 0x00000000e8f00000, 0x00000000e8f00000| Untracked 
| 144|0x00000000e9000000, 0x00000000e9000000, 0x00000000e9100000|  0%| F|  |TAMS 0x00000000e9000000, 0x00000000e9000000| Untracked 
| 145|0x00000000e9100000, 0x00000000e9100000, 0x00000000e9200000|  0%| F|  |TAMS 0x00000000e9100000, 0x00000000e9100000| Untracked 
| 146|0x00000000e9200000, 0x00000000e9200000, 0x00000000e9300000|  0%| F|  |TAMS 0x00000000e9200000, 0x00000000e9200000| Untracked 
| 147|0x00000000e9300000, 0x00000000e9300000, 0x00000000e9400000|  0%| F|  |TAMS 0x00000000e9300000, 0x00000000e9300000| Untracked 
| 148|0x00000000e9400000, 0x00000000e9400000, 0x00000000e9500000|  0%| F|  |TAMS 0x00000000e9400000, 0x00000000e9400000| Untracked 
| 149|0x00000000e9500000, 0x00000000e9500000, 0x00000000e9600000|  0%| F|  |TAMS 0x00000000e9500000, 0x00000000e9500000| Untracked 
| 150|0x00000000e9600000, 0x00000000e9600000, 0x00000000e9700000|  0%| F|  |TAMS 0x00000000e9600000, 0x00000000e9600000| Untracked 
| 151|0x00000000e9700000, 0x00000000e9700000, 0x00000000e9800000|  0%| F|  |TAMS 0x00000000e9700000, 0x00000000e9700000| Untracked 
| 152|0x00000000e9800000, 0x00000000e9800000, 0x00000000e9900000|  0%| F|  |TAMS 0x00000000e9800000, 0x00000000e9800000| Untracked 
| 153|0x00000000e9900000, 0x00000000e9900000, 0x00000000e9a00000|  0%| F|  |TAMS 0x00000000e9900000, 0x00000000e9900000| Untracked 
| 154|0x00000000e9a00000, 0x00000000e9a00000, 0x00000000e9b00000|  0%| F|  |TAMS 0x00000000e9a00000, 0x00000000e9a00000| Untracked 
| 155|0x00000000e9b00000, 0x00000000e9b00000, 0x00000000e9c00000|  0%| F|  |TAMS 0x00000000e9b00000, 0x00000000e9b00000| Untracked 
| 156|0x00000000e9c00000, 0x00000000e9c00000, 0x00000000e9d00000|  0%| F|  |TAMS 0x00000000e9c00000, 0x00000000e9c00000| Untracked 
| 157|0x00000000e9d00000, 0x00000000e9d00000, 0x00000000e9e00000|  0%| F|  |TAMS 0x00000000e9d00000, 0x00000000e9d00000| Untracked 
| 158|0x00000000e9e00000, 0x00000000e9e00000, 0x00000000e9f00000|  0%| F|  |TAMS 0x00000000e9e00000, 0x00000000e9e00000| Untracked 
| 159|0x00000000e9f00000, 0x00000000e9f00000, 0x00000000ea000000|  0%| F|  |TAMS 0x00000000e9f00000, 0x00000000e9f00000| Untracked 
| 160|0x00000000ea000000, 0x00000000ea000000, 0x00000000ea100000|  0%| F|  |TAMS 0x00000000ea000000, 0x00000000ea000000| Untracked 
| 161|0x00000000ea100000, 0x00000000ea100000, 0x00000000ea200000|  0%| F|  |TAMS 0x00000000ea100000, 0x00000000ea100000| Untracked 
| 162|0x00000000ea200000, 0x00000000ea200000, 0x00000000ea300000|  0%| F|  |TAMS 0x00000000ea200000, 0x00000000ea200000| Untracked 
| 163|0x00000000ea300000, 0x00000000ea400000, 0x00000000ea400000|100%| S|CS|TAMS 0x00000000ea300000, 0x00000000ea300000| Complete 
| 164|0x00000000ea400000, 0x00000000ea500000, 0x00000000ea500000|100%| S|CS|TAMS 0x00000000ea400000, 0x00000000ea400000| Complete 
| 165|0x00000000ea500000, 0x00000000ea600000, 0x00000000ea600000|100%| S|CS|TAMS 0x00000000ea500000, 0x00000000ea500000| Complete 
| 166|0x00000000ea600000, 0x00000000ea700000, 0x00000000ea700000|100%| S|CS|TAMS 0x00000000ea600000, 0x00000000ea600000| Complete 
| 167|0x00000000ea700000, 0x00000000ea800000, 0x00000000ea800000|100%| S|CS|TAMS 0x00000000ea700000, 0x00000000ea700000| Complete 
| 168|0x00000000ea800000, 0x00000000ea900000, 0x00000000ea900000|100%| S|CS|TAMS 0x00000000ea800000, 0x00000000ea800000| Complete 
| 169|0x00000000ea900000, 0x00000000eaa00000, 0x00000000eaa00000|100%| S|CS|TAMS 0x00000000ea900000, 0x00000000ea900000| Complete 
| 170|0x00000000eaa00000, 0x00000000eab00000, 0x00000000eab00000|100%| S|CS|TAMS 0x00000000eaa00000, 0x00000000eaa00000| Complete 
| 171|0x00000000eab00000, 0x00000000eab00000, 0x00000000eac00000|  0%| F|  |TAMS 0x00000000eab00000, 0x00000000eab00000| Untracked 
| 172|0x00000000eac00000, 0x00000000eac00000, 0x00000000ead00000|  0%| F|  |TAMS 0x00000000eac00000, 0x00000000eac00000| Untracked 
| 173|0x00000000ead00000, 0x00000000ead00000, 0x00000000eae00000|  0%| F|  |TAMS 0x00000000ead00000, 0x00000000ead00000| Untracked 
| 174|0x00000000eae00000, 0x00000000eae00000, 0x00000000eaf00000|  0%| F|  |TAMS 0x00000000eae00000, 0x00000000eae00000| Untracked 
| 175|0x00000000eaf00000, 0x00000000eaf00000, 0x00000000eb000000|  0%| F|  |TAMS 0x00000000eaf00000, 0x00000000eaf00000| Untracked 
| 176|0x00000000eb000000, 0x00000000eb000000, 0x00000000eb100000|  0%| F|  |TAMS 0x00000000eb000000, 0x00000000eb000000| Untracked 
| 177|0x00000000eb100000, 0x00000000eb100000, 0x00000000eb200000|  0%| F|  |TAMS 0x00000000eb100000, 0x00000000eb100000| Untracked 
| 178|0x00000000eb200000, 0x00000000eb200000, 0x00000000eb300000|  0%| F|  |TAMS 0x00000000eb200000, 0x00000000eb200000| Untracked 
| 179|0x00000000eb300000, 0x00000000eb300000, 0x00000000eb400000|  0%| F|  |TAMS 0x00000000eb300000, 0x00000000eb300000| Untracked 
| 180|0x00000000eb400000, 0x00000000eb400000, 0x00000000eb500000|  0%| F|  |TAMS 0x00000000eb400000, 0x00000000eb400000| Untracked 
| 181|0x00000000eb500000, 0x00000000eb500000, 0x00000000eb600000|  0%| F|  |TAMS 0x00000000eb500000, 0x00000000eb500000| Untracked 
| 182|0x00000000eb600000, 0x00000000eb600000, 0x00000000eb700000|  0%| F|  |TAMS 0x00000000eb600000, 0x00000000eb600000| Untracked 
| 183|0x00000000eb700000, 0x00000000eb700000, 0x00000000eb800000|  0%| F|  |TAMS 0x00000000eb700000, 0x00000000eb700000| Untracked 
| 184|0x00000000eb800000, 0x00000000eb800000, 0x00000000eb900000|  0%| F|  |TAMS 0x00000000eb800000, 0x00000000eb800000| Untracked 
| 185|0x00000000eb900000, 0x00000000eb900000, 0x00000000eba00000|  0%| F|  |TAMS 0x00000000eb900000, 0x00000000eb900000| Untracked 
| 186|0x00000000eba00000, 0x00000000eba00000, 0x00000000ebb00000|  0%| F|  |TAMS 0x00000000eba00000, 0x00000000eba00000| Untracked 
| 187|0x00000000ebb00000, 0x00000000ebb00000, 0x00000000ebc00000|  0%| F|  |TAMS 0x00000000ebb00000, 0x00000000ebb00000| Untracked 
| 188|0x00000000ebc00000, 0x00000000ebc00000, 0x00000000ebd00000|  0%| F|  |TAMS 0x00000000ebc00000, 0x00000000ebc00000| Untracked 
| 189|0x00000000ebd00000, 0x00000000ebd00000, 0x00000000ebe00000|  0%| F|  |TAMS 0x00000000ebd00000, 0x00000000ebd00000| Untracked 
| 190|0x00000000ebe00000, 0x00000000ebe00000, 0x00000000ebf00000|  0%| F|  |TAMS 0x00000000ebe00000, 0x00000000ebe00000| Untracked 
| 191|0x00000000ebf00000, 0x00000000ebf00000, 0x00000000ec000000|  0%| F|  |TAMS 0x00000000ebf00000, 0x00000000ebf00000| Untracked 
| 192|0x00000000ec000000, 0x00000000ec000000, 0x00000000ec100000|  0%| F|  |TAMS 0x00000000ec000000, 0x00000000ec000000| Untracked 
| 193|0x00000000ec100000, 0x00000000ec100000, 0x00000000ec200000|  0%| F|  |TAMS 0x00000000ec100000, 0x00000000ec100000| Untracked 
| 194|0x00000000ec200000, 0x00000000ec200000, 0x00000000ec300000|  0%| F|  |TAMS 0x00000000ec200000, 0x00000000ec200000| Untracked 
| 195|0x00000000ec300000, 0x00000000ec300000, 0x00000000ec400000|  0%| F|  |TAMS 0x00000000ec300000, 0x00000000ec300000| Untracked 
| 196|0x00000000ec400000, 0x00000000ec400000, 0x00000000ec500000|  0%| F|  |TAMS 0x00000000ec400000, 0x00000000ec400000| Untracked 
| 197|0x00000000ec500000, 0x00000000ec500000, 0x00000000ec600000|  0%| F|  |TAMS 0x00000000ec500000, 0x00000000ec500000| Untracked 
| 198|0x00000000ec600000, 0x00000000ec600000, 0x00000000ec700000|  0%| F|  |TAMS 0x00000000ec600000, 0x00000000ec600000| Untracked 
| 199|0x00000000ec700000, 0x00000000ec700000, 0x00000000ec800000|  0%| F|  |TAMS 0x00000000ec700000, 0x00000000ec700000| Untracked 
| 200|0x00000000ec800000, 0x00000000ec800000, 0x00000000ec900000|  0%| F|  |TAMS 0x00000000ec800000, 0x00000000ec800000| Untracked 
| 201|0x00000000ec900000, 0x00000000ec900000, 0x00000000eca00000|  0%| F|  |TAMS 0x00000000ec900000, 0x00000000ec900000| Untracked 
| 202|0x00000000eca00000, 0x00000000eca00000, 0x00000000ecb00000|  0%| F|  |TAMS 0x00000000eca00000, 0x00000000eca00000| Untracked 
| 203|0x00000000ecb00000, 0x00000000ecb00000, 0x00000000ecc00000|  0%| F|  |TAMS 0x00000000ecb00000, 0x00000000ecb00000| Untracked 
| 204|0x00000000ecc00000, 0x00000000ecc00000, 0x00000000ecd00000|  0%| F|  |TAMS 0x00000000ecc00000, 0x00000000ecc00000| Untracked 
| 205|0x00000000ecd00000, 0x00000000ecd00000, 0x00000000ece00000|  0%| F|  |TAMS 0x00000000ecd00000, 0x00000000ecd00000| Untracked 
| 206|0x00000000ece00000, 0x00000000ece00000, 0x00000000ecf00000|  0%| F|  |TAMS 0x00000000ece00000, 0x00000000ece00000| Untracked 
| 207|0x00000000ecf00000, 0x00000000ecf00000, 0x00000000ed000000|  0%| F|  |TAMS 0x00000000ecf00000, 0x00000000ecf00000| Untracked 
| 208|0x00000000ed000000, 0x00000000ed000000, 0x00000000ed100000|  0%| F|  |TAMS 0x00000000ed000000, 0x00000000ed000000| Untracked 
| 209|0x00000000ed100000, 0x00000000ed100000, 0x00000000ed200000|  0%| F|  |TAMS 0x00000000ed100000, 0x00000000ed100000| Untracked 
| 210|0x00000000ed200000, 0x00000000ed200000, 0x00000000ed300000|  0%| F|  |TAMS 0x00000000ed200000, 0x00000000ed200000| Untracked 
| 211|0x00000000ed300000, 0x00000000ed300000, 0x00000000ed400000|  0%| F|  |TAMS 0x00000000ed300000, 0x00000000ed300000| Untracked 
| 212|0x00000000ed400000, 0x00000000ed400000, 0x00000000ed500000|  0%| F|  |TAMS 0x00000000ed400000, 0x00000000ed400000| Untracked 
| 213|0x00000000ed500000, 0x00000000ed500000, 0x00000000ed600000|  0%| F|  |TAMS 0x00000000ed500000, 0x00000000ed500000| Untracked 
| 214|0x00000000ed600000, 0x00000000ed600000, 0x00000000ed700000|  0%| F|  |TAMS 0x00000000ed600000, 0x00000000ed600000| Untracked 
| 215|0x00000000ed700000, 0x00000000ed700000, 0x00000000ed800000|  0%| F|  |TAMS 0x00000000ed700000, 0x00000000ed700000| Untracked 
| 216|0x00000000ed800000, 0x00000000ed800000, 0x00000000ed900000|  0%| F|  |TAMS 0x00000000ed800000, 0x00000000ed800000| Untracked 
| 217|0x00000000ed900000, 0x00000000ed900000, 0x00000000eda00000|  0%| F|  |TAMS 0x00000000ed900000, 0x00000000ed900000| Untracked 
| 218|0x00000000eda00000, 0x00000000eda00000, 0x00000000edb00000|  0%| F|  |TAMS 0x00000000eda00000, 0x00000000eda00000| Untracked 
| 219|0x00000000edb00000, 0x00000000edb00000, 0x00000000edc00000|  0%| F|  |TAMS 0x00000000edb00000, 0x00000000edb00000| Untracked 
| 220|0x00000000edc00000, 0x00000000edc00000, 0x00000000edd00000|  0%| F|  |TAMS 0x00000000edc00000, 0x00000000edc00000| Untracked 
| 221|0x00000000edd00000, 0x00000000edd00000, 0x00000000ede00000|  0%| F|  |TAMS 0x00000000edd00000, 0x00000000edd00000| Untracked 
| 222|0x00000000ede00000, 0x00000000ede00000, 0x00000000edf00000|  0%| F|  |TAMS 0x00000000ede00000, 0x00000000ede00000| Untracked 
| 223|0x00000000edf00000, 0x00000000edf00000, 0x00000000ee000000|  0%| F|  |TAMS 0x00000000edf00000, 0x00000000edf00000| Untracked 
| 224|0x00000000ee000000, 0x00000000ee000000, 0x00000000ee100000|  0%| F|  |TAMS 0x00000000ee000000, 0x00000000ee000000| Untracked 
| 225|0x00000000ee100000, 0x00000000ee100000, 0x00000000ee200000|  0%| F|  |TAMS 0x00000000ee100000, 0x00000000ee100000| Untracked 
| 226|0x00000000ee200000, 0x00000000ee200000, 0x00000000ee300000|  0%| F|  |TAMS 0x00000000ee200000, 0x00000000ee200000| Untracked 
| 227|0x00000000ee300000, 0x00000000ee300000, 0x00000000ee400000|  0%| F|  |TAMS 0x00000000ee300000, 0x00000000ee300000| Untracked 
| 228|0x00000000ee400000, 0x00000000ee400000, 0x00000000ee500000|  0%| F|  |TAMS 0x00000000ee400000, 0x00000000ee400000| Untracked 
| 229|0x00000000ee500000, 0x00000000ee500000, 0x00000000ee600000|  0%| F|  |TAMS 0x00000000ee500000, 0x00000000ee500000| Untracked 
| 230|0x00000000ee600000, 0x00000000ee600000, 0x00000000ee700000|  0%| F|  |TAMS 0x00000000ee600000, 0x00000000ee600000| Untracked 
| 231|0x00000000ee700000, 0x00000000ee700000, 0x00000000ee800000|  0%| F|  |TAMS 0x00000000ee700000, 0x00000000ee700000| Untracked 
| 232|0x00000000ee800000, 0x00000000ee800000, 0x00000000ee900000|  0%| F|  |TAMS 0x00000000ee800000, 0x00000000ee800000| Untracked 
| 233|0x00000000ee900000, 0x00000000ee900000, 0x00000000eea00000|  0%| F|  |TAMS 0x00000000ee900000, 0x00000000ee900000| Untracked 
| 234|0x00000000eea00000, 0x00000000eea00000, 0x00000000eeb00000|  0%| F|  |TAMS 0x00000000eea00000, 0x00000000eea00000| Untracked 
| 235|0x00000000eeb00000, 0x00000000eeb00000, 0x00000000eec00000|  0%| F|  |TAMS 0x00000000eeb00000, 0x00000000eeb00000| Untracked 
| 236|0x00000000eec00000, 0x00000000eec00000, 0x00000000eed00000|  0%| F|  |TAMS 0x00000000eec00000, 0x00000000eec00000| Untracked 
| 237|0x00000000eed00000, 0x00000000eed00000, 0x00000000eee00000|  0%| F|  |TAMS 0x00000000eed00000, 0x00000000eed00000| Untracked 
| 238|0x00000000eee00000, 0x00000000eee00000, 0x00000000eef00000|  0%| F|  |TAMS 0x00000000eee00000, 0x00000000eee00000| Untracked 
| 239|0x00000000eef00000, 0x00000000eef00000, 0x00000000ef000000|  0%| F|  |TAMS 0x00000000eef00000, 0x00000000eef00000| Untracked 
| 240|0x00000000ef000000, 0x00000000ef000000, 0x00000000ef100000|  0%| F|  |TAMS 0x00000000ef000000, 0x00000000ef000000| Untracked 
| 241|0x00000000ef100000, 0x00000000ef100000, 0x00000000ef200000|  0%| F|  |TAMS 0x00000000ef100000, 0x00000000ef100000| Untracked 
| 242|0x00000000ef200000, 0x00000000ef200000, 0x00000000ef300000|  0%| F|  |TAMS 0x00000000ef200000, 0x00000000ef200000| Untracked 
| 243|0x00000000ef300000, 0x00000000ef300000, 0x00000000ef400000|  0%| F|  |TAMS 0x00000000ef300000, 0x00000000ef300000| Untracked 
| 244|0x00000000ef400000, 0x00000000ef480800, 0x00000000ef500000| 50%| E|  |TAMS 0x00000000ef400000, 0x00000000ef400000| Complete 
| 245|0x00000000ef500000, 0x00000000ef600000, 0x00000000ef600000|100%| E|CS|TAMS 0x00000000ef500000, 0x00000000ef500000| Complete 
| 246|0x00000000ef600000, 0x00000000ef700000, 0x00000000ef700000|100%| E|CS|TAMS 0x00000000ef600000, 0x00000000ef600000| Complete 
| 247|0x00000000ef700000, 0x00000000ef800000, 0x00000000ef800000|100%| E|CS|TAMS 0x00000000ef700000, 0x00000000ef700000| Complete 
| 248|0x00000000ef800000, 0x00000000ef900000, 0x00000000ef900000|100%| E|CS|TAMS 0x00000000ef800000, 0x00000000ef800000| Complete 
| 249|0x00000000ef900000, 0x00000000efa00000, 0x00000000efa00000|100%| E|CS|TAMS 0x00000000ef900000, 0x00000000ef900000| Complete 
| 250|0x00000000efa00000, 0x00000000efb00000, 0x00000000efb00000|100%| E|CS|TAMS 0x00000000efa00000, 0x00000000efa00000| Complete 
| 251|0x00000000efb00000, 0x00000000efc00000, 0x00000000efc00000|100%| E|CS|TAMS 0x00000000efb00000, 0x00000000efb00000| Complete 
| 252|0x00000000efc00000, 0x00000000efd00000, 0x00000000efd00000|100%| E|CS|TAMS 0x00000000efc00000, 0x00000000efc00000| Complete 
| 253|0x00000000efd00000, 0x00000000efe00000, 0x00000000efe00000|100%| E|CS|TAMS 0x00000000efd00000, 0x00000000efd00000| Complete 
| 254|0x00000000efe00000, 0x00000000eff00000, 0x00000000eff00000|100%| E|CS|TAMS 0x00000000efe00000, 0x00000000efe00000| Complete 
| 255|0x00000000eff00000, 0x00000000f0000000, 0x00000000f0000000|100%| E|CS|TAMS 0x00000000eff00000, 0x00000000eff00000| Complete 

Card table byte_map: [0x00000107fe460000,0x00000107fe560000] _byte_map_base: 0x00000107fdd60000

Marking Bits (Prev, Next): (CMBitMap*) 0x00000107e66bcb78, (CMBitMap*) 0x00000107e66bcbb0
 Prev Bits: [0x00000107fe660000, 0x00000107fee60000)
 Next Bits: [0x00000107fee60000, 0x00000107ff660000)

Polling page: 0x00000107e45f0000

Metaspace:

Usage:
  Non-class:     65.28 MB capacity,    63.75 MB ( 98%) used,     1.28 MB (  2%) free+waste,   264.13 KB ( <1%) overhead. 
      Class:     10.43 MB capacity,     9.52 MB ( 91%) used,   809.01 KB (  8%) free+waste,   127.31 KB (  1%) overhead. 
       Both:     75.71 MB capacity,    73.27 MB ( 97%) used,     2.07 MB (  3%) free+waste,   391.44 KB ( <1%) overhead. 

Virtual space:
  Non-class space:       66.00 MB reserved,      65.35 MB (>99%) committed 
      Class space:      248.00 MB reserved,      10.50 MB (  4%) committed 
             Both:      314.00 MB reserved,      75.85 MB ( 24%) committed 

Chunk freelists:
   Non-Class:  8.00 KB
       Class:  6.00 KB
        Both:  14.00 KB

MaxMetaspaceSize: 256.00 MB
CompressedClassSpaceSize: 248.00 MB
Initial GC threshold: 20.80 MB
Current GC threshold: 123.50 MB
CDS: off

CodeHeap 'non-profiled nmethods': size=120000Kb used=6549Kb max_used=6549Kb free=113450Kb
 bounds [0x00000107f68e0000, 0x00000107f6f50000, 0x00000107fde10000]
CodeHeap 'profiled nmethods': size=120000Kb used=20119Kb max_used=20119Kb free=99880Kb
 bounds [0x00000107ef3b0000, 0x00000107f0760000, 0x00000107f68e0000]
CodeHeap 'non-nmethods': size=5760Kb used=2355Kb max_used=2399Kb free=3404Kb
 bounds [0x00000107eee10000, 0x00000107ef080000, 0x00000107ef3b0000]
 total_blobs=10411 nmethods=9540 adapters=782
 compilation: enabled
              stopped_count=0, restarted_count=0
 full_count=0

Compilation events (20 events):
Event: 8.662 Thread 0x0000010782b74000 9517       4       jdk.nio.zipfs.ZipConstants::CENEXT (9 bytes)
Event: 8.662 Thread 0x0000010782b88800 nmethod 9519 0x00000107f0735910 code [0x00000107f0735ae0, 0x00000107f0735cb8]
Event: 8.662 Thread 0x0000010782b88800 9520       3       java.util.concurrent.locks.ReentrantReadWriteLock::writeLock (5 bytes)
Event: 8.662 Thread 0x0000010782b88800 nmethod 9520 0x00000107f0735d90 code [0x00000107f0735f40, 0x00000107f0736058]
Event: 8.662 Thread 0x0000010782b88800 9521       1       java.util.concurrent.locks.ReentrantReadWriteLock$NonfairSync::writerShouldBlock (2 bytes)
Event: 8.662 Thread 0x0000010782b88800 nmethod 9521 0x00000107f6f2da10 code [0x00000107f6f2dbc0, 0x00000107f6f2dc78]
Event: 8.663 Thread 0x0000010782b74000 nmethod 9517 0x00000107f6f2dd10 code [0x00000107f6f2dea0, 0x00000107f6f2df58]
Event: 8.663 Thread 0x0000010782b74000 9516       4       jdk.nio.zipfs.ZipConstants::CENNAM (9 bytes)
Event: 8.663 Thread 0x0000010782b88800 9522       1       jdk.nio.zipfs.ZipFileSystem$Entry::fileKey (2 bytes)
Event: 8.663 Thread 0x0000010782b88800 nmethod 9522 0x00000107f6f2e090 code [0x00000107f6f2e240, 0x00000107f6f2e2f8]
Event: 8.663 Thread 0x0000010782b88800 9523   !   3       jdk.nio.zipfs.ZipFileSystem::iteratorOf (154 bytes)
Event: 8.663 Thread 0x0000010787fb1000 nmethod 9511 0x00000107f6f2e390 code [0x00000107f6f2e540, 0x00000107f6f2eab8]
Event: 8.663 Thread 0x0000010782b74000 nmethod 9516 0x00000107f6f2ec90 code [0x00000107f6f2ee20, 0x00000107f6f2eed8]
Event: 8.664 Thread 0x0000010782b74000 9518       4       jdk.nio.zipfs.ZipConstants::CENCOM (9 bytes)
Event: 8.664 Thread 0x0000010787fb1000 9524       4       jdk.nio.zipfs.ZipPath::<init> (67 bytes)
Event: 8.664 Thread 0x0000010782b74000 nmethod 9518 0x00000107f6f2f010 code [0x00000107f6f2f1a0, 0x00000107f6f2f258]
Event: 8.665 Thread 0x0000010782b88800 nmethod 9523 0x00000107f0736110 code [0x00000107f0736540, 0x00000107f07380c8]
Event: 8.665 Thread 0x0000010782b88800 9525       3       sun.nio.ch.NativeDispatcher::<init> (5 bytes)
Event: 8.665 Thread 0x0000010782b88800 nmethod 9525 0x00000107f0739110 code [0x00000107f07392c0, 0x00000107f0739418]
Event: 8.667 Thread 0x0000010787fb1000 nmethod 9524 0x00000107f6f2f390 code [0x00000107f6f2f540, 0x00000107f6f2f908]

GC Heap History (20 events):
Event: 0.598 GC heap before
{Heap before GC invocations=0 (full 0):
 garbage-first heap   total 262144K, used 26624K [0x00000000e0000000, 0x0000000100000000)
  region size 1024K, 24 young (24576K), 0 survivors (0K)
 Metaspace       used 10054K, capacity 10326K, committed 10624K, reserved 264192K
  class space    used 1020K, capacity 1104K, committed 1152K, reserved 253952K
}
Event: 0.602 GC heap after
{Heap after GC invocations=1 (full 0):
 garbage-first heap   total 262144K, used 9646K [0x00000000e0000000, 0x0000000100000000)
  region size 1024K, 3 young (3072K), 3 survivors (3072K)
 Metaspace       used 10054K, capacity 10326K, committed 10624K, reserved 264192K
  class space    used 1020K, capacity 1104K, committed 1152K, reserved 253952K
}
Event: 2.361 GC heap before
{Heap before GC invocations=1 (full 0):
 garbage-first heap   total 262144K, used 111022K [0x00000000e0000000, 0x0000000100000000)
  region size 1024K, 103 young (105472K), 3 survivors (3072K)
 Metaspace       used 20753K, capacity 21180K, committed 21296K, reserved 274432K
  class space    used 2513K, capacity 2682K, committed 2688K, reserved 253952K
}
Event: 2.368 GC heap after
{Heap after GC invocations=2 (full 0):
 garbage-first heap   total 262144K, used 17285K [0x00000000e0000000, 0x0000000100000000)
  region size 1024K, 11 young (11264K), 11 survivors (11264K)
 Metaspace       used 20753K, capacity 21180K, committed 21296K, reserved 274432K
  class space    used 2513K, capacity 2682K, committed 2688K, reserved 253952K
}
Event: 2.565 GC heap before
{Heap before GC invocations=3 (full 0):
 garbage-first heap   total 262144K, used 46981K [0x00000000e0000000, 0x0000000100000000)
  region size 1024K, 40 young (40960K), 11 survivors (11264K)
 Metaspace       used 23740K, capacity 24314K, committed 24368K, reserved 276480K
  class space    used 2994K, capacity 3177K, committed 3200K, reserved 253952K
}
Event: 2.570 GC heap after
{Heap after GC invocations=4 (full 0):
 garbage-first heap   total 262144K, used 18826K [0x00000000e0000000, 0x0000000100000000)
  region size 1024K, 2 young (2048K), 2 survivors (2048K)
 Metaspace       used 23740K, capacity 24314K, committed 24368K, reserved 276480K
  class space    used 2994K, capacity 3177K, committed 3200K, reserved 253952K
}
Event: 3.417 GC heap before
{Heap before GC invocations=4 (full 0):
 garbage-first heap   total 262144K, used 115082K [0x00000000e0000000, 0x0000000100000000)
  region size 1024K, 97 young (99328K), 2 survivors (2048K)
 Metaspace       used 34968K, capacity 35800K, committed 35888K, reserved 286720K
  class space    used 4606K, capacity 4931K, committed 4992K, reserved 253952K
}
Event: 3.424 GC heap after
{Heap after GC invocations=5 (full 0):
 garbage-first heap   total 262144K, used 22522K [0x00000000e0000000, 0x0000000100000000)
  region size 1024K, 6 young (6144K), 6 survivors (6144K)
 Metaspace       used 34968K, capacity 35800K, committed 35888K, reserved 286720K
  class space    used 4606K, capacity 4931K, committed 4992K, reserved 253952K
}
Event: 4.124 GC heap before
{Heap before GC invocations=6 (full 0):
 garbage-first heap   total 262144K, used 140282K [0x00000000e0000000, 0x0000000100000000)
  region size 1024K, 119 young (121856K), 6 survivors (6144K)
 Metaspace       used 43817K, capacity 44859K, committed 44976K, reserved 292864K
  class space    used 5622K, capacity 6032K, committed 6144K, reserved 253952K
}
Event: 4.144 GC heap after
{Heap after GC invocations=7 (full 0):
 garbage-first heap   total 262144K, used 30950K [0x00000000e0000000, 0x0000000100000000)
  region size 1024K, 14 young (14336K), 14 survivors (14336K)
 Metaspace       used 43817K, capacity 44859K, committed 44976K, reserved 292864K
  class space    used 5622K, capacity 6032K, committed 6144K, reserved 253952K
}
Event: 4.441 GC heap before
{Heap before GC invocations=8 (full 0):
 garbage-first heap   total 262144K, used 173286K [0x00000000e0000000, 0x0000000100000000)
  region size 1024K, 153 young (156672K), 14 survivors (14336K)
 Metaspace       used 43978K, capacity 44987K, committed 45232K, reserved 294912K
  class space    used 5627K, capacity 6032K, committed 6144K, reserved 253952K
}
Event: 4.451 GC heap after
{Heap after GC invocations=9 (full 0):
 garbage-first heap   total 262144K, used 38864K [0x00000000e0000000, 0x0000000100000000)
  region size 1024K, 17 young (17408K), 17 survivors (17408K)
 Metaspace       used 43978K, capacity 44987K, committed 45232K, reserved 294912K
  class space    used 5627K, capacity 6032K, committed 6144K, reserved 253952K
}
Event: 5.170 GC heap before
{Heap before GC invocations=9 (full 0):
 garbage-first heap   total 262144K, used 179152K [0x00000000e0000000, 0x0000000100000000)
  region size 1024K, 153 young (156672K), 17 survivors (17408K)
 Metaspace       used 49648K, capacity 50904K, committed 51120K, reserved 299008K
  class space    used 6324K, capacity 6810K, committed 6912K, reserved 253952K
}
Event: 5.180 GC heap after
{Heap after GC invocations=10 (full 0):
 garbage-first heap   total 262144K, used 45574K [0x00000000e0000000, 0x0000000100000000)
  region size 1024K, 15 young (15360K), 15 survivors (15360K)
 Metaspace       used 49648K, capacity 50904K, committed 51120K, reserved 299008K
  class space    used 6324K, capacity 6810K, committed 6912K, reserved 253952K
}
Event: 6.680 GC heap before
{Heap before GC invocations=10 (full 0):
 garbage-first heap   total 262144K, used 186886K [0x00000000e0000000, 0x0000000100000000)
  region size 1024K, 153 young (156672K), 15 survivors (15360K)
 Metaspace       used 60170K, capacity 61903K, committed 62128K, reserved 309248K
  class space    used 7739K, capacity 8381K, committed 8448K, reserved 253952K
}
Event: 6.688 GC heap after
{Heap after GC invocations=11 (full 0):
 garbage-first heap   total 262144K, used 50305K [0x00000000e0000000, 0x0000000100000000)
  region size 1024K, 13 young (13312K), 13 survivors (13312K)
 Metaspace       used 60170K, capacity 61903K, committed 62128K, reserved 309248K
  class space    used 7739K, capacity 8381K, committed 8448K, reserved 253952K
}
Event: 7.768 GC heap before
{Heap before GC invocations=11 (full 0):
 garbage-first heap   total 262144K, used 192641K [0x00000000e0000000, 0x0000000100000000)
  region size 1024K, 153 young (156672K), 13 survivors (13312K)
 Metaspace       used 67039K, capacity 69219K, committed 69424K, reserved 315392K
  class space    used 8720K, capacity 9509K, committed 9600K, reserved 253952K
}
Event: 7.777 GC heap after
{Heap after GC invocations=12 (full 0):
 garbage-first heap   total 262144K, used 60052K [0x00000000e0000000, 0x0000000100000000)
  region size 1024K, 16 young (16384K), 16 survivors (16384K)
 Metaspace       used 67039K, capacity 69219K, committed 69424K, reserved 315392K
  class space    used 8720K, capacity 9509K, committed 9600K, reserved 253952K
}
Event: 8.442 GC heap before
{Heap before GC invocations=12 (full 0):
 garbage-first heap   total 262144K, used 146068K [0x00000000e0000000, 0x0000000100000000)
  region size 1024K, 101 young (103424K), 16 survivors (16384K)
 Metaspace       used 72414K, capacity 74771K, committed 74928K, reserved 319488K
  class space    used 9452K, capacity 10379K, committed 10496K, reserved 253952K
}
Event: 8.463 GC heap after
{Heap after GC invocations=13 (full 0):
 garbage-first heap   total 262144K, used 67584K [0x00000000e0000000, 0x0000000100000000)
  region size 1024K, 8 young (8192K), 8 survivors (8192K)
 Metaspace       used 72414K, capacity 74771K, committed 74928K, reserved 319488K
  class space    used 9452K, capacity 10379K, committed 10496K, reserved 253952K
}

Deoptimization events (20 events):
Event: 8.594 Thread 0x00000107868a5000 DEOPT PACKING pc=0x00000107f69e15f0 sp=0x00000001a9bf74f0
Event: 8.594 Thread 0x00000107868a5000 DEOPT UNPACKING pc=0x00000107eee5a1af sp=0x00000001a9bf7530 mode 2
Event: 8.594 Thread 0x00000107868a5000 Uncommon trap: trap_request=0xffffff4d fr.pc=0x00000107f6c469a0 relative=0x0000000000000080
Event: 8.594 Thread 0x00000107868a5000 Uncommon trap: reason=unstable_if action=reinterpret pc=0x00000107f6c469a0 method=java.lang.CharacterDataLatin1.isJavaIdentifierPart(I)Z @ 11 c2
Event: 8.594 Thread 0x00000107868a5000 DEOPT PACKING pc=0x00000107f6c469a0 sp=0x00000001a9bf7930
Event: 8.594 Thread 0x00000107868a5000 DEOPT UNPACKING pc=0x00000107eee5a1af sp=0x00000001a9bf78a8 mode 2
Event: 8.602 Thread 0x00000107868a5000 Uncommon trap: trap_request=0xffffffde fr.pc=0x00000107f69e15f0 relative=0x0000000000001050
Event: 8.602 Thread 0x00000107868a5000 Uncommon trap: reason=class_check action=maybe_recompile pc=0x00000107f69e15f0 method=java.util.zip.InflaterInputStream.read([BII)I @ 100 c2
Event: 8.602 Thread 0x00000107868a5000 DEOPT PACKING pc=0x00000107f69e15f0 sp=0x00000001a9bf74f0
Event: 8.602 Thread 0x00000107868a5000 DEOPT UNPACKING pc=0x00000107eee5a1af sp=0x00000001a9bf7530 mode 2
Event: 8.609 Thread 0x00000107868a5000 Uncommon trap: trap_request=0xffffffde fr.pc=0x00000107f69e15f0 relative=0x0000000000001050
Event: 8.609 Thread 0x00000107868a5000 Uncommon trap: reason=class_check action=maybe_recompile pc=0x00000107f69e15f0 method=java.util.zip.InflaterInputStream.read([BII)I @ 100 c2
Event: 8.609 Thread 0x00000107868a5000 DEOPT PACKING pc=0x00000107f69e15f0 sp=0x00000001a9bf74f0
Event: 8.609 Thread 0x00000107868a5000 DEOPT UNPACKING pc=0x00000107eee5a1af sp=0x00000001a9bf7530 mode 2
Event: 8.617 Thread 0x00000107868a5000 Uncommon trap: trap_request=0xffffffde fr.pc=0x00000107f69e15f0 relative=0x0000000000001050
Event: 8.617 Thread 0x00000107868a5000 Uncommon trap: reason=class_check action=maybe_recompile pc=0x00000107f69e15f0 method=java.util.zip.InflaterInputStream.read([BII)I @ 100 c2
Event: 8.617 Thread 0x00000107868a5000 DEOPT PACKING pc=0x00000107f69e15f0 sp=0x00000001a9bf74f0
Event: 8.617 Thread 0x00000107868a5000 DEOPT UNPACKING pc=0x00000107eee5a1af sp=0x00000001a9bf7530 mode 2
Event: 8.617 Thread 0x00000107868a5000 DEOPT PACKING pc=0x00000107ef57ee03 sp=0x00000001a9bf7670
Event: 8.617 Thread 0x00000107868a5000 DEOPT UNPACKING pc=0x00000107eee5a95e sp=0x00000001a9bf6c10 mode 0

Classes redefined (0 events):
No events

Internal exceptions (20 events):
Event: 7.292 Thread 0x0000010784b5b000 Exception <a 'java/lang/NoSuchMethodError'{0x00000000ea1408f8}: <clinit>> (0x00000000ea1408f8) thrown at [./src/hotspot/share/prims/jni.cpp, line 1367]
Event: 7.294 Thread 0x00000107868a5000 Exception <a 'java/lang/IncompatibleClassChangeError'{0x00000000ea154ad8}: Found class java.lang.Object, but interface was expected> (0x00000000ea154ad8) thrown at [./src/hotspot/share/interpreter/linkResolver.cpp, line 839]
Event: 7.295 Thread 0x0000010784b5b000 Exception <a 'java/lang/NoSuchMethodError'{0x00000000ea1ae7f0}: <clinit>> (0x00000000ea1ae7f0) thrown at [./src/hotspot/share/prims/jni.cpp, line 1367]
Event: 7.295 Thread 0x0000010784b5b000 Exception <a 'java/lang/NoSuchMethodError'{0x00000000ea1b85c0}: <clinit>> (0x00000000ea1b85c0) thrown at [./src/hotspot/share/prims/jni.cpp, line 1367]
Event: 7.335 Thread 0x00000107868a5000 Exception <a 'java/lang/IncompatibleClassChangeError'{0x00000000e9ec1570}: Found class java.lang.Object, but interface was expected> (0x00000000e9ec1570) thrown at [./src/hotspot/share/interpreter/linkResolver.cpp, line 839]
Event: 8.018 Thread 0x00000107868a5000 Exception <a 'java/lang/NoSuchMethodError'{0x00000000ed9957b8}: 'int java.lang.invoke.DirectMethodHandle$Holder.invokeStaticInit(java.lang.Object, java.lang.Object, java.lang.Object, java.lang.Object, java.lang.Object)'> (0x00000000ed9957b8) thrown at [./src/hotspot/share/interpreter/linkResolver.cpp, line 773]
Event: 8.191 Thread 0x00000107868a5000 Exception <a 'sun/nio/fs/WindowsException'{0x00000000eb39a030}> (0x00000000eb39a030) thrown at [./src/hotspot/share/prims/jni.cpp, line 617]
Event: 8.192 Thread 0x00000107868a5000 Exception <a 'java/lang/NoSuchMethodError'{0x00000000eb3a0c40}: 'int java.lang.invoke.DirectMethodHandle$Holder.invokeSpecial(java.lang.Object, java.lang.Object, java.lang.Object, java.lang.Object, java.lang.Object)'> (0x00000000eb3a0c40) thrown at [./src/hotspot/share/interpreter/linkResolver.cpp, line 773]
Event: 8.196 Thread 0x00000107868a5000 Exception <a 'sun/nio/fs/WindowsException'{0x00000000eb3b7c90}> (0x00000000eb3b7c90) thrown at [./src/hotspot/share/prims/jni.cpp, line 617]
Event: 8.197 Thread 0x00000107868a5000 Exception <a 'sun/nio/fs/WindowsException'{0x00000000eb3b9540}> (0x00000000eb3b9540) thrown at [./src/hotspot/share/prims/jni.cpp, line 617]
Event: 8.198 Thread 0x00000107868a5000 Exception <a 'java/lang/IncompatibleClassChangeError'{0x00000000eb3bddd0}: Found class java.lang.Object, but interface was expected> (0x00000000eb3bddd0) thrown at [./src/hotspot/share/interpreter/linkResolver.cpp, line 839]
Event: 8.210 Thread 0x00000107868a5000 Exception <a 'sun/nio/fs/WindowsException'{0x00000000eb2780f8}> (0x00000000eb2780f8) thrown at [./src/hotspot/share/prims/jni.cpp, line 617]
Event: 8.214 Thread 0x00000107868a5000 Exception <a 'sun/nio/fs/WindowsException'{0x00000000eb28eb18}> (0x00000000eb28eb18) thrown at [./src/hotspot/share/prims/jni.cpp, line 617]
Event: 8.291 Thread 0x00000107868a5000 Exception <a 'sun/nio/fs/WindowsException'{0x00000000eb0fb118}> (0x00000000eb0fb118) thrown at [./src/hotspot/share/prims/jni.cpp, line 617]
Event: 8.373 Thread 0x00000107868a5000 Exception <a 'java/lang/NoSuchMethodError'{0x00000000eac08340}: 'java.lang.Object java.lang.invoke.Invokers$Holder.linkToTargetMethod(java.lang.Object, java.lang.Object, java.lang.Object, int, int, java.lang.Object)'> (0x00000000eac08340) thrown at [./src/hotspot/share/interpreter/linkResolver.cpp, line 773]
Event: 8.378 Thread 0x00000107868a5000 Exception <a 'java/lang/NoSuchMethodError'{0x00000000eac30170}: 'void java.lang.invoke.DirectMethodHandle$Holder.invokeVirtual(java.lang.Object, java.lang.Object, java.lang.Object, java.lang.Object)'> (0x00000000eac30170) thrown at [./src/hotspot/share/interpreter/linkResolver.cpp, line 773]
Event: 8.558 Thread 0x00000107868a5000 Exception <a 'sun/nio/fs/WindowsException'{0x00000000efea28a8}> (0x00000000efea28a8) thrown at [./src/hotspot/share/prims/jni.cpp, line 617]
Event: 8.559 Thread 0x00000107868a5000 Exception <a 'sun/nio/fs/WindowsException'{0x00000000efea4938}> (0x00000000efea4938) thrown at [./src/hotspot/share/prims/jni.cpp, line 617]
Event: 8.559 Thread 0x00000107868a5000 Exception <a 'sun/nio/fs/WindowsException'{0x00000000efea4ef0}> (0x00000000efea4ef0) thrown at [./src/hotspot/share/prims/jni.cpp, line 617]
Event: 8.586 Thread 0x00000107868a5000 Implicit null exception at 0x00000107f6aa662c to 0x00000107f6aa674e

Events (20 events):
Event: 8.570 loading class com/sun/tools/javac/code/Directive$ExportsDirective
Event: 8.570 loading class com/sun/tools/javac/code/Directive$ExportsDirective done
Event: 8.580 loading class com/sun/tools/javac/code/Symbol$ModuleSymbol
Event: 8.580 loading class com/sun/tools/javac/code/Symbol$ModuleSymbol done
Event: 8.581 loading class com/sun/tools/javac/code/Symbol$ModuleSymbol
Event: 8.581 loading class com/sun/tools/javac/code/Symbol$ModuleSymbol done
Event: 8.581 loading class com/sun/tools/javac/code/Symbol$ModuleSymbol
Event: 8.581 loading class com/sun/tools/javac/code/Symbol$ModuleSymbol done
Event: 8.582 loading class com/sun/tools/javac/code/Symbol$ModuleSymbol
Event: 8.582 loading class com/sun/tools/javac/code/Symbol$ModuleSymbol done
Event: 8.582 loading class com/sun/tools/javac/code/Symbol$ModuleSymbol
Event: 8.582 loading class com/sun/tools/javac/code/Symbol$ModuleSymbol done
Event: 8.582 loading class com/sun/tools/javac/comp/Modules
Event: 8.582 loading class com/sun/tools/javac/comp/Modules done
Event: 8.582 loading class com/sun/tools/javac/code/Directive$RequiresDirective
Event: 8.582 loading class com/sun/tools/javac/code/Directive$RequiresDirective done
Event: 8.582 loading class com/sun/tools/javac/code/Directive$RequiresDirective
Event: 8.582 loading class com/sun/tools/javac/code/Directive$RequiresDirective done
Event: 8.584 loading class com/sun/tools/javac/code/Symbol$PackageSymbol
Event: 8.584 loading class com/sun/tools/javac/code/Symbol$PackageSymbol done


Dynamic libraries:
0x00007ff6511b0000 - 0x00007ff6511bd000 	C:\Users\user\.jdks\corretto-11.0.17\bin\java.exe
0x00007ff8de8d0000 - 0x00007ff8deac8000 	C:\WINDOWS\SYSTEM32\ntdll.dll
0x00007ff8b1ba0000 - 0x00007ff8b1bb7000 	C:\Program Files\Avast Software\Avast\aswhook.dll
0x00007ff8dd620000 - 0x00007ff8dd6df000 	C:\WINDOWS\System32\KERNEL32.DLL
0x00007ff8dbfc0000 - 0x00007ff8dc292000 	C:\WINDOWS\System32\KERNELBASE.dll
0x00007ff8dc4e0000 - 0x00007ff8dc5e0000 	C:\WINDOWS\System32\ucrtbase.dll
0x00007ff8a05b0000 - 0x00007ff8a05c9000 	C:\Users\user\.jdks\corretto-11.0.17\bin\VCRUNTIME140.dll
0x00007ff8a05d0000 - 0x00007ff8a05e7000 	C:\Users\user\.jdks\corretto-11.0.17\bin\jli.dll
0x00007ff8de150000 - 0x00007ff8de2f1000 	C:\WINDOWS\System32\USER32.dll
0x00007ff8dc680000 - 0x00007ff8dc6a2000 	C:\WINDOWS\System32\win32u.dll
0x00007ff8dca00000 - 0x00007ff8dca2b000 	C:\WINDOWS\System32\GDI32.dll
0x00007ff8dc740000 - 0x00007ff8dc84f000 	C:\WINDOWS\System32\gdi32full.dll
0x00007ff8dc5e0000 - 0x00007ff8dc67d000 	C:\WINDOWS\System32\msvcp_win.dll
0x00007ff8c7320000 - 0x00007ff8c75ba000 	C:\WINDOWS\WinSxS\amd64_microsoft.windows.common-controls_6595b64144ccf1df_6.0.19041.1110_none_60b5254171f9507e\COMCTL32.dll
0x00007ff8dd6e0000 - 0x00007ff8dd77e000 	C:\WINDOWS\System32\msvcrt.dll
0x00007ff8dcea0000 - 0x00007ff8dced2000 	C:\WINDOWS\System32\IMM32.DLL
0x00007ff8699a0000 - 0x00007ff869a3b000 	C:\Users\user\.jdks\corretto-11.0.17\bin\msvcp140.dll
0x00007ff868e10000 - 0x00007ff869995000 	C:\Users\user\.jdks\corretto-11.0.17\bin\server\jvm.dll
0x00007ff8dd8e0000 - 0x00007ff8dd98e000 	C:\WINDOWS\System32\ADVAPI32.dll
0x00007ff8de710000 - 0x00007ff8de7ac000 	C:\WINDOWS\System32\sechost.dll
0x00007ff8de300000 - 0x00007ff8de425000 	C:\WINDOWS\System32\RPCRT4.dll
0x00007ff8de700000 - 0x00007ff8de708000 	C:\WINDOWS\System32\PSAPI.DLL
0x00007ff8cda70000 - 0x00007ff8cda79000 	C:\WINDOWS\SYSTEM32\WSOCK32.dll
0x00007ff8d2f50000 - 0x00007ff8d2f77000 	C:\WINDOWS\SYSTEM32\WINMM.dll
0x00007ff8d6bf0000 - 0x00007ff8d6bfa000 	C:\WINDOWS\SYSTEM32\VERSION.dll
0x00007ff8dc910000 - 0x00007ff8dc97b000 	C:\WINDOWS\System32\WS2_32.dll
0x00007ff8d9e60000 - 0x00007ff8d9e72000 	C:\WINDOWS\SYSTEM32\kernel.appcore.dll
0x00007ff8a6e40000 - 0x00007ff8a6e50000 	C:\Users\user\.jdks\corretto-11.0.17\bin\verify.dll
0x00007ff8d5e50000 - 0x00007ff8d6034000 	C:\WINDOWS\SYSTEM32\DBGHELP.DLL
0x00007ff8d5c10000 - 0x00007ff8d5c45000 	C:\WINDOWS\SYSTEM32\dbgcore.DLL
0x00007ff8dc6b0000 - 0x00007ff8dc732000 	C:\WINDOWS\System32\bcryptPrimitives.dll
0x00007ff8a0580000 - 0x00007ff8a05a8000 	C:\Users\user\.jdks\corretto-11.0.17\bin\java.dll
0x00007ff8a3100000 - 0x00007ff8a310a000 	C:\Users\user\.jdks\corretto-11.0.17\bin\jimage.dll
0x00007ff8a0560000 - 0x00007ff8a0578000 	C:\Users\user\.jdks\corretto-11.0.17\bin\zip.dll
0x00007ff8dd990000 - 0x00007ff8de0d5000 	C:\WINDOWS\System32\SHELL32.dll
0x00007ff8da060000 - 0x00007ff8da7f2000 	C:\WINDOWS\SYSTEM32\windows.storage.dll
0x00007ff8dca90000 - 0x00007ff8dcde5000 	C:\WINDOWS\System32\combase.dll
0x00007ff8db860000 - 0x00007ff8db890000 	C:\WINDOWS\SYSTEM32\Wldp.dll
0x00007ff8dcf40000 - 0x00007ff8dcfed000 	C:\WINDOWS\System32\SHCORE.dll
0x00007ff8dca30000 - 0x00007ff8dca85000 	C:\WINDOWS\System32\shlwapi.dll
0x00007ff8dbf00000 - 0x00007ff8dbf1f000 	C:\WINDOWS\SYSTEM32\profapi.dll
0x00007ff89f340000 - 0x00007ff89f359000 	C:\Users\user\.jdks\corretto-11.0.17\bin\net.dll
0x00007ff8d6190000 - 0x00007ff8d629c000 	C:\WINDOWS\SYSTEM32\WINHTTP.dll
0x00007ff8db640000 - 0x00007ff8db6aa000 	C:\WINDOWS\system32\mswsock.dll
0x00007ff89ef30000 - 0x00007ff89ef43000 	C:\Users\user\.jdks\corretto-11.0.17\bin\nio.dll
0x00007ff8aee70000 - 0x00007ff8aee97000 	C:\Users\user\.gradle\native\68d5fa5c4cc2d200863cafc0d521ce42e7d3e7ee720ec0a83991735586a16f82\windows-amd64\native-platform.dll
0x00007ff868480000 - 0x00007ff8685c4000 	C:\Users\user\.gradle\native\e376f236ea51e6404a007f0833ffe2c6e607c4080706a723a18a27aeea778392\windows-amd64\native-platform-file-events.dll
0x00007ff8a2570000 - 0x00007ff8a2579000 	C:\Users\user\.jdks\corretto-11.0.17\bin\management.dll
0x00007ff8a1370000 - 0x00007ff8a137b000 	C:\Users\user\.jdks\corretto-11.0.17\bin\management_ext.dll
0x00007ff8db8a0000 - 0x00007ff8db8b8000 	C:\WINDOWS\SYSTEM32\CRYPTSP.dll
0x00007ff8daf80000 - 0x00007ff8dafb4000 	C:\WINDOWS\system32\rsaenh.dll
0x00007ff8dc350000 - 0x00007ff8dc377000 	C:\WINDOWS\System32\bcrypt.dll
0x00007ff8dbec0000 - 0x00007ff8dbeee000 	C:\WINDOWS\SYSTEM32\USERENV.dll
0x00007ff8db7d0000 - 0x00007ff8db7dc000 	C:\WINDOWS\SYSTEM32\CRYPTBASE.dll
0x00007ff8db350000 - 0x00007ff8db38b000 	C:\WINDOWS\SYSTEM32\IPHLPAPI.DLL
0x00007ff8dd610000 - 0x00007ff8dd618000 	C:\WINDOWS\System32\NSI.dll
0x00007ff8d6c90000 - 0x00007ff8d6ca7000 	C:\WINDOWS\SYSTEM32\dhcpcsvc6.DLL
0x00007ff8d6c70000 - 0x00007ff8d6c8d000 	C:\WINDOWS\SYSTEM32\dhcpcsvc.DLL
0x00007ff8db390000 - 0x00007ff8db45b000 	C:\WINDOWS\SYSTEM32\DNSAPI.dll

dbghelp: loaded successfully - version: 4.0.5 - missing functions: none
symbol engine: initialized successfully - sym options: 0x614 - pdb path: .;C:\Users\user\.jdks\corretto-11.0.17\bin;C:\WINDOWS\SYSTEM32;C:\Program Files\Avast Software\Avast;C:\WINDOWS\WinSxS\amd64_microsoft.windows.common-controls_6595b64144ccf1df_6.0.19041.1110_none_60b5254171f9507e;C:\Users\user\.jdks\corretto-11.0.17\bin\server;C:\Users\user\.gradle\native\68d5fa5c4cc2d200863cafc0d521ce42e7d3e7ee720ec0a83991735586a16f82\windows-amd64;C:\Users\user\.gradle\native\e376f236ea51e6404a007f0833ffe2c6e607c4080706a723a18a27aeea778392\windows-amd64

VM Arguments:
jvm_args: --add-opens=java.base/java.util.concurrent.atomic=ALL-UNNAMED -XX:MaxMetaspaceSize=256m -XX:+HeapDumpOnOutOfMemoryError --add-opens=java.base/java.util=ALL-UNNAMED --add-opens=java.base/java.lang=ALL-UNNAMED --add-opens=java.base/java.lang.invoke=ALL-UNNAMED --add-opens=java.prefs/java.util.prefs=ALL-UNNAMED --add-opens=java.base/java.nio.charset=ALL-UNNAMED --add-opens=java.base/java.net=ALL-UNNAMED --add-opens=java.base/java.util.concurrent.atomic=ALL-UNNAMED -Xms256m -Xmx512m -Dfile.encoding=UTF-8 -Duser.country=KR -Duser.language=ko -Duser.variant 
java_command: org.gradle.launcher.daemon.bootstrap.GradleDaemon 7.6.1
java_class_path (initial): C:\Users\user\.gradle\wrapper\dists\gradle-7.6.1-bin\2clxi94ab3brv6467628wnxmd\gradle-7.6.1\lib\gradle-launcher-7.6.1.jar
Launcher Type: SUN_STANDARD

[Global flags]
     intx CICompilerCount                          = 4                                         {product} {ergonomic}
   size_t CompressedClassSpaceSize                 = 260046848                                 {product} {ergonomic}
     uint ConcGCThreads                            = 3                                         {product} {ergonomic}
     uint G1ConcRefinementThreads                  = 10                                        {product} {ergonomic}
   size_t G1HeapRegionSize                         = 1048576                                   {product} {ergonomic}
    uintx GCDrainStackTargetSize                   = 64                                        {product} {ergonomic}
     bool HeapDumpOnOutOfMemoryError               = true                                   {manageable} {command line}
   size_t InitialHeapSize                          = 268435456                                 {product} {command line}
   size_t MarkStackSize                            = 4194304                                   {product} {ergonomic}
   size_t MaxHeapSize                              = 536870912                                 {product} {command line}
   size_t MaxMetaspaceSize                         = 268435456                                 {product} {command line}
   size_t MaxNewSize                               = 321912832                                 {product} {ergonomic}
   size_t MinHeapDeltaBytes                        = 1048576                                   {product} {ergonomic}
    uintx NonNMethodCodeHeapSize                   = 5836300                                {pd product} {ergonomic}
    uintx NonProfiledCodeHeapSize                  = 122910970                              {pd product} {ergonomic}
    uintx ProfiledCodeHeapSize                     = 122910970                              {pd product} {ergonomic}
    uintx ReservedCodeCacheSize                    = 251658240                              {pd product} {ergonomic}
     bool SegmentedCodeCache                       = true                                      {product} {ergonomic}
     bool UseCompressedClassPointers               = true                                 {lp64_product} {ergonomic}
     bool UseCompressedOops                        = true                                 {lp64_product} {ergonomic}
     bool UseG1GC                                  = true                                      {product} {ergonomic}
     bool UseLargePagesIndividualAllocation        = false                                  {pd product} {ergonomic}

Logging:
Log output configuration:
 #0: stdout all=warning uptime,level,tags
 #1: stderr all=off uptime,level,tags

Environment Variables:
JAVA_HOME=C:\Program Files\Java\jdk-11.0.14\
PATH=C:\oraclexe\app\oracle\product\11.2.0\server\bin;"C:\ProgramData\Oracle\Java\javapath;C:\Program Files\Java\jdk1.8.0_151\bin";C:\WINDOWS\system32;C:\WINDOWS;C:\WINDOWS\System32\Wbem;C:\WINDOWS\System32\WindowsPowerShell\v1.0\;C:\WINDOWS\System32\OpenSSH\;C:\Program Files\Java\jdk1.8.0_281\bin;C:\Program Files\MySQL\MySQL Server 5.6\bin;C:\Program Files\Git\cmd;C:\Program Files\Perforce\;C:\Program Files\Java\jdk-11.0.14\\bin;C:\Program Files\Bandizip\;C:\Users\user\AppData\Local\Microsoft\WindowsApps;;C:\Program Files\JetBrains\IntelliJ IDEA 2022.3\bin;;C:\Users\user\AppData\Local\Programs\Microsoft VS Code\bin
USERNAME=user
OS=Windows_NT
PROCESSOR_IDENTIFIER=Intel64 Family 6 Model 165 Stepping 3, GenuineIntel
TMP=C:\Users\user\AppData\Local\Temp
TEMP=C:\Users\user\AppData\Local\Temp



---------------  S Y S T E M  ---------------

OS: Windows 10 , 64 bit Build 19041 (10.0.19041.2546)
OS uptime: 0 days 1:03 hours
Hyper-V role detected

CPU:total 12 (initial active 12) (6 cores per cpu, 2 threads per core) family 6 model 165 stepping 3 microcode 0xcc, cmov, cx8, fxsr, mmx, sse, sse2, sse3, ssse3, sse4.1, sse4.2, popcnt, avx, avx2, aes, clmul, erms, 3dnowpref, lzcnt, ht, tsc, tscinvbit, bmi1, bmi2, adx, fma

Memory: 4k page, system-wide physical 16317M (5047M free)
TotalPageFile size 16317M (AvailPageFile size 6M)
current process WorkingSet (physical memory assigned to process): 466M, peak: 466M
current process commit charge ("private bytes"): 538M, peak: 540M

vm_info: OpenJDK 64-Bit Server VM (11.0.17+8-LTS) for windows-amd64 JRE (11.0.17+8-LTS), built on Oct 14 2022 18:02:01 by "Administrator" with MS VC++ 15.9 (VS2017)

END.
