#
# There is insufficient memory for the Java Runtime Environment to continue.
# Native memory allocation (malloc) failed to allocate 2085936 bytes for Chunk::new
# Possible reasons:
#   The system is out of physical RAM or swap space
#   The process is running with CompressedOops enabled, and the Java Heap may be blocking the growth of the native heap
# Possible solutions:
#   Reduce memory load on the system
#   Increase physical memory or swap space
#   Check if swap backing store is full
#   Decrease Java heap size (-Xmx/-Xms)
#   Decrease number of Java threads
#   Decrease Java thread stack sizes (-Xss)
#   Set larger code cache with -XX:ReservedCodeCacheSize=
#   JVM is running with Unscaled Compressed Oops mode in which the Java heap is
#     placed in the first 4GB address space. The Java Heap base address is the
#     maximum limit for the native heap growth. Please use -XX:HeapBaseMinAddress
#     to set the Java Heap base and to place the Java Heap above 4GB virtual address.
# This output file may be truncated or incomplete.
#
#  Out of Memory Error (./src/hotspot/share/memory/arena.cpp:197), pid=11716, tid=1824
#
# JRE version: OpenJDK Runtime Environment Corretto-11.0.17.8.1 (11.0.17+8) (build 11.0.17+8-LTS)
# Java VM: OpenJDK 64-Bit Server VM Corretto-11.0.17.8.1 (11.0.17+8-LTS, mixed mode, tiered, compressed oops, g1 gc, windows-amd64)
# No core dump will be written. Minidumps are not enabled by default on client versions of Windows
#

---------------  S U M M A R Y ------------

Command Line: --add-opens=java.base/java.util.concurrent.atomic=ALL-UNNAMED -XX:MaxMetaspaceSize=256m -XX:+HeapDumpOnOutOfMemoryError --add-opens=java.base/java.util=ALL-UNNAMED --add-opens=java.base/java.lang=ALL-UNNAMED --add-opens=java.base/java.lang.invoke=ALL-UNNAMED --add-opens=java.prefs/java.util.prefs=ALL-UNNAMED --add-opens=java.base/java.nio.charset=ALL-UNNAMED --add-opens=java.base/java.net=ALL-UNNAMED --add-opens=java.base/java.util.concurrent.atomic=ALL-UNNAMED -Xms256m -Xmx512m -Dfile.encoding=UTF-8 -Duser.country=KR -Duser.language=ko -Duser.variant org.gradle.launcher.daemon.bootstrap.GradleDaemon 7.6.1

Host: Intel(R) Core(TM) i5-10400F CPU @ 2.90GHz, 12 cores, 15G,  Windows 10 , 64 bit Build 19041 (10.0.19041.2546)
Time: Wed Mar  1 15:13:57 2023  Windows 10 , 64 bit Build 19041 (10.0.19041.2546) elapsed time: 3.719602 seconds (0d 0h 0m 3s)

---------------  T H R E A D  ---------------

Current thread (0x00000253752fa000):  JavaThread "C2 CompilerThread0" daemon [_thread_in_native, id=1824, stack(0x000000f1fbe00000,0x000000f1fbf00000)]


Current CompileTask:
C2:   3719 2751       4       jdk.internal.loader.URLClassPath::getResource (74 bytes)

Stack: [0x000000f1fbe00000,0x000000f1fbf00000]
Native frames: (J=compiled Java code, j=interpreted, Vv=VM code, C=native code)
V  [jvm.dll+0x61f66a]
V  [jvm.dll+0x7ac889]
V  [jvm.dll+0x7adf78]
V  [jvm.dll+0x7ae653]
V  [jvm.dll+0x24fbe8]
V  [jvm.dll+0xc262c]
V  [jvm.dll+0xc2bec]
V  [jvm.dll+0x35a037]
V  [jvm.dll+0x19eac1]
V  [jvm.dll+0x209165]
V  [jvm.dll+0x20818d]
V  [jvm.dll+0x18a3c1]
V  [jvm.dll+0x217894]
V  [jvm.dll+0x215adb]
V  [jvm.dll+0x76f380]
V  [jvm.dll+0x7682b4]
V  [jvm.dll+0x61e4d5]
C  [ucrtbase.dll+0x21bb2]
C  [KERNEL32.DLL+0x17614]
C  [ntdll.dll+0x526a1]


---------------  P R O C E S S  ---------------

Threads class SMR info:
_java_thread_list=0x00000253796b5250, length=35, elements={
0x0000025356e43000, 0x00000253749e3000, 0x00000253749ef000, 0x00000253752f0800,
0x00000253752f1800, 0x00000253752f3000, 0x00000253752fa000, 0x00000253752fb800,
0x000002537530d800, 0x0000025375479000, 0x00000253773e6800, 0x0000025375533000,
0x0000025376206800, 0x0000025378a0b800, 0x0000025376995800, 0x0000025377c78800,
0x00000253780fe800, 0x0000025376d9f000, 0x000002537633b800, 0x0000025376b49800,
0x000002537815b800, 0x0000025378159000, 0x0000025378158000, 0x0000025377ffb800,
0x00000253782e4000, 0x0000025378159800, 0x000002537815a800, 0x000002537815c000,
0x000002537815d000, 0x0000025378157000, 0x000002537815d800, 0x0000025377fb2800,
0x0000025377fb3800, 0x0000025377fb6000, 0x0000025377fb4000
}

Java Threads: ( => current thread )
  0x0000025356e43000 JavaThread "main" [_thread_blocked, id=3768, stack(0x000000f1fb200000,0x000000f1fb300000)]
  0x00000253749e3000 JavaThread "Reference Handler" daemon [_thread_blocked, id=6064, stack(0x000000f1fb900000,0x000000f1fba00000)]
  0x00000253749ef000 JavaThread "Finalizer" daemon [_thread_blocked, id=7572, stack(0x000000f1fba00000,0x000000f1fbb00000)]
  0x00000253752f0800 JavaThread "Signal Dispatcher" daemon [_thread_blocked, id=8616, stack(0x000000f1fbb00000,0x000000f1fbc00000)]
  0x00000253752f1800 JavaThread "Attach Listener" daemon [_thread_blocked, id=12532, stack(0x000000f1fbc00000,0x000000f1fbd00000)]
  0x00000253752f3000 JavaThread "Service Thread" daemon [_thread_blocked, id=12580, stack(0x000000f1fbd00000,0x000000f1fbe00000)]
=>0x00000253752fa000 JavaThread "C2 CompilerThread0" daemon [_thread_in_native, id=1824, stack(0x000000f1fbe00000,0x000000f1fbf00000)]
  0x00000253752fb800 JavaThread "C1 CompilerThread0" daemon [_thread_in_vm, id=1584, stack(0x000000f1fbf00000,0x000000f1fc000000)]
  0x000002537530d800 JavaThread "Sweeper thread" daemon [_thread_blocked, id=15600, stack(0x000000f1fc000000,0x000000f1fc100000)]
  0x0000025375479000 JavaThread "Common-Cleaner" daemon [_thread_blocked, id=15536, stack(0x000000f1fc100000,0x000000f1fc200000)]
  0x00000253773e6800 JavaThread "Daemon health stats" [_thread_blocked, id=3368, stack(0x000000f1fca00000,0x000000f1fcb00000)]
  0x0000025375533000 JavaThread "Incoming local TCP Connector on port 53214" [_thread_in_native, id=4260, stack(0x000000f1fc300000,0x000000f1fc400000)]
  0x0000025376206800 JavaThread "Daemon periodic checks" [_thread_blocked, id=3840, stack(0x000000f1fc900000,0x000000f1fca00000)]
  0x0000025378a0b800 JavaThread "Daemon" [_thread_blocked, id=8940, stack(0x000000f1fcb00000,0x000000f1fcc00000)]
  0x0000025376995800 JavaThread "Handler for socket connection from /127.0.0.1:53214 to /127.0.0.1:53215" [_thread_in_native, id=12556, stack(0x000000f1fcc00000,0x000000f1fcd00000)]
  0x0000025377c78800 JavaThread "Cancel handler" [_thread_blocked, id=13680, stack(0x000000f1fcd00000,0x000000f1fce00000)]
  0x00000253780fe800 JavaThread "Daemon worker" [_thread_in_Java, id=12732, stack(0x000000f1fce00000,0x000000f1fcf00000)]
  0x0000025376d9f000 JavaThread "Asynchronous log dispatcher for DefaultDaemonConnection: socket connection from /127.0.0.1:53214 to /127.0.0.1:53215" [_thread_blocked, id=12368, stack(0x000000f1fcf00000,0x000000f1fd000000)]
  0x000002537633b800 JavaThread "Stdin handler" [_thread_blocked, id=9152, stack(0x000000f1fd000000,0x000000f1fd100000)]
  0x0000025376b49800 JavaThread "Daemon client event forwarder" [_thread_blocked, id=3736, stack(0x000000f1fd100000,0x000000f1fd200000)]
  0x000002537815b800 JavaThread "Cache worker for journal cache (C:\Users\user\.gradle\caches\journal-1)" [_thread_blocked, id=1548, stack(0x000000f1fd200000,0x000000f1fd300000)]
  0x0000025378159000 JavaThread "File lock request listener" [_thread_in_native, id=12548, stack(0x000000f1fd300000,0x000000f1fd400000)]
  0x0000025378158000 JavaThread "Cache worker for file hash cache (C:\Users\user\.gradle\caches\7.6.1\fileHashes)" [_thread_blocked, id=3848, stack(0x000000f1fda00000,0x000000f1fdb00000)]
  0x0000025377ffb800 JavaThread "C2 CompilerThread1" daemon [_thread_in_native, id=12760, stack(0x000000f1fdb00000,0x000000f1fdc00000)]
  0x00000253782e4000 JavaThread "C2 CompilerThread2" daemon [_thread_in_native, id=3960, stack(0x000000f1fdc00000,0x000000f1fdd00000)]
  0x0000025378159800 JavaThread "File watcher server" daemon [_thread_in_native, id=528, stack(0x000000f1fdd00000,0x000000f1fde00000)]
  0x000002537815a800 JavaThread "File watcher consumer" daemon [_thread_blocked, id=10260, stack(0x000000f1fde00000,0x000000f1fdf00000)]
  0x000002537815c000 JavaThread "Cache worker for checksums cache (C:\Lab실\helloSpring\.gradle\7.6.1\checksums)" [_thread_blocked, id=8704, stack(0x000000f1fdf00000,0x000000f1fe000000)]
  0x000002537815d000 JavaThread "Cache worker for cache directory md-rule (C:\Users\user\.gradle\caches\7.6.1\md-rule)" [_thread_blocked, id=4788, stack(0x000000f1fe000000,0x000000f1fe100000)]
  0x0000025378157000 JavaThread "Cache worker for file content cache (C:\Users\user\.gradle\caches\7.6.1\fileContent)" [_thread_blocked, id=9708, stack(0x000000f1fe100000,0x000000f1fe200000)]
  0x000002537815d800 JavaThread "Cache worker for file hash cache (C:\Lab실\helloSpring\.gradle\7.6.1\fileHashes)" [_thread_blocked, id=14800, stack(0x000000f1fe200000,0x000000f1fe300000)]
  0x0000025377fb2800 JavaThread "Cache worker for cache directory md-supplier (C:\Users\user\.gradle\caches\7.6.1\md-supplier)" [_thread_blocked, id=2912, stack(0x000000f1fe300000,0x000000f1fe400000)]
  0x0000025377fb3800 JavaThread "Cache worker for execution history cache (C:\Users\user\.gradle\caches\7.6.1\executionHistory)" [_thread_blocked, id=10112, stack(0x000000f1fe400000,0x000000f1fe500000)]
  0x0000025377fb6000 JavaThread "jar transforms" [_thread_blocked, id=8100, stack(0x000000f1fe500000,0x000000f1fe600000)]
  0x0000025377fb4000 JavaThread "jar transforms Thread 2" [_thread_blocked, id=4664, stack(0x000000f1fe600000,0x000000f1fe700000)]

Other Threads:
  0x00000253749bf800 VMThread "VM Thread" [stack: 0x000000f1fb800000,0x000000f1fb900000] [id=1532]
  0x00000253754af000 WatcherThread [stack: 0x000000f1fc200000,0x000000f1fc300000] [id=9644]
  0x0000025356e5a000 GCTaskThread "GC Thread#0" [stack: 0x000000f1fb300000,0x000000f1fb400000] [id=14508]
  0x0000025375f76000 GCTaskThread "GC Thread#1" [stack: 0x000000f1fc400000,0x000000f1fc500000] [id=16224]
  0x00000253762af800 GCTaskThread "GC Thread#2" [stack: 0x000000f1fc500000,0x000000f1fc600000] [id=1544]
  0x0000025376284800 GCTaskThread "GC Thread#3" [stack: 0x000000f1fc600000,0x000000f1fc700000] [id=13768]
  0x0000025375f4a000 GCTaskThread "GC Thread#4" [stack: 0x000000f1fc700000,0x000000f1fc800000] [id=11552]
  0x0000025376605000 GCTaskThread "GC Thread#5" [stack: 0x000000f1fc800000,0x000000f1fc900000] [id=16432]
  0x0000025376968800 GCTaskThread "GC Thread#6" [stack: 0x000000f1fd400000,0x000000f1fd500000] [id=16344]
  0x000002537808d000 GCTaskThread "GC Thread#7" [stack: 0x000000f1fd500000,0x000000f1fd600000] [id=10760]
  0x0000025377a5d800 GCTaskThread "GC Thread#8" [stack: 0x000000f1fd600000,0x000000f1fd700000] [id=13868]
  0x0000025377aa8000 GCTaskThread "GC Thread#9" [stack: 0x000000f1fd700000,0x000000f1fd800000] [id=8248]
  0x0000025356e6d000 ConcurrentGCThread "G1 Main Marker" [stack: 0x000000f1fb400000,0x000000f1fb500000] [id=2628]
  0x0000025356e6e800 ConcurrentGCThread "G1 Conc#0" [stack: 0x000000f1fb500000,0x000000f1fb600000] [id=1200]
  0x0000025376d1f800 ConcurrentGCThread "G1 Conc#1" [stack: 0x000000f1fd800000,0x000000f1fd900000] [id=6508]
  0x000002537655f000 ConcurrentGCThread "G1 Conc#2" [stack: 0x000000f1fd900000,0x000000f1fda00000] [id=492]
  0x0000025374856800 ConcurrentGCThread "G1 Refine#0" [stack: 0x000000f1fb600000,0x000000f1fb700000] [id=9772]
  0x0000025374858800 ConcurrentGCThread "G1 Young RemSet Sampling" [stack: 0x000000f1fb700000,0x000000f1fb800000] [id=16228]

Threads with active compile tasks:
C2 CompilerThread0     3767 2751       4       jdk.internal.loader.URLClassPath::getResource (74 bytes)
C1 CompilerThread0     3767 3215       3       java.util.ArrayDeque::size (17 bytes)
C2 CompilerThread1     3768 3201       4       jdk.internal.org.objectweb.asm.Type::getArgumentsAndReturnSizes (151 bytes)
C2 CompilerThread2     3768 3210       4       jdk.internal.jimage.ImageStringsReader::charsFromByteBufferLength (47 bytes)

VM state:not at safepoint (normal execution)

VM Mutex/Monitor currently owned by a thread: None

Heap address: 0x00000000e0000000, size: 512 MB, Compressed Oops mode: 32-bit
Narrow klass base: 0x0000000000000000, Narrow klass shift: 3
Compressed class space size: 260046848 Address: 0x0000000100000000

Heap:
 garbage-first heap   total 262144K, used 35255K [0x00000000e0000000, 0x0000000100000000)
  region size 1024K, 20 young (20480K), 6 survivors (6144K)
 Metaspace       used 39005K, capacity 39957K, committed 40240K, reserved 288768K
  class space    used 5028K, capacity 5403K, committed 5504K, reserved 253952K
Heap Regions: E=young(eden), S=young(survivor), O=old, HS=humongous(starts), HC=humongous(continues), CS=collection set, F=free, A=archive, TAMS=top-at-mark-start (previous, next)
|   0|0x00000000e0000000, 0x00000000e0100000, 0x00000000e0100000|100%|HS|  |TAMS 0x00000000e0100000, 0x00000000e0000000| Complete 
|   1|0x00000000e0100000, 0x00000000e0200000, 0x00000000e0200000|100%|HC|  |TAMS 0x00000000e0200000, 0x00000000e0100000| Complete 
|   2|0x00000000e0200000, 0x00000000e0300000, 0x00000000e0300000|100%|HC|  |TAMS 0x00000000e0300000, 0x00000000e0200000| Complete 
|   3|0x00000000e0300000, 0x00000000e0400000, 0x00000000e0400000|100%| O|  |TAMS 0x00000000e0400000, 0x00000000e0300000| Untracked 
|   4|0x00000000e0400000, 0x00000000e0500000, 0x00000000e0500000|100%| O|  |TAMS 0x00000000e0500000, 0x00000000e0400000| Untracked 
|   5|0x00000000e0500000, 0x00000000e0600000, 0x00000000e0600000|100%| O|  |TAMS 0x00000000e0600000, 0x00000000e0500000| Untracked 
|   6|0x00000000e0600000, 0x00000000e0700000, 0x00000000e0700000|100%| O|  |TAMS 0x00000000e0700000, 0x00000000e0600000| Untracked 
|   7|0x00000000e0700000, 0x00000000e0800000, 0x00000000e0800000|100%| O|  |TAMS 0x00000000e0800000, 0x00000000e0700000| Untracked 
|   8|0x00000000e0800000, 0x00000000e0900000, 0x00000000e0900000|100%| O|  |TAMS 0x00000000e0900000, 0x00000000e0800000| Untracked 
|   9|0x00000000e0900000, 0x00000000e0a00000, 0x00000000e0a00000|100%| O|  |TAMS 0x00000000e0a00000, 0x00000000e0900000| Untracked 
|  10|0x00000000e0a00000, 0x00000000e0b00000, 0x00000000e0b00000|100%| O|  |TAMS 0x00000000e0b00000, 0x00000000e0a00000| Untracked 
|  11|0x00000000e0b00000, 0x00000000e0c00000, 0x00000000e0c00000|100%| O|  |TAMS 0x00000000e0c00000, 0x00000000e0b00000| Untracked 
|  12|0x00000000e0c00000, 0x00000000e0d00000, 0x00000000e0d00000|100%| O|  |TAMS 0x00000000e0d00000, 0x00000000e0c00000| Untracked 
|  13|0x00000000e0d00000, 0x00000000e0e00000, 0x00000000e0e00000|100%| O|  |TAMS 0x00000000e0e00000, 0x00000000e0d00000| Untracked 
|  14|0x00000000e0e00000, 0x00000000e0f00000, 0x00000000e0f00000|100%| O|  |TAMS 0x00000000e0f00000, 0x00000000e0e00000| Untracked 
|  15|0x00000000e0f00000, 0x00000000e1000000, 0x00000000e1000000|100%| O|  |TAMS 0x00000000e1000000, 0x00000000e0f00000| Untracked 
|  16|0x00000000e1000000, 0x00000000e1100000, 0x00000000e1100000|100%| O|  |TAMS 0x00000000e1100000, 0x00000000e1000000| Untracked 
|  17|0x00000000e1100000, 0x00000000e1115e00, 0x00000000e1200000|  8%| O|  |TAMS 0x00000000e1115e00, 0x00000000e1100000| Untracked 
|  18|0x00000000e1200000, 0x00000000e1200000, 0x00000000e1300000|  0%| F|  |TAMS 0x00000000e1200000, 0x00000000e1200000| Untracked 
|  19|0x00000000e1300000, 0x00000000e1300000, 0x00000000e1400000|  0%| F|  |TAMS 0x00000000e1300000, 0x00000000e1300000| Untracked 
|  20|0x00000000e1400000, 0x00000000e1400000, 0x00000000e1500000|  0%| F|  |TAMS 0x00000000e1400000, 0x00000000e1400000| Untracked 
|  21|0x00000000e1500000, 0x00000000e1500000, 0x00000000e1600000|  0%| F|  |TAMS 0x00000000e1500000, 0x00000000e1500000| Untracked 
|  22|0x00000000e1600000, 0x00000000e1600000, 0x00000000e1700000|  0%| F|  |TAMS 0x00000000e1600000, 0x00000000e1600000| Untracked 
|  23|0x00000000e1700000, 0x00000000e1700000, 0x00000000e1800000|  0%| F|  |TAMS 0x00000000e1700000, 0x00000000e1700000| Untracked 
|  24|0x00000000e1800000, 0x00000000e1800000, 0x00000000e1900000|  0%| F|  |TAMS 0x00000000e1800000, 0x00000000e1800000| Untracked 
|  25|0x00000000e1900000, 0x00000000e1900000, 0x00000000e1a00000|  0%| F|  |TAMS 0x00000000e1900000, 0x00000000e1900000| Untracked 
|  26|0x00000000e1a00000, 0x00000000e1a00000, 0x00000000e1b00000|  0%| F|  |TAMS 0x00000000e1a00000, 0x00000000e1a00000| Untracked 
|  27|0x00000000e1b00000, 0x00000000e1b00000, 0x00000000e1c00000|  0%| F|  |TAMS 0x00000000e1b00000, 0x00000000e1b00000| Untracked 
|  28|0x00000000e1c00000, 0x00000000e1c00000, 0x00000000e1d00000|  0%| F|  |TAMS 0x00000000e1c00000, 0x00000000e1c00000| Untracked 
|  29|0x00000000e1d00000, 0x00000000e1d00000, 0x00000000e1e00000|  0%| F|  |TAMS 0x00000000e1d00000, 0x00000000e1d00000| Untracked 
|  30|0x00000000e1e00000, 0x00000000e1e00000, 0x00000000e1f00000|  0%| F|  |TAMS 0x00000000e1e00000, 0x00000000e1e00000| Untracked 
|  31|0x00000000e1f00000, 0x00000000e1f00000, 0x00000000e2000000|  0%| F|  |TAMS 0x00000000e1f00000, 0x00000000e1f00000| Untracked 
|  32|0x00000000e2000000, 0x00000000e2000000, 0x00000000e2100000|  0%| F|  |TAMS 0x00000000e2000000, 0x00000000e2000000| Untracked 
|  33|0x00000000e2100000, 0x00000000e2100000, 0x00000000e2200000|  0%| F|  |TAMS 0x00000000e2100000, 0x00000000e2100000| Untracked 
|  34|0x00000000e2200000, 0x00000000e2200000, 0x00000000e2300000|  0%| F|  |TAMS 0x00000000e2200000, 0x00000000e2200000| Untracked 
|  35|0x00000000e2300000, 0x00000000e2300000, 0x00000000e2400000|  0%| F|  |TAMS 0x00000000e2300000, 0x00000000e2300000| Untracked 
|  36|0x00000000e2400000, 0x00000000e2400000, 0x00000000e2500000|  0%| F|  |TAMS 0x00000000e2400000, 0x00000000e2400000| Untracked 
|  37|0x00000000e2500000, 0x00000000e2500000, 0x00000000e2600000|  0%| F|  |TAMS 0x00000000e2500000, 0x00000000e2500000| Untracked 
|  38|0x00000000e2600000, 0x00000000e2600000, 0x00000000e2700000|  0%| F|  |TAMS 0x00000000e2600000, 0x00000000e2600000| Untracked 
|  39|0x00000000e2700000, 0x00000000e2700000, 0x00000000e2800000|  0%| F|  |TAMS 0x00000000e2700000, 0x00000000e2700000| Untracked 
|  40|0x00000000e2800000, 0x00000000e2800000, 0x00000000e2900000|  0%| F|  |TAMS 0x00000000e2800000, 0x00000000e2800000| Untracked 
|  41|0x00000000e2900000, 0x00000000e2900000, 0x00000000e2a00000|  0%| F|  |TAMS 0x00000000e2900000, 0x00000000e2900000| Untracked 
|  42|0x00000000e2a00000, 0x00000000e2a00000, 0x00000000e2b00000|  0%| F|  |TAMS 0x00000000e2a00000, 0x00000000e2a00000| Untracked 
|  43|0x00000000e2b00000, 0x00000000e2b00000, 0x00000000e2c00000|  0%| F|  |TAMS 0x00000000e2b00000, 0x00000000e2b00000| Untracked 
|  44|0x00000000e2c00000, 0x00000000e2c00000, 0x00000000e2d00000|  0%| F|  |TAMS 0x00000000e2c00000, 0x00000000e2c00000| Untracked 
|  45|0x00000000e2d00000, 0x00000000e2d00000, 0x00000000e2e00000|  0%| F|  |TAMS 0x00000000e2d00000, 0x00000000e2d00000| Untracked 
|  46|0x00000000e2e00000, 0x00000000e2e00000, 0x00000000e2f00000|  0%| F|  |TAMS 0x00000000e2e00000, 0x00000000e2e00000| Untracked 
|  47|0x00000000e2f00000, 0x00000000e2f00000, 0x00000000e3000000|  0%| F|  |TAMS 0x00000000e2f00000, 0x00000000e2f00000| Untracked 
|  48|0x00000000e3000000, 0x00000000e3000000, 0x00000000e3100000|  0%| F|  |TAMS 0x00000000e3000000, 0x00000000e3000000| Untracked 
|  49|0x00000000e3100000, 0x00000000e3100000, 0x00000000e3200000|  0%| F|  |TAMS 0x00000000e3100000, 0x00000000e3100000| Untracked 
|  50|0x00000000e3200000, 0x00000000e3200000, 0x00000000e3300000|  0%| F|  |TAMS 0x00000000e3200000, 0x00000000e3200000| Untracked 
|  51|0x00000000e3300000, 0x00000000e3300000, 0x00000000e3400000|  0%| F|  |TAMS 0x00000000e3300000, 0x00000000e3300000| Untracked 
|  52|0x00000000e3400000, 0x00000000e3400000, 0x00000000e3500000|  0%| F|  |TAMS 0x00000000e3400000, 0x00000000e3400000| Untracked 
|  53|0x00000000e3500000, 0x00000000e3500000, 0x00000000e3600000|  0%| F|  |TAMS 0x00000000e3500000, 0x00000000e3500000| Untracked 
|  54|0x00000000e3600000, 0x00000000e3600000, 0x00000000e3700000|  0%| F|  |TAMS 0x00000000e3600000, 0x00000000e3600000| Untracked 
|  55|0x00000000e3700000, 0x00000000e3700000, 0x00000000e3800000|  0%| F|  |TAMS 0x00000000e3700000, 0x00000000e3700000| Untracked 
|  56|0x00000000e3800000, 0x00000000e3800000, 0x00000000e3900000|  0%| F|  |TAMS 0x00000000e3800000, 0x00000000e3800000| Untracked 
|  57|0x00000000e3900000, 0x00000000e3900000, 0x00000000e3a00000|  0%| F|  |TAMS 0x00000000e3900000, 0x00000000e3900000| Untracked 
|  58|0x00000000e3a00000, 0x00000000e3a00000, 0x00000000e3b00000|  0%| F|  |TAMS 0x00000000e3a00000, 0x00000000e3a00000| Untracked 
|  59|0x00000000e3b00000, 0x00000000e3b00000, 0x00000000e3c00000|  0%| F|  |TAMS 0x00000000e3b00000, 0x00000000e3b00000| Untracked 
|  60|0x00000000e3c00000, 0x00000000e3c00000, 0x00000000e3d00000|  0%| F|  |TAMS 0x00000000e3c00000, 0x00000000e3c00000| Untracked 
|  61|0x00000000e3d00000, 0x00000000e3d00000, 0x00000000e3e00000|  0%| F|  |TAMS 0x00000000e3d00000, 0x00000000e3d00000| Untracked 
|  62|0x00000000e3e00000, 0x00000000e3e00000, 0x00000000e3f00000|  0%| F|  |TAMS 0x00000000e3e00000, 0x00000000e3e00000| Untracked 
|  63|0x00000000e3f00000, 0x00000000e3f00000, 0x00000000e4000000|  0%| F|  |TAMS 0x00000000e3f00000, 0x00000000e3f00000| Untracked 
|  64|0x00000000e4000000, 0x00000000e4000000, 0x00000000e4100000|  0%| F|  |TAMS 0x00000000e4000000, 0x00000000e4000000| Untracked 
|  65|0x00000000e4100000, 0x00000000e4100000, 0x00000000e4200000|  0%| F|  |TAMS 0x00000000e4100000, 0x00000000e4100000| Untracked 
|  66|0x00000000e4200000, 0x00000000e4200000, 0x00000000e4300000|  0%| F|  |TAMS 0x00000000e4200000, 0x00000000e4200000| Untracked 
|  67|0x00000000e4300000, 0x00000000e4300000, 0x00000000e4400000|  0%| F|  |TAMS 0x00000000e4300000, 0x00000000e4300000| Untracked 
|  68|0x00000000e4400000, 0x00000000e4400000, 0x00000000e4500000|  0%| F|  |TAMS 0x00000000e4400000, 0x00000000e4400000| Untracked 
|  69|0x00000000e4500000, 0x00000000e4500000, 0x00000000e4600000|  0%| F|  |TAMS 0x00000000e4500000, 0x00000000e4500000| Untracked 
|  70|0x00000000e4600000, 0x00000000e4600000, 0x00000000e4700000|  0%| F|  |TAMS 0x00000000e4600000, 0x00000000e4600000| Untracked 
|  71|0x00000000e4700000, 0x00000000e4700000, 0x00000000e4800000|  0%| F|  |TAMS 0x00000000e4700000, 0x00000000e4700000| Untracked 
|  72|0x00000000e4800000, 0x00000000e4800000, 0x00000000e4900000|  0%| F|  |TAMS 0x00000000e4800000, 0x00000000e4800000| Untracked 
|  73|0x00000000e4900000, 0x00000000e4900000, 0x00000000e4a00000|  0%| F|  |TAMS 0x00000000e4900000, 0x00000000e4900000| Untracked 
|  74|0x00000000e4a00000, 0x00000000e4a00000, 0x00000000e4b00000|  0%| F|  |TAMS 0x00000000e4a00000, 0x00000000e4a00000| Untracked 
|  75|0x00000000e4b00000, 0x00000000e4b00000, 0x00000000e4c00000|  0%| F|  |TAMS 0x00000000e4b00000, 0x00000000e4b00000| Untracked 
|  76|0x00000000e4c00000, 0x00000000e4c00000, 0x00000000e4d00000|  0%| F|  |TAMS 0x00000000e4c00000, 0x00000000e4c00000| Untracked 
|  77|0x00000000e4d00000, 0x00000000e4d00000, 0x00000000e4e00000|  0%| F|  |TAMS 0x00000000e4d00000, 0x00000000e4d00000| Untracked 
|  78|0x00000000e4e00000, 0x00000000e4e00000, 0x00000000e4f00000|  0%| F|  |TAMS 0x00000000e4e00000, 0x00000000e4e00000| Untracked 
|  79|0x00000000e4f00000, 0x00000000e4f00000, 0x00000000e5000000|  0%| F|  |TAMS 0x00000000e4f00000, 0x00000000e4f00000| Untracked 
|  80|0x00000000e5000000, 0x00000000e5000000, 0x00000000e5100000|  0%| F|  |TAMS 0x00000000e5000000, 0x00000000e5000000| Untracked 
|  81|0x00000000e5100000, 0x00000000e5100000, 0x00000000e5200000|  0%| F|  |TAMS 0x00000000e5100000, 0x00000000e5100000| Untracked 
|  82|0x00000000e5200000, 0x00000000e5200000, 0x00000000e5300000|  0%| F|  |TAMS 0x00000000e5200000, 0x00000000e5200000| Untracked 
|  83|0x00000000e5300000, 0x00000000e5300000, 0x00000000e5400000|  0%| F|  |TAMS 0x00000000e5300000, 0x00000000e5300000| Untracked 
|  84|0x00000000e5400000, 0x00000000e5400000, 0x00000000e5500000|  0%| F|  |TAMS 0x00000000e5400000, 0x00000000e5400000| Untracked 
|  85|0x00000000e5500000, 0x00000000e5500000, 0x00000000e5600000|  0%| F|  |TAMS 0x00000000e5500000, 0x00000000e5500000| Untracked 
|  86|0x00000000e5600000, 0x00000000e5600000, 0x00000000e5700000|  0%| F|  |TAMS 0x00000000e5600000, 0x00000000e5600000| Untracked 
|  87|0x00000000e5700000, 0x00000000e5700000, 0x00000000e5800000|  0%| F|  |TAMS 0x00000000e5700000, 0x00000000e5700000| Untracked 
|  88|0x00000000e5800000, 0x00000000e5800000, 0x00000000e5900000|  0%| F|  |TAMS 0x00000000e5800000, 0x00000000e5800000| Untracked 
|  89|0x00000000e5900000, 0x00000000e5900000, 0x00000000e5a00000|  0%| F|  |TAMS 0x00000000e5900000, 0x00000000e5900000| Untracked 
|  90|0x00000000e5a00000, 0x00000000e5a00000, 0x00000000e5b00000|  0%| F|  |TAMS 0x00000000e5a00000, 0x00000000e5a00000| Untracked 
|  91|0x00000000e5b00000, 0x00000000e5b00000, 0x00000000e5c00000|  0%| F|  |TAMS 0x00000000e5b00000, 0x00000000e5b00000| Untracked 
|  92|0x00000000e5c00000, 0x00000000e5c00000, 0x00000000e5d00000|  0%| F|  |TAMS 0x00000000e5c00000, 0x00000000e5c00000| Untracked 
|  93|0x00000000e5d00000, 0x00000000e5d00000, 0x00000000e5e00000|  0%| F|  |TAMS 0x00000000e5d00000, 0x00000000e5d00000| Untracked 
|  94|0x00000000e5e00000, 0x00000000e5e00000, 0x00000000e5f00000|  0%| F|  |TAMS 0x00000000e5e00000, 0x00000000e5e00000| Untracked 
|  95|0x00000000e5f00000, 0x00000000e5f00000, 0x00000000e6000000|  0%| F|  |TAMS 0x00000000e5f00000, 0x00000000e5f00000| Untracked 
|  96|0x00000000e6000000, 0x00000000e6000000, 0x00000000e6100000|  0%| F|  |TAMS 0x00000000e6000000, 0x00000000e6000000| Untracked 
|  97|0x00000000e6100000, 0x00000000e6100000, 0x00000000e6200000|  0%| F|  |TAMS 0x00000000e6100000, 0x00000000e6100000| Untracked 
|  98|0x00000000e6200000, 0x00000000e6200000, 0x00000000e6300000|  0%| F|  |TAMS 0x00000000e6200000, 0x00000000e6200000| Untracked 
|  99|0x00000000e6300000, 0x00000000e6300000, 0x00000000e6400000|  0%| F|  |TAMS 0x00000000e6300000, 0x00000000e6300000| Untracked 
| 100|0x00000000e6400000, 0x00000000e6400000, 0x00000000e6500000|  0%| F|  |TAMS 0x00000000e6400000, 0x00000000e6400000| Untracked 
| 101|0x00000000e6500000, 0x00000000e6500000, 0x00000000e6600000|  0%| F|  |TAMS 0x00000000e6500000, 0x00000000e6500000| Untracked 
| 102|0x00000000e6600000, 0x00000000e6600000, 0x00000000e6700000|  0%| F|  |TAMS 0x00000000e6600000, 0x00000000e6600000| Untracked 
| 103|0x00000000e6700000, 0x00000000e6700000, 0x00000000e6800000|  0%| F|  |TAMS 0x00000000e6700000, 0x00000000e6700000| Untracked 
| 104|0x00000000e6800000, 0x00000000e6800000, 0x00000000e6900000|  0%| F|  |TAMS 0x00000000e6800000, 0x00000000e6800000| Untracked 
| 105|0x00000000e6900000, 0x00000000e6900000, 0x00000000e6a00000|  0%| F|  |TAMS 0x00000000e6900000, 0x00000000e6900000| Untracked 
| 106|0x00000000e6a00000, 0x00000000e6a00000, 0x00000000e6b00000|  0%| F|  |TAMS 0x00000000e6a00000, 0x00000000e6a00000| Untracked 
| 107|0x00000000e6b00000, 0x00000000e6b00000, 0x00000000e6c00000|  0%| F|  |TAMS 0x00000000e6b00000, 0x00000000e6b00000| Untracked 
| 108|0x00000000e6c00000, 0x00000000e6c00000, 0x00000000e6d00000|  0%| F|  |TAMS 0x00000000e6c00000, 0x00000000e6c00000| Untracked 
| 109|0x00000000e6d00000, 0x00000000e6d00000, 0x00000000e6e00000|  0%| F|  |TAMS 0x00000000e6d00000, 0x00000000e6d00000| Untracked 
| 110|0x00000000e6e00000, 0x00000000e6e00000, 0x00000000e6f00000|  0%| F|  |TAMS 0x00000000e6e00000, 0x00000000e6e00000| Untracked 
| 111|0x00000000e6f00000, 0x00000000e6f00000, 0x00000000e7000000|  0%| F|  |TAMS 0x00000000e6f00000, 0x00000000e6f00000| Untracked 
| 112|0x00000000e7000000, 0x00000000e7000000, 0x00000000e7100000|  0%| F|  |TAMS 0x00000000e7000000, 0x00000000e7000000| Untracked 
| 113|0x00000000e7100000, 0x00000000e7100000, 0x00000000e7200000|  0%| F|  |TAMS 0x00000000e7100000, 0x00000000e7100000| Untracked 
| 114|0x00000000e7200000, 0x00000000e7200000, 0x00000000e7300000|  0%| F|  |TAMS 0x00000000e7200000, 0x00000000e7200000| Untracked 
| 115|0x00000000e7300000, 0x00000000e7300000, 0x00000000e7400000|  0%| F|  |TAMS 0x00000000e7300000, 0x00000000e7300000| Untracked 
| 116|0x00000000e7400000, 0x00000000e7400000, 0x00000000e7500000|  0%| F|  |TAMS 0x00000000e7400000, 0x00000000e7400000| Untracked 
| 117|0x00000000e7500000, 0x00000000e7500000, 0x00000000e7600000|  0%| F|  |TAMS 0x00000000e7500000, 0x00000000e7500000| Untracked 
| 118|0x00000000e7600000, 0x00000000e7600000, 0x00000000e7700000|  0%| F|  |TAMS 0x00000000e7600000, 0x00000000e7600000| Untracked 
| 119|0x00000000e7700000, 0x00000000e7700000, 0x00000000e7800000|  0%| F|  |TAMS 0x00000000e7700000, 0x00000000e7700000| Untracked 
| 120|0x00000000e7800000, 0x00000000e7800000, 0x00000000e7900000|  0%| F|  |TAMS 0x00000000e7800000, 0x00000000e7800000| Untracked 
| 121|0x00000000e7900000, 0x00000000e7900000, 0x00000000e7a00000|  0%| F|  |TAMS 0x00000000e7900000, 0x00000000e7900000| Untracked 
| 122|0x00000000e7a00000, 0x00000000e7a00000, 0x00000000e7b00000|  0%| F|  |TAMS 0x00000000e7a00000, 0x00000000e7a00000| Untracked 
| 123|0x00000000e7b00000, 0x00000000e7b00000, 0x00000000e7c00000|  0%| F|  |TAMS 0x00000000e7b00000, 0x00000000e7b00000| Untracked 
| 124|0x00000000e7c00000, 0x00000000e7c00000, 0x00000000e7d00000|  0%| F|  |TAMS 0x00000000e7c00000, 0x00000000e7c00000| Untracked 
| 125|0x00000000e7d00000, 0x00000000e7d00000, 0x00000000e7e00000|  0%| F|  |TAMS 0x00000000e7d00000, 0x00000000e7d00000| Untracked 
| 126|0x00000000e7e00000, 0x00000000e7e00000, 0x00000000e7f00000|  0%| F|  |TAMS 0x00000000e7e00000, 0x00000000e7e00000| Untracked 
| 127|0x00000000e7f00000, 0x00000000e7f00000, 0x00000000e8000000|  0%| F|  |TAMS 0x00000000e7f00000, 0x00000000e7f00000| Untracked 
| 128|0x00000000e8000000, 0x00000000e8000000, 0x00000000e8100000|  0%| F|  |TAMS 0x00000000e8000000, 0x00000000e8000000| Untracked 
| 129|0x00000000e8100000, 0x00000000e8100000, 0x00000000e8200000|  0%| F|  |TAMS 0x00000000e8100000, 0x00000000e8100000| Untracked 
| 130|0x00000000e8200000, 0x00000000e8200000, 0x00000000e8300000|  0%| F|  |TAMS 0x00000000e8200000, 0x00000000e8200000| Untracked 
| 131|0x00000000e8300000, 0x00000000e8300000, 0x00000000e8400000|  0%| F|  |TAMS 0x00000000e8300000, 0x00000000e8300000| Untracked 
| 132|0x00000000e8400000, 0x00000000e8400000, 0x00000000e8500000|  0%| F|  |TAMS 0x00000000e8400000, 0x00000000e8400000| Untracked 
| 133|0x00000000e8500000, 0x00000000e8500000, 0x00000000e8600000|  0%| F|  |TAMS 0x00000000e8500000, 0x00000000e8500000| Untracked 
| 134|0x00000000e8600000, 0x00000000e8600000, 0x00000000e8700000|  0%| F|  |TAMS 0x00000000e8600000, 0x00000000e8600000| Untracked 
| 135|0x00000000e8700000, 0x00000000e8700000, 0x00000000e8800000|  0%| F|  |TAMS 0x00000000e8700000, 0x00000000e8700000| Untracked 
| 136|0x00000000e8800000, 0x00000000e8800000, 0x00000000e8900000|  0%| F|  |TAMS 0x00000000e8800000, 0x00000000e8800000| Untracked 
| 137|0x00000000e8900000, 0x00000000e8900000, 0x00000000e8a00000|  0%| F|  |TAMS 0x00000000e8900000, 0x00000000e8900000| Untracked 
| 138|0x00000000e8a00000, 0x00000000e8a00000, 0x00000000e8b00000|  0%| F|  |TAMS 0x00000000e8a00000, 0x00000000e8a00000| Untracked 
| 139|0x00000000e8b00000, 0x00000000e8b00000, 0x00000000e8c00000|  0%| F|  |TAMS 0x00000000e8b00000, 0x00000000e8b00000| Untracked 
| 140|0x00000000e8c00000, 0x00000000e8c00000, 0x00000000e8d00000|  0%| F|  |TAMS 0x00000000e8c00000, 0x00000000e8c00000| Untracked 
| 141|0x00000000e8d00000, 0x00000000e8d00000, 0x00000000e8e00000|  0%| F|  |TAMS 0x00000000e8d00000, 0x00000000e8d00000| Untracked 
| 142|0x00000000e8e00000, 0x00000000e8e00000, 0x00000000e8f00000|  0%| F|  |TAMS 0x00000000e8e00000, 0x00000000e8e00000| Untracked 
| 143|0x00000000e8f00000, 0x00000000e8f00000, 0x00000000e9000000|  0%| F|  |TAMS 0x00000000e8f00000, 0x00000000e8f00000| Untracked 
| 144|0x00000000e9000000, 0x00000000e9000000, 0x00000000e9100000|  0%| F|  |TAMS 0x00000000e9000000, 0x00000000e9000000| Untracked 
| 145|0x00000000e9100000, 0x00000000e9100000, 0x00000000e9200000|  0%| F|  |TAMS 0x00000000e9100000, 0x00000000e9100000| Untracked 
| 146|0x00000000e9200000, 0x00000000e9200000, 0x00000000e9300000|  0%| F|  |TAMS 0x00000000e9200000, 0x00000000e9200000| Untracked 
| 147|0x00000000e9300000, 0x00000000e9300000, 0x00000000e9400000|  0%| F|  |TAMS 0x00000000e9300000, 0x00000000e9300000| Untracked 
| 148|0x00000000e9400000, 0x00000000e9400000, 0x00000000e9500000|  0%| F|  |TAMS 0x00000000e9400000, 0x00000000e9400000| Untracked 
| 149|0x00000000e9500000, 0x00000000e9500000, 0x00000000e9600000|  0%| F|  |TAMS 0x00000000e9500000, 0x00000000e9500000| Untracked 
| 150|0x00000000e9600000, 0x00000000e9600000, 0x00000000e9700000|  0%| F|  |TAMS 0x00000000e9600000, 0x00000000e9600000| Untracked 
| 151|0x00000000e9700000, 0x00000000e9700000, 0x00000000e9800000|  0%| F|  |TAMS 0x00000000e9700000, 0x00000000e9700000| Untracked 
| 152|0x00000000e9800000, 0x00000000e9800000, 0x00000000e9900000|  0%| F|  |TAMS 0x00000000e9800000, 0x00000000e9800000| Untracked 
| 153|0x00000000e9900000, 0x00000000e9900000, 0x00000000e9a00000|  0%| F|  |TAMS 0x00000000e9900000, 0x00000000e9900000| Untracked 
| 154|0x00000000e9a00000, 0x00000000e9a00000, 0x00000000e9b00000|  0%| F|  |TAMS 0x00000000e9a00000, 0x00000000e9a00000| Untracked 
| 155|0x00000000e9b00000, 0x00000000e9b00000, 0x00000000e9c00000|  0%| F|  |TAMS 0x00000000e9b00000, 0x00000000e9b00000| Untracked 
| 156|0x00000000e9c00000, 0x00000000e9c00000, 0x00000000e9d00000|  0%| F|  |TAMS 0x00000000e9c00000, 0x00000000e9c00000| Untracked 
| 157|0x00000000e9d00000, 0x00000000e9d00000, 0x00000000e9e00000|  0%| F|  |TAMS 0x00000000e9d00000, 0x00000000e9d00000| Untracked 
| 158|0x00000000e9e00000, 0x00000000e9e00000, 0x00000000e9f00000|  0%| F|  |TAMS 0x00000000e9e00000, 0x00000000e9e00000| Untracked 
| 159|0x00000000e9f00000, 0x00000000e9f00000, 0x00000000ea000000|  0%| F|  |TAMS 0x00000000e9f00000, 0x00000000e9f00000| Untracked 
| 160|0x00000000ea000000, 0x00000000ea000000, 0x00000000ea100000|  0%| F|  |TAMS 0x00000000ea000000, 0x00000000ea000000| Untracked 
| 161|0x00000000ea100000, 0x00000000ea100000, 0x00000000ea200000|  0%| F|  |TAMS 0x00000000ea100000, 0x00000000ea100000| Untracked 
| 162|0x00000000ea200000, 0x00000000ea200000, 0x00000000ea300000|  0%| F|  |TAMS 0x00000000ea200000, 0x00000000ea200000| Untracked 
| 163|0x00000000ea300000, 0x00000000ea300000, 0x00000000ea400000|  0%| F|  |TAMS 0x00000000ea300000, 0x00000000ea300000| Untracked 
| 164|0x00000000ea400000, 0x00000000ea400000, 0x00000000ea500000|  0%| F|  |TAMS 0x00000000ea400000, 0x00000000ea400000| Untracked 
| 165|0x00000000ea500000, 0x00000000ea500000, 0x00000000ea600000|  0%| F|  |TAMS 0x00000000ea500000, 0x00000000ea500000| Untracked 
| 166|0x00000000ea600000, 0x00000000ea600000, 0x00000000ea700000|  0%| F|  |TAMS 0x00000000ea600000, 0x00000000ea600000| Untracked 
| 167|0x00000000ea700000, 0x00000000ea700000, 0x00000000ea800000|  0%| F|  |TAMS 0x00000000ea700000, 0x00000000ea700000| Untracked 
| 168|0x00000000ea800000, 0x00000000ea800000, 0x00000000ea900000|  0%| F|  |TAMS 0x00000000ea800000, 0x00000000ea800000| Untracked 
| 169|0x00000000ea900000, 0x00000000ea900000, 0x00000000eaa00000|  0%| F|  |TAMS 0x00000000ea900000, 0x00000000ea900000| Untracked 
| 170|0x00000000eaa00000, 0x00000000eaa00000, 0x00000000eab00000|  0%| F|  |TAMS 0x00000000eaa00000, 0x00000000eaa00000| Untracked 
| 171|0x00000000eab00000, 0x00000000eab00000, 0x00000000eac00000|  0%| F|  |TAMS 0x00000000eab00000, 0x00000000eab00000| Untracked 
| 172|0x00000000eac00000, 0x00000000eac00000, 0x00000000ead00000|  0%| F|  |TAMS 0x00000000eac00000, 0x00000000eac00000| Untracked 
| 173|0x00000000ead00000, 0x00000000ead00000, 0x00000000eae00000|  0%| F|  |TAMS 0x00000000ead00000, 0x00000000ead00000| Untracked 
| 174|0x00000000eae00000, 0x00000000eae00000, 0x00000000eaf00000|  0%| F|  |TAMS 0x00000000eae00000, 0x00000000eae00000| Untracked 
| 175|0x00000000eaf00000, 0x00000000eaf00000, 0x00000000eb000000|  0%| F|  |TAMS 0x00000000eaf00000, 0x00000000eaf00000| Untracked 
| 176|0x00000000eb000000, 0x00000000eb000000, 0x00000000eb100000|  0%| F|  |TAMS 0x00000000eb000000, 0x00000000eb000000| Untracked 
| 177|0x00000000eb100000, 0x00000000eb100000, 0x00000000eb200000|  0%| F|  |TAMS 0x00000000eb100000, 0x00000000eb100000| Untracked 
| 178|0x00000000eb200000, 0x00000000eb200000, 0x00000000eb300000|  0%| F|  |TAMS 0x00000000eb200000, 0x00000000eb200000| Untracked 
| 179|0x00000000eb300000, 0x00000000eb300000, 0x00000000eb400000|  0%| F|  |TAMS 0x00000000eb300000, 0x00000000eb300000| Untracked 
| 180|0x00000000eb400000, 0x00000000eb400000, 0x00000000eb500000|  0%| F|  |TAMS 0x00000000eb400000, 0x00000000eb400000| Untracked 
| 181|0x00000000eb500000, 0x00000000eb500000, 0x00000000eb600000|  0%| F|  |TAMS 0x00000000eb500000, 0x00000000eb500000| Untracked 
| 182|0x00000000eb600000, 0x00000000eb600000, 0x00000000eb700000|  0%| F|  |TAMS 0x00000000eb600000, 0x00000000eb600000| Untracked 
| 183|0x00000000eb700000, 0x00000000eb700000, 0x00000000eb800000|  0%| F|  |TAMS 0x00000000eb700000, 0x00000000eb700000| Untracked 
| 184|0x00000000eb800000, 0x00000000eb800000, 0x00000000eb900000|  0%| F|  |TAMS 0x00000000eb800000, 0x00000000eb800000| Untracked 
| 185|0x00000000eb900000, 0x00000000eb900000, 0x00000000eba00000|  0%| F|  |TAMS 0x00000000eb900000, 0x00000000eb900000| Untracked 
| 186|0x00000000eba00000, 0x00000000eba00000, 0x00000000ebb00000|  0%| F|  |TAMS 0x00000000eba00000, 0x00000000eba00000| Untracked 
| 187|0x00000000ebb00000, 0x00000000ebb00000, 0x00000000ebc00000|  0%| F|  |TAMS 0x00000000ebb00000, 0x00000000ebb00000| Untracked 
| 188|0x00000000ebc00000, 0x00000000ebc00000, 0x00000000ebd00000|  0%| F|  |TAMS 0x00000000ebc00000, 0x00000000ebc00000| Untracked 
| 189|0x00000000ebd00000, 0x00000000ebd00000, 0x00000000ebe00000|  0%| F|  |TAMS 0x00000000ebd00000, 0x00000000ebd00000| Untracked 
| 190|0x00000000ebe00000, 0x00000000ebe00000, 0x00000000ebf00000|  0%| F|  |TAMS 0x00000000ebe00000, 0x00000000ebe00000| Untracked 
| 191|0x00000000ebf00000, 0x00000000ebf00000, 0x00000000ec000000|  0%| F|  |TAMS 0x00000000ebf00000, 0x00000000ebf00000| Untracked 
| 192|0x00000000ec000000, 0x00000000ec000000, 0x00000000ec100000|  0%| F|  |TAMS 0x00000000ec000000, 0x00000000ec000000| Untracked 
| 193|0x00000000ec100000, 0x00000000ec100000, 0x00000000ec200000|  0%| F|  |TAMS 0x00000000ec100000, 0x00000000ec100000| Untracked 
| 194|0x00000000ec200000, 0x00000000ec200000, 0x00000000ec300000|  0%| F|  |TAMS 0x00000000ec200000, 0x00000000ec200000| Untracked 
| 195|0x00000000ec300000, 0x00000000ec300000, 0x00000000ec400000|  0%| F|  |TAMS 0x00000000ec300000, 0x00000000ec300000| Untracked 
| 196|0x00000000ec400000, 0x00000000ec400000, 0x00000000ec500000|  0%| F|  |TAMS 0x00000000ec400000, 0x00000000ec400000| Untracked 
| 197|0x00000000ec500000, 0x00000000ec500000, 0x00000000ec600000|  0%| F|  |TAMS 0x00000000ec500000, 0x00000000ec500000| Untracked 
| 198|0x00000000ec600000, 0x00000000ec600000, 0x00000000ec700000|  0%| F|  |TAMS 0x00000000ec600000, 0x00000000ec600000| Untracked 
| 199|0x00000000ec700000, 0x00000000ec700000, 0x00000000ec800000|  0%| F|  |TAMS 0x00000000ec700000, 0x00000000ec700000| Untracked 
| 200|0x00000000ec800000, 0x00000000ec800000, 0x00000000ec900000|  0%| F|  |TAMS 0x00000000ec800000, 0x00000000ec800000| Untracked 
| 201|0x00000000ec900000, 0x00000000ec900000, 0x00000000eca00000|  0%| F|  |TAMS 0x00000000ec900000, 0x00000000ec900000| Untracked 
| 202|0x00000000eca00000, 0x00000000eca00000, 0x00000000ecb00000|  0%| F|  |TAMS 0x00000000eca00000, 0x00000000eca00000| Untracked 
| 203|0x00000000ecb00000, 0x00000000ecb00000, 0x00000000ecc00000|  0%| F|  |TAMS 0x00000000ecb00000, 0x00000000ecb00000| Untracked 
| 204|0x00000000ecc00000, 0x00000000ecc00000, 0x00000000ecd00000|  0%| F|  |TAMS 0x00000000ecc00000, 0x00000000ecc00000| Untracked 
| 205|0x00000000ecd00000, 0x00000000ecd00000, 0x00000000ece00000|  0%| F|  |TAMS 0x00000000ecd00000, 0x00000000ecd00000| Untracked 
| 206|0x00000000ece00000, 0x00000000ece00000, 0x00000000ecf00000|  0%| F|  |TAMS 0x00000000ece00000, 0x00000000ece00000| Untracked 
| 207|0x00000000ecf00000, 0x00000000ecf00000, 0x00000000ed000000|  0%| F|  |TAMS 0x00000000ecf00000, 0x00000000ecf00000| Untracked 
| 208|0x00000000ed000000, 0x00000000ed000000, 0x00000000ed100000|  0%| F|  |TAMS 0x00000000ed000000, 0x00000000ed000000| Untracked 
| 209|0x00000000ed100000, 0x00000000ed100000, 0x00000000ed200000|  0%| F|  |TAMS 0x00000000ed100000, 0x00000000ed100000| Untracked 
| 210|0x00000000ed200000, 0x00000000ed200000, 0x00000000ed300000|  0%| F|  |TAMS 0x00000000ed200000, 0x00000000ed200000| Untracked 
| 211|0x00000000ed300000, 0x00000000ed300000, 0x00000000ed400000|  0%| F|  |TAMS 0x00000000ed300000, 0x00000000ed300000| Untracked 
| 212|0x00000000ed400000, 0x00000000ed400000, 0x00000000ed500000|  0%| F|  |TAMS 0x00000000ed400000, 0x00000000ed400000| Untracked 
| 213|0x00000000ed500000, 0x00000000ed500000, 0x00000000ed600000|  0%| F|  |TAMS 0x00000000ed500000, 0x00000000ed500000| Untracked 
| 214|0x00000000ed600000, 0x00000000ed600000, 0x00000000ed700000|  0%| F|  |TAMS 0x00000000ed600000, 0x00000000ed600000| Untracked 
| 215|0x00000000ed700000, 0x00000000ed700000, 0x00000000ed800000|  0%| F|  |TAMS 0x00000000ed700000, 0x00000000ed700000| Untracked 
| 216|0x00000000ed800000, 0x00000000ed800000, 0x00000000ed900000|  0%| F|  |TAMS 0x00000000ed800000, 0x00000000ed800000| Untracked 
| 217|0x00000000ed900000, 0x00000000ed900000, 0x00000000eda00000|  0%| F|  |TAMS 0x00000000ed900000, 0x00000000ed900000| Untracked 
| 218|0x00000000eda00000, 0x00000000eda00000, 0x00000000edb00000|  0%| F|  |TAMS 0x00000000eda00000, 0x00000000eda00000| Untracked 
| 219|0x00000000edb00000, 0x00000000edb00000, 0x00000000edc00000|  0%| F|  |TAMS 0x00000000edb00000, 0x00000000edb00000| Untracked 
| 220|0x00000000edc00000, 0x00000000edc00000, 0x00000000edd00000|  0%| F|  |TAMS 0x00000000edc00000, 0x00000000edc00000| Untracked 
| 221|0x00000000edd00000, 0x00000000edd00000, 0x00000000ede00000|  0%| F|  |TAMS 0x00000000edd00000, 0x00000000edd00000| Untracked 
| 222|0x00000000ede00000, 0x00000000ede00000, 0x00000000edf00000|  0%| F|  |TAMS 0x00000000ede00000, 0x00000000ede00000| Untracked 
| 223|0x00000000edf00000, 0x00000000edf00000, 0x00000000ee000000|  0%| F|  |TAMS 0x00000000edf00000, 0x00000000edf00000| Untracked 
| 224|0x00000000ee000000, 0x00000000ee000000, 0x00000000ee100000|  0%| F|  |TAMS 0x00000000ee000000, 0x00000000ee000000| Untracked 
| 225|0x00000000ee100000, 0x00000000ee100000, 0x00000000ee200000|  0%| F|  |TAMS 0x00000000ee100000, 0x00000000ee100000| Untracked 
| 226|0x00000000ee200000, 0x00000000ee200000, 0x00000000ee300000|  0%| F|  |TAMS 0x00000000ee200000, 0x00000000ee200000| Untracked 
| 227|0x00000000ee300000, 0x00000000ee300000, 0x00000000ee400000|  0%| F|  |TAMS 0x00000000ee300000, 0x00000000ee300000| Untracked 
| 228|0x00000000ee400000, 0x00000000ee400000, 0x00000000ee500000|  0%| F|  |TAMS 0x00000000ee400000, 0x00000000ee400000| Untracked 
| 229|0x00000000ee500000, 0x00000000ee500000, 0x00000000ee600000|  0%| F|  |TAMS 0x00000000ee500000, 0x00000000ee500000| Untracked 
| 230|0x00000000ee600000, 0x00000000ee6580c8, 0x00000000ee700000| 34%| S|CS|TAMS 0x00000000ee600000, 0x00000000ee600000| Complete 
| 231|0x00000000ee700000, 0x00000000ee800000, 0x00000000ee800000|100%| S|CS|TAMS 0x00000000ee700000, 0x00000000ee700000| Complete 
| 232|0x00000000ee800000, 0x00000000ee900000, 0x00000000ee900000|100%| S|CS|TAMS 0x00000000ee800000, 0x00000000ee800000| Complete 
| 233|0x00000000ee900000, 0x00000000eea00000, 0x00000000eea00000|100%| S|CS|TAMS 0x00000000ee900000, 0x00000000ee900000| Complete 
| 234|0x00000000eea00000, 0x00000000eeb00000, 0x00000000eeb00000|100%| S|CS|TAMS 0x00000000eea00000, 0x00000000eea00000| Complete 
| 235|0x00000000eeb00000, 0x00000000eec00000, 0x00000000eec00000|100%| S|CS|TAMS 0x00000000eeb00000, 0x00000000eeb00000| Complete 
| 236|0x00000000eec00000, 0x00000000eec80800, 0x00000000eed00000| 50%| E|  |TAMS 0x00000000eec00000, 0x00000000eec00000| Complete 
| 237|0x00000000eed00000, 0x00000000eee00000, 0x00000000eee00000|100%| E|CS|TAMS 0x00000000eed00000, 0x00000000eed00000| Complete 
| 238|0x00000000eee00000, 0x00000000eef00000, 0x00000000eef00000|100%| E|CS|TAMS 0x00000000eee00000, 0x00000000eee00000| Complete 
| 239|0x00000000eef00000, 0x00000000ef000000, 0x00000000ef000000|100%| E|CS|TAMS 0x00000000eef00000, 0x00000000eef00000| Complete 
| 240|0x00000000ef000000, 0x00000000ef100000, 0x00000000ef100000|100%| E|CS|TAMS 0x00000000ef000000, 0x00000000ef000000| Complete 
| 241|0x00000000ef100000, 0x00000000ef200000, 0x00000000ef200000|100%| E|CS|TAMS 0x00000000ef100000, 0x00000000ef100000| Complete 
| 242|0x00000000ef200000, 0x00000000ef300000, 0x00000000ef300000|100%| E|CS|TAMS 0x00000000ef200000, 0x00000000ef200000| Complete 
| 243|0x00000000ef300000, 0x00000000ef400000, 0x00000000ef400000|100%| E|CS|TAMS 0x00000000ef300000, 0x00000000ef300000| Complete 
| 244|0x00000000ef400000, 0x00000000ef500000, 0x00000000ef500000|100%| E|CS|TAMS 0x00000000ef400000, 0x00000000ef400000| Complete 
| 245|0x00000000ef500000, 0x00000000ef600000, 0x00000000ef600000|100%| E|CS|TAMS 0x00000000ef500000, 0x00000000ef500000| Complete 
| 246|0x00000000ef600000, 0x00000000ef700000, 0x00000000ef700000|100%| E|  |TAMS 0x00000000ef600000, 0x00000000ef600000| Complete 
| 247|0x00000000ef700000, 0x00000000ef800000, 0x00000000ef800000|100%| E|CS|TAMS 0x00000000ef700000, 0x00000000ef700000| Complete 
| 248|0x00000000ef800000, 0x00000000ef900000, 0x00000000ef900000|100%| E|CS|TAMS 0x00000000ef800000, 0x00000000ef800000| Complete 
| 249|0x00000000ef900000, 0x00000000efa00000, 0x00000000efa00000|100%| E|CS|TAMS 0x00000000ef900000, 0x00000000ef900000| Complete 
| 250|0x00000000efa00000, 0x00000000efb00000, 0x00000000efb00000|100%| E|CS|TAMS 0x00000000efa00000, 0x00000000efa00000| Complete 
| 251|0x00000000efb00000, 0x00000000efc00000, 0x00000000efc00000|100%| E|CS|TAMS 0x00000000efb00000, 0x00000000efb00000| Complete 
| 252|0x00000000efc00000, 0x00000000efd00000, 0x00000000efd00000|100%| E|CS|TAMS 0x00000000efc00000, 0x00000000efc00000| Complete 
| 253|0x00000000efd00000, 0x00000000efe00000, 0x00000000efe00000|100%| E|CS|TAMS 0x00000000efd00000, 0x00000000efd00000| Complete 
| 254|0x00000000efe00000, 0x00000000eff00000, 0x00000000eff00000|100%| E|CS|TAMS 0x00000000efe00000, 0x00000000efe00000| Complete 
| 255|0x00000000eff00000, 0x00000000f0000000, 0x00000000f0000000|100%| E|CS|TAMS 0x00000000eff00000, 0x00000000eff00000| Complete 

Card table byte_map: [0x0000025370b30000,0x0000025370c30000] _byte_map_base: 0x0000025370430000

Marking Bits (Prev, Next): (CMBitMap*) 0x0000025356e6a208, (CMBitMap*) 0x0000025356e6a240
 Prev Bits: [0x0000025370d30000, 0x0000025371530000)
 Next Bits: [0x0000025371530000, 0x0000025371d30000)

Polling page: 0x0000025356f20000

Metaspace:

Usage:
  Non-class:     33.81 MB capacity,    33.23 MB ( 98%) used,   495.70 KB (  1%) free+waste,    95.69 KB ( <1%) overhead. 
      Class:      5.28 MB capacity,     4.91 MB ( 93%) used,   328.13 KB (  6%) free+waste,    46.75 KB ( <1%) overhead. 
       Both:     39.09 MB capacity,    38.14 MB ( 98%) used,   823.83 KB (  2%) free+waste,   142.44 KB ( <1%) overhead. 

Virtual space:
  Non-class space:       34.00 MB reserved,      33.92 MB (>99%) committed 
      Class space:      248.00 MB reserved,       5.38 MB (  2%) committed 
             Both:      282.00 MB reserved,      39.30 MB ( 14%) committed 

Chunk freelists:
   Non-Class:  51.00 KB
       Class:  5.00 KB
        Both:  56.00 KB

MaxMetaspaceSize: 256.00 MB
CompressedClassSpaceSize: 248.00 MB
Initial GC threshold: 20.80 MB
Current GC threshold: 59.25 MB
CDS: off

CodeHeap 'non-profiled nmethods': size=120000Kb used=1885Kb max_used=1885Kb free=118114Kb
 bounds [0x0000025368880000, 0x0000025368af0000, 0x000002536fdb0000]
CodeHeap 'profiled nmethods': size=120000Kb used=6770Kb max_used=6770Kb free=113229Kb
 bounds [0x0000025361350000, 0x00000253619f0000, 0x0000025368880000]
CodeHeap 'non-nmethods': size=5760Kb used=1588Kb max_used=1612Kb free=4171Kb
 bounds [0x0000025360db0000, 0x0000025361020000, 0x0000025361350000]
 total_blobs=3928 nmethods=3299 adapters=541
 compilation: enabled
              stopped_count=0, restarted_count=0
 full_count=0

Compilation events (20 events):
Event: 3.678 Thread 0x00000253752fb800 3045       3       java.lang.CharacterDataLatin1::isOtherUppercase (18 bytes)
Event: 3.678 Thread 0x00000253752fb800 nmethod 3045 0x000002536197b210 code [0x000002536197b3e0, 0x000002536197b5d8]
Event: 3.678 Thread 0x00000253752fb800 3041       3       java.lang.ClassValue$Entry::<init> (11 bytes)
Event: 3.678 Thread 0x0000025377ffb800 3046   !   4       java.net.URLClassLoader::findClass (47 bytes)
Event: 3.678 Thread 0x00000253752fb800 nmethod 3041 0x000002536197b710 code [0x000002536197b8e0, 0x000002536197bc98]
Event: 3.678 Thread 0x00000253752fb800 3042       3       java.lang.ClassValue::getMap (16 bytes)
Event: 3.678 Thread 0x00000253752fb800 nmethod 3042 0x000002536197be10 code [0x000002536197bfc0, 0x000002536197c128]
Event: 3.679 Thread 0x00000253782e4000 3047       4       java.lang.invoke.DirectMethodHandle::internalMemberName (8 bytes)
Event: 3.680 Thread 0x0000025377ffb800 nmethod 3046 0x0000025368a42d10 code [0x0000025368a42ee0, 0x0000025368a430f8]
Event: 3.680 Thread 0x00000253782e4000 nmethod 3047 0x0000025368a43310 code [0x0000025368a434a0, 0x0000025368a43518]
Event: 3.706 Thread 0x00000253752fb800 3048   !   3       sun.nio.fs.WindowsPath::getPathForWin32Calls (138 bytes)
Event: 3.707 Thread 0x00000253752fb800 nmethod 3048 0x000002536197c210 code [0x000002536197c520, 0x000002536197d6b8]
Event: 3.707 Thread 0x00000253752fb800 3049       3       sun.nio.fs.WindowsNativeDispatcher::asNativeBuffer (103 bytes)
Event: 3.708 Thread 0x00000253752fb800 nmethod 3049 0x000002536197dc90 code [0x000002536197e000, 0x000002536197f3b8]
Event: 3.708 Thread 0x00000253752fb800 3050       3       jdk.internal.misc.Unsafe::putChar (8 bytes)
Event: 3.708 Thread 0x00000253752fb800 nmethod 3050 0x000002536197fb90 code [0x000002536197fd40, 0x000002536197fe58]
Event: 3.708 Thread 0x00000253752fb800 3052       3       sun.nio.fs.WindowsPath::checkRead (17 bytes)
Event: 3.708 Thread 0x00000253752fb800 nmethod 3052 0x000002536197ff10 code [0x0000025361980120, 0x00000253619807c8]
Event: 3.708 Thread 0x00000253752fb800 3053       3       sun.nio.fs.NativeBuffers::getNativeBuffer (21 bytes)
Event: 3.708 Thread 0x00000253752fb800 nmethod 3053 0x0000025361980a10 code [0x0000025361980be0, 0x0000025361980ed8]

GC Heap History (10 events):
Event: 0.656 GC heap before
{Heap before GC invocations=0 (full 0):
 garbage-first heap   total 262144K, used 26624K [0x00000000e0000000, 0x0000000100000000)
  region size 1024K, 24 young (24576K), 0 survivors (0K)
 Metaspace       used 10046K, capacity 10326K, committed 10624K, reserved 264192K
  class space    used 1020K, capacity 1104K, committed 1152K, reserved 253952K
}
Event: 0.659 GC heap after
{Heap after GC invocations=1 (full 0):
 garbage-first heap   total 262144K, used 9633K [0x00000000e0000000, 0x0000000100000000)
  region size 1024K, 3 young (3072K), 3 survivors (3072K)
 Metaspace       used 10046K, capacity 10326K, committed 10624K, reserved 264192K
  class space    used 1020K, capacity 1104K, committed 1152K, reserved 253952K
}
Event: 2.454 GC heap before
{Heap before GC invocations=1 (full 0):
 garbage-first heap   total 262144K, used 112033K [0x00000000e0000000, 0x0000000100000000)
  region size 1024K, 103 young (105472K), 3 survivors (3072K)
 Metaspace       used 20743K, capacity 21180K, committed 21296K, reserved 274432K
  class space    used 2518K, capacity 2682K, committed 2688K, reserved 253952K
}
Event: 2.461 GC heap after
{Heap after GC invocations=2 (full 0):
 garbage-first heap   total 262144K, used 17540K [0x00000000e0000000, 0x0000000100000000)
  region size 1024K, 11 young (11264K), 11 survivors (11264K)
 Metaspace       used 20743K, capacity 21180K, committed 21296K, reserved 274432K
  class space    used 2518K, capacity 2682K, committed 2688K, reserved 253952K
}
Event: 2.607 GC heap before
{Heap before GC invocations=3 (full 0):
 garbage-first heap   total 262144K, used 38020K [0x00000000e0000000, 0x0000000100000000)
  region size 1024K, 31 young (31744K), 11 survivors (11264K)
 Metaspace       used 22728K, capacity 23262K, committed 23472K, reserved 274432K
  class space    used 2859K, capacity 3063K, committed 3072K, reserved 253952K
}
Event: 2.611 GC heap after
{Heap after GC invocations=4 (full 0):
 garbage-first heap   total 262144K, used 18612K [0x00000000e0000000, 0x0000000100000000)
  region size 1024K, 2 young (2048K), 2 survivors (2048K)
 Metaspace       used 22728K, capacity 23262K, committed 23472K, reserved 274432K
  class space    used 2859K, capacity 3063K, committed 3072K, reserved 253952K
}
Event: 3.306 GC heap before
{Heap before GC invocations=4 (full 0):
 garbage-first heap   total 262144K, used 103604K [0x00000000e0000000, 0x0000000100000000)
  region size 1024K, 85 young (87040K), 2 survivors (2048K)
 Metaspace       used 31171K, capacity 31978K, committed 32048K, reserved 282624K
  class space    used 4163K, capacity 4465K, committed 4480K, reserved 253952K
}
Event: 3.309 GC heap after
{Heap after GC invocations=5 (full 0):
 garbage-first heap   total 262144K, used 21229K [0x00000000e0000000, 0x0000000100000000)
  region size 1024K, 4 young (4096K), 4 survivors (4096K)
 Metaspace       used 31171K, capacity 31978K, committed 32048K, reserved 282624K
  class space    used 4163K, capacity 4465K, committed 4480K, reserved 253952K
}
Event: 3.576 GC heap before
{Heap before GC invocations=5 (full 0):
 garbage-first heap   total 262144K, used 40685K [0x00000000e0000000, 0x0000000100000000)
  region size 1024K, 24 young (24576K), 4 survivors (4096K)
 Metaspace       used 34967K, capacity 35800K, committed 35888K, reserved 286720K
  class space    used 4606K, capacity 4931K, committed 4992K, reserved 253952K
}
Event: 3.582 GC heap after
{Heap after GC invocations=6 (full 0):
 garbage-first heap   total 262144K, used 22967K [0x00000000e0000000, 0x0000000100000000)
  region size 1024K, 6 young (6144K), 6 survivors (6144K)
 Metaspace       used 34967K, capacity 35800K, committed 35888K, reserved 286720K
  class space    used 4606K, capacity 4931K, committed 4992K, reserved 253952K
}

Deoptimization events (20 events):
Event: 3.426 Thread 0x00000253780fe800 DEOPT PACKING pc=0x00000253689ed2c8 sp=0x000000f1fcef8b10
Event: 3.426 Thread 0x00000253780fe800 DEOPT UNPACKING pc=0x0000025360dfa1af sp=0x000000f1fcef8ad0 mode 2
Event: 3.427 Thread 0x00000253780fe800 Uncommon trap: trap_request=0xffffff4d fr.pc=0x0000025368933714 relative=0x00000000000013d4
Event: 3.427 Thread 0x00000253780fe800 Uncommon trap: reason=unstable_if action=reinterpret pc=0x0000025368933714 method=java.util.concurrent.ConcurrentHashMap.putVal(Ljava/lang/Object;Ljava/lang/Object;Z)Ljava/lang/Object; @ 231 c2
Event: 3.427 Thread 0x00000253780fe800 DEOPT PACKING pc=0x0000025368933714 sp=0x000000f1fcef8800
Event: 3.427 Thread 0x00000253780fe800 DEOPT UNPACKING pc=0x0000025360dfa1af sp=0x000000f1fcef8780 mode 2
Event: 3.663 Thread 0x00000253780fe800 DEOPT PACKING pc=0x00000253618c0cf9 sp=0x000000f1fcef44b0
Event: 3.663 Thread 0x00000253780fe800 DEOPT UNPACKING pc=0x0000025360dfa95e sp=0x000000f1fcef39f8 mode 0
Event: 3.665 Thread 0x00000253780fe800 Uncommon trap: trap_request=0xffffff5c fr.pc=0x00000253689226bc relative=0x0000000000000afc
Event: 3.665 Thread 0x00000253780fe800 Uncommon trap: reason=speculate_null_assert action=make_not_entrant pc=0x00000253689226bc method=jdk.internal.loader.URLClassPath$JarLoader.getResource(Ljava/lang/String;ZLjava/util/Set;)Ljdk/internal/loader/Resource; @ 17 c2
Event: 3.665 Thread 0x00000253780fe800 DEOPT PACKING pc=0x00000253689226bc sp=0x000000f1fcef3c70
Event: 3.665 Thread 0x00000253780fe800 DEOPT UNPACKING pc=0x0000025360dfa1af sp=0x000000f1fcef3c18 mode 2
Event: 3.710 Thread 0x00000253780fe800 Uncommon trap: trap_request=0xffffff4d fr.pc=0x00000253689f2608 relative=0x00000000000002a8
Event: 3.710 Thread 0x00000253780fe800 Uncommon trap: reason=unstable_if action=reinterpret pc=0x00000253689f2608 method=java.lang.String.equalsIgnoreCase(Ljava/lang/String;)Z @ 36 c2
Event: 3.710 Thread 0x00000253780fe800 DEOPT PACKING pc=0x00000253689f2608 sp=0x000000f1fcef6670
Event: 3.710 Thread 0x00000253780fe800 DEOPT UNPACKING pc=0x0000025360dfa1af sp=0x000000f1fcef6630 mode 2
Event: 3.710 Thread 0x00000253780fe800 Uncommon trap: trap_request=0xffffffc6 fr.pc=0x0000025368a21fc4 relative=0x0000000000005724
Event: 3.710 Thread 0x00000253780fe800 Uncommon trap: reason=bimorphic_or_optimized_type_check action=maybe_recompile pc=0x0000025368a21fc4 method=java.net.URL.<init>(Ljava/net/URL;Ljava/lang/String;Ljava/net/URLStreamHandler;)V @ 504 c2
Event: 3.710 Thread 0x00000253780fe800 DEOPT PACKING pc=0x0000025368a21fc4 sp=0x000000f1fcef60b0
Event: 3.710 Thread 0x00000253780fe800 DEOPT UNPACKING pc=0x0000025360dfa1af sp=0x000000f1fcef6070 mode 2

Classes redefined (0 events):
No events

Internal exceptions (20 events):
Event: 3.373 Thread 0x00000253780fe800 Exception <a 'java/lang/NoSuchMethodError'{0x00000000efa21da0}: 'java.lang.Object java.lang.invoke.Invokers$Holder.linkToTargetMethod(java.lang.Object, long, java.lang.Object)'> (0x00000000efa21da0) thrown at [./src/hotspot/share/interpreter/linkResolver.cpp, line 773]
Event: 3.383 Thread 0x00000253780fe800 Exception <a 'java/lang/NoSuchMethodError'{0x00000000efabdb60}: 'int java.lang.invoke.DirectMethodHandle$Holder.invokeStatic(java.lang.Object, java.lang.Object, java.lang.Object, java.lang.Object, java.lang.Object)'> (0x00000000efabdb60) thrown at [./src/hotspot/share/interpreter/linkResolver.cpp, line 773]
Event: 3.391 Thread 0x00000253780fe800 Exception <a 'java/lang/NoSuchMethodError'{0x00000000ef95b680}: 'int java.lang.invoke.DirectMethodHandle$Holder.invokeInterface(java.lang.Object, java.lang.Object)'> (0x00000000ef95b680) thrown at [./src/hotspot/share/interpreter/linkResolver.cpp, line 773]
Event: 3.393 Thread 0x00000253780fe800 Exception <a 'java/lang/NoSuchMethodError'{0x00000000ef9824c0}: 'java.lang.Object java.lang.invoke.DirectMethodHandle$Holder.invokeStatic(java.lang.Object, java.lang.Object, int, java.lang.Object)'> (0x00000000ef9824c0) thrown at [./src/hotspot/share/interpreter/linkResolver.cpp, line 773]
Event: 3.393 Thread 0x00000253780fe800 Exception <a 'java/lang/NoSuchMethodError'{0x00000000ef98c808}: 'java.lang.Object java.lang.invoke.Invokers$Holder.linkToTargetMethod(java.lang.Object, int, java.lang.Object, java.lang.Object)'> (0x00000000ef98c808) thrown at [./src/hotspot/share/interpreter/linkResolver.cpp, line 773]
Event: 3.424 Thread 0x00000253780fe800 Implicit null exception at 0x000002536890e482 to 0x000002536890f452
Event: 3.497 Thread 0x00000253780fe800 Exception <a 'java/lang/NoSuchMethodError'{0x00000000ef00dbd8}: 'void java.lang.invoke.DirectMethodHandle$Holder.invokeStaticInit(java.lang.Object, java.lang.Object, java.lang.Object)'> (0x00000000ef00dbd8) thrown at [./src/hotspot/share/interpreter/linkResolver.cpp, line 773]
Event: 3.497 Thread 0x00000253780fe800 Exception <a 'java/lang/NoSuchMethodError'{0x00000000ef014df0}: 'void java.lang.invoke.DirectMethodHandle$Holder.invokeStaticInit(java.lang.Object, java.lang.Object, java.lang.Object, java.lang.Object)'> (0x00000000ef014df0) thrown at [./src/hotspot/share/interpreter/linkResolver.cpp, line 773]
Event: 3.499 Thread 0x00000253780fe800 Exception <a 'java/lang/NoSuchMethodError'{0x00000000ef037900}: 'void java.lang.invoke.DirectMethodHandle$Holder.invokeStaticInit(java.lang.Object, java.lang.Object, java.lang.Object, java.lang.Object, java.lang.Object)'> (0x00000000ef037900) thrown at [./src/hotspot/share/interpreter/linkResolver.cpp, line 773]
Event: 3.521 Thread 0x00000253780fe800 Exception <a 'java/lang/NoSuchMethodError'{0x00000000ef0b93f0}: 'int java.lang.invoke.DirectMethodHandle$Holder.invokeStaticInit(java.lang.Object, java.lang.Object, java.lang.Object, java.lang.Object)'> (0x00000000ef0b93f0) thrown at [./src/hotspot/share/interpreter/linkResolver.cpp, line 773]
Event: 3.662 Thread 0x00000253780fe800 Exception <a 'java/lang/NoSuchMethodError'{0x00000000efbfb290}: 'java.lang.Object java.lang.invoke.DirectMethodHandle$Holder.invokeStatic(java.lang.Object, java.lang.Object, java.lang.Object, java.lang.Object, java.lang.Object, java.lang.Object, java.lang.Object, java.lang.Object, java.lang.Object, java.lang.Object, java.lang.Object, int)'> (0x00000000efbfb290) thrown at [./src/hotspot/share/interpreter/linkResolver.cpp, line 773]
Event: 3.663 Thread 0x00000253780fe800 Exception <a 'java/lang/NoSuchMethodError'{0x00000000efa1a580}: 'java.lang.Object java.lang.invoke.DirectMethodHandle$Holder.invokeStatic(java.lang.Object, java.lang.Object, java.lang.Object, java.lang.Object, java.lang.Object, java.lang.Object, java.lang.Object, java.lang.Object, java.lang.Object, java.lang.Object, java.lang.Object, int, int)'> (0x00000000efa1a580) thrown at [./src/hotspot/share/interpreter/linkResolver.cpp, line 773]
Event: 3.664 Thread 0x00000253780fe800 Exception <a 'java/lang/NoSuchMethodError'{0x00000000efa3a058}: 'java.lang.Object java.lang.invoke.DirectMethodHandle$Holder.invokeStatic(java.lang.Object, java.lang.Object, java.lang.Object, java.lang.Object, java.lang.Object, java.lang.Object, java.lang.Object, java.lang.Object, java.lang.Object, java.lang.Object, java.lang.Object, int, int, java.lang.Object)'> (0x00000000efa3a058) thrown at [./src/hotspot/share/interpreter/linkResolver.cpp, line 773]
Event: 3.664 Thread 0x00000253780fe800 Exception <a 'java/lang/NoSuchMethodError'{0x00000000efa5b3f8}: 'java.lang.Object java.lang.invoke.DirectMethodHandle$Holder.invokeStatic(java.lang.Object, java.lang.Object, java.lang.Object, java.lang.Object, java.lang.Object, java.lang.Object, java.lang.Object, java.lang.Object, java.lang.Object, java.lang.Object, java.lang.Object, int, int, java.lang.Object, java.lang.Object)'> (0x00000000efa5b3f8) thrown at [./src/hotspot/share/interpreter/linkResolver.cpp, line 773]
Event: 3.666 Thread 0x00000253780fe800 Exception <a 'java/lang/ClassNotFoundException'{0x00000000efa8be48}: groovy/lang/ExpandoMetaClassBeanInfo> (0x00000000efa8be48) thrown at [./src/hotspot/share/classfile/systemDictionary.cpp, line 230]
Event: 3.667 Thread 0x00000253780fe800 Exception <a 'java/lang/ClassNotFoundException'{0x00000000efaac830}: groovy/lang/MetaClassImplBeanInfo> (0x00000000efaac830) thrown at [./src/hotspot/share/classfile/systemDictionary.cpp, line 230]
Event: 3.667 Thread 0x00000253780fe800 Exception <a 'java/lang/ClassNotFoundException'{0x00000000efab5d88}: java/lang/ObjectBeanInfo> (0x00000000efab5d88) thrown at [./src/hotspot/share/classfile/systemDictionary.cpp, line 230]
Event: 3.668 Thread 0x00000253780fe800 Exception <a 'java/lang/ClassNotFoundException'{0x00000000efac1750}: java/lang/ObjectCustomizer> (0x00000000efac1750) thrown at [./src/hotspot/share/classfile/systemDictionary.cpp, line 230]
Event: 3.671 Thread 0x00000253780fe800 Exception <a 'java/lang/ClassNotFoundException'{0x00000000efae8fc8}: groovy/lang/MetaClassImplCustomizer> (0x00000000efae8fc8) thrown at [./src/hotspot/share/classfile/systemDictionary.cpp, line 230]
Event: 3.673 Thread 0x00000253780fe800 Exception <a 'java/lang/ClassNotFoundException'{0x00000000ef929970}: groovy/lang/ExpandoMetaClassCustomizer> (0x00000000ef929970) thrown at [./src/hotspot/share/classfile/systemDictionary.cpp, line 230]

Events (20 events):
Event: 3.712 loading class sun/nio/fs/WindowsLinkSupport done
Event: 3.713 Executing VM operation: Deoptimize
Event: 3.713 Executing VM operation: Deoptimize done
Event: 3.714 loading class java/nio/file/ClosedFileSystemException
Event: 3.714 loading class java/nio/file/ClosedFileSystemException done
Event: 3.714 loading class java/nio/file/FileAlreadyExistsException
Event: 3.714 loading class java/nio/file/FileAlreadyExistsException done
Event: 3.715 loading class java/nio/file/PathMatcher
Event: 3.715 loading class java/nio/file/PathMatcher done
Event: 3.715 loading class java/util/zip/DeflaterOutputStream
Event: 3.715 loading class java/util/zip/DeflaterOutputStream done
Event: 3.715 loading class java/nio/file/DirectoryNotEmptyException
Event: 3.715 loading class java/nio/file/DirectoryNotEmptyException done
Event: 3.715 loading class java/nio/file/NotDirectoryException
Event: 3.715 loading class java/nio/file/NotDirectoryException done
Event: 3.715 loading class java/nio/file/ReadOnlyFileSystemException
Event: 3.715 loading class java/nio/file/ReadOnlyFileSystemException done
Event: 3.716 loading class sun/nio/fs/WindowsFileSystemProvider$1
Event: 3.716 loading class sun/nio/fs/WindowsFileSystemProvider$1 done
Event: 3.717 loading class sun/nio/fs/WindowsAclFileAttributeView


Dynamic libraries:
0x00007ff6511b0000 - 0x00007ff6511bd000 	C:\Users\user\.jdks\corretto-11.0.17\bin\java.exe
0x00007ff8de8d0000 - 0x00007ff8deac8000 	C:\WINDOWS\SYSTEM32\ntdll.dll
0x00007ff8b1ba0000 - 0x00007ff8b1bb7000 	C:\Program Files\Avast Software\Avast\aswhook.dll
0x00007ff8dd620000 - 0x00007ff8dd6df000 	C:\WINDOWS\System32\KERNEL32.DLL
0x00007ff8dbfc0000 - 0x00007ff8dc292000 	C:\WINDOWS\System32\KERNELBASE.dll
0x00007ff8dc4e0000 - 0x00007ff8dc5e0000 	C:\WINDOWS\System32\ucrtbase.dll
0x00007ff8a05b0000 - 0x00007ff8a05c9000 	C:\Users\user\.jdks\corretto-11.0.17\bin\VCRUNTIME140.dll
0x00007ff8a05d0000 - 0x00007ff8a05e7000 	C:\Users\user\.jdks\corretto-11.0.17\bin\jli.dll
0x00007ff8de150000 - 0x00007ff8de2f1000 	C:\WINDOWS\System32\USER32.dll
0x00007ff8dc680000 - 0x00007ff8dc6a2000 	C:\WINDOWS\System32\win32u.dll
0x00007ff8dca00000 - 0x00007ff8dca2b000 	C:\WINDOWS\System32\GDI32.dll
0x00007ff8dc740000 - 0x00007ff8dc84f000 	C:\WINDOWS\System32\gdi32full.dll
0x00007ff8dc5e0000 - 0x00007ff8dc67d000 	C:\WINDOWS\System32\msvcp_win.dll
0x00007ff8c7320000 - 0x00007ff8c75ba000 	C:\WINDOWS\WinSxS\amd64_microsoft.windows.common-controls_6595b64144ccf1df_6.0.19041.1110_none_60b5254171f9507e\COMCTL32.dll
0x00007ff8dd6e0000 - 0x00007ff8dd77e000 	C:\WINDOWS\System32\msvcrt.dll
0x00007ff8dcea0000 - 0x00007ff8dced2000 	C:\WINDOWS\System32\IMM32.DLL
0x00007ff8699a0000 - 0x00007ff869a3b000 	C:\Users\user\.jdks\corretto-11.0.17\bin\msvcp140.dll
0x00007ff868e10000 - 0x00007ff869995000 	C:\Users\user\.jdks\corretto-11.0.17\bin\server\jvm.dll
0x00007ff8dd8e0000 - 0x00007ff8dd98e000 	C:\WINDOWS\System32\ADVAPI32.dll
0x00007ff8de710000 - 0x00007ff8de7ac000 	C:\WINDOWS\System32\sechost.dll
0x00007ff8de300000 - 0x00007ff8de425000 	C:\WINDOWS\System32\RPCRT4.dll
0x00007ff8de700000 - 0x00007ff8de708000 	C:\WINDOWS\System32\PSAPI.DLL
0x00007ff8d2f50000 - 0x00007ff8d2f77000 	C:\WINDOWS\SYSTEM32\WINMM.dll
0x00007ff8cda70000 - 0x00007ff8cda79000 	C:\WINDOWS\SYSTEM32\WSOCK32.dll
0x00007ff8d6bf0000 - 0x00007ff8d6bfa000 	C:\WINDOWS\SYSTEM32\VERSION.dll
0x00007ff8dc910000 - 0x00007ff8dc97b000 	C:\WINDOWS\System32\WS2_32.dll
0x00007ff8d9e60000 - 0x00007ff8d9e72000 	C:\WINDOWS\SYSTEM32\kernel.appcore.dll
0x00007ff8a6e40000 - 0x00007ff8a6e50000 	C:\Users\user\.jdks\corretto-11.0.17\bin\verify.dll
0x00007ff8d5e50000 - 0x00007ff8d6034000 	C:\WINDOWS\SYSTEM32\DBGHELP.DLL
0x00007ff8d5c10000 - 0x00007ff8d5c45000 	C:\WINDOWS\SYSTEM32\dbgcore.DLL
0x00007ff8dc6b0000 - 0x00007ff8dc732000 	C:\WINDOWS\System32\bcryptPrimitives.dll
0x00007ff8a0580000 - 0x00007ff8a05a8000 	C:\Users\user\.jdks\corretto-11.0.17\bin\java.dll
0x00007ff8a3100000 - 0x00007ff8a310a000 	C:\Users\user\.jdks\corretto-11.0.17\bin\jimage.dll
0x00007ff8a0560000 - 0x00007ff8a0578000 	C:\Users\user\.jdks\corretto-11.0.17\bin\zip.dll
0x00007ff8dd990000 - 0x00007ff8de0d5000 	C:\WINDOWS\System32\SHELL32.dll
0x00007ff8da060000 - 0x00007ff8da7f2000 	C:\WINDOWS\SYSTEM32\windows.storage.dll
0x00007ff8dca90000 - 0x00007ff8dcde5000 	C:\WINDOWS\System32\combase.dll
0x00007ff8db860000 - 0x00007ff8db890000 	C:\WINDOWS\SYSTEM32\Wldp.dll
0x00007ff8dcf40000 - 0x00007ff8dcfed000 	C:\WINDOWS\System32\SHCORE.dll
0x00007ff8dca30000 - 0x00007ff8dca85000 	C:\WINDOWS\System32\shlwapi.dll
0x00007ff8dbf00000 - 0x00007ff8dbf1f000 	C:\WINDOWS\SYSTEM32\profapi.dll
0x00007ff89f340000 - 0x00007ff89f359000 	C:\Users\user\.jdks\corretto-11.0.17\bin\net.dll
0x00007ff8d6190000 - 0x00007ff8d629c000 	C:\WINDOWS\SYSTEM32\WINHTTP.dll
0x00007ff8db640000 - 0x00007ff8db6aa000 	C:\WINDOWS\system32\mswsock.dll
0x00007ff89ef30000 - 0x00007ff89ef43000 	C:\Users\user\.jdks\corretto-11.0.17\bin\nio.dll
0x00007ff8aee70000 - 0x00007ff8aee97000 	C:\Users\user\.gradle\native\68d5fa5c4cc2d200863cafc0d521ce42e7d3e7ee720ec0a83991735586a16f82\windows-amd64\native-platform.dll
0x00007ff868480000 - 0x00007ff8685c4000 	C:\Users\user\.gradle\native\e376f236ea51e6404a007f0833ffe2c6e607c4080706a723a18a27aeea778392\windows-amd64\native-platform-file-events.dll
0x00007ff8a2570000 - 0x00007ff8a2579000 	C:\Users\user\.jdks\corretto-11.0.17\bin\management.dll
0x00007ff8a1370000 - 0x00007ff8a137b000 	C:\Users\user\.jdks\corretto-11.0.17\bin\management_ext.dll
0x00007ff8db8a0000 - 0x00007ff8db8b8000 	C:\WINDOWS\SYSTEM32\CRYPTSP.dll
0x00007ff8daf80000 - 0x00007ff8dafb4000 	C:\WINDOWS\system32\rsaenh.dll
0x00007ff8dc350000 - 0x00007ff8dc377000 	C:\WINDOWS\System32\bcrypt.dll
0x00007ff8dbec0000 - 0x00007ff8dbeee000 	C:\WINDOWS\SYSTEM32\USERENV.dll
0x00007ff8db7d0000 - 0x00007ff8db7dc000 	C:\WINDOWS\SYSTEM32\CRYPTBASE.dll
0x00007ff8db350000 - 0x00007ff8db38b000 	C:\WINDOWS\SYSTEM32\IPHLPAPI.DLL
0x00007ff8dd610000 - 0x00007ff8dd618000 	C:\WINDOWS\System32\NSI.dll
0x00007ff8d6c90000 - 0x00007ff8d6ca7000 	C:\WINDOWS\SYSTEM32\dhcpcsvc6.DLL
0x00007ff8d6c70000 - 0x00007ff8d6c8d000 	C:\WINDOWS\SYSTEM32\dhcpcsvc.DLL
0x00007ff8db390000 - 0x00007ff8db45b000 	C:\WINDOWS\SYSTEM32\DNSAPI.dll

dbghelp: loaded successfully - version: 4.0.5 - missing functions: none
symbol engine: initialized successfully - sym options: 0x614 - pdb path: .;C:\Users\user\.jdks\corretto-11.0.17\bin;C:\WINDOWS\SYSTEM32;C:\Program Files\Avast Software\Avast;C:\WINDOWS\WinSxS\amd64_microsoft.windows.common-controls_6595b64144ccf1df_6.0.19041.1110_none_60b5254171f9507e;C:\Users\user\.jdks\corretto-11.0.17\bin\server;C:\Users\user\.gradle\native\68d5fa5c4cc2d200863cafc0d521ce42e7d3e7ee720ec0a83991735586a16f82\windows-amd64;C:\Users\user\.gradle\native\e376f236ea51e6404a007f0833ffe2c6e607c4080706a723a18a27aeea778392\windows-amd64

VM Arguments:
jvm_args: --add-opens=java.base/java.util.concurrent.atomic=ALL-UNNAMED -XX:MaxMetaspaceSize=256m -XX:+HeapDumpOnOutOfMemoryError --add-opens=java.base/java.util=ALL-UNNAMED --add-opens=java.base/java.lang=ALL-UNNAMED --add-opens=java.base/java.lang.invoke=ALL-UNNAMED --add-opens=java.prefs/java.util.prefs=ALL-UNNAMED --add-opens=java.base/java.nio.charset=ALL-UNNAMED --add-opens=java.base/java.net=ALL-UNNAMED --add-opens=java.base/java.util.concurrent.atomic=ALL-UNNAMED -Xms256m -Xmx512m -Dfile.encoding=UTF-8 -Duser.country=KR -Duser.language=ko -Duser.variant 
java_command: org.gradle.launcher.daemon.bootstrap.GradleDaemon 7.6.1
java_class_path (initial): C:\Users\user\.gradle\wrapper\dists\gradle-7.6.1-bin\2clxi94ab3brv6467628wnxmd\gradle-7.6.1\lib\gradle-launcher-7.6.1.jar
Launcher Type: SUN_STANDARD

[Global flags]
     intx CICompilerCount                          = 4                                         {product} {ergonomic}
   size_t CompressedClassSpaceSize                 = 260046848                                 {product} {ergonomic}
     uint ConcGCThreads                            = 3                                         {product} {ergonomic}
     uint G1ConcRefinementThreads                  = 10                                        {product} {ergonomic}
   size_t G1HeapRegionSize                         = 1048576                                   {product} {ergonomic}
    uintx GCDrainStackTargetSize                   = 64                                        {product} {ergonomic}
     bool HeapDumpOnOutOfMemoryError               = true                                   {manageable} {command line}
   size_t InitialHeapSize                          = 268435456                                 {product} {command line}
   size_t MarkStackSize                            = 4194304                                   {product} {ergonomic}
   size_t MaxHeapSize                              = 536870912                                 {product} {command line}
   size_t MaxMetaspaceSize                         = 268435456                                 {product} {command line}
   size_t MaxNewSize                               = 321912832                                 {product} {ergonomic}
   size_t MinHeapDeltaBytes                        = 1048576                                   {product} {ergonomic}
    uintx NonNMethodCodeHeapSize                   = 5836300                                {pd product} {ergonomic}
    uintx NonProfiledCodeHeapSize                  = 122910970                              {pd product} {ergonomic}
    uintx ProfiledCodeHeapSize                     = 122910970                              {pd product} {ergonomic}
    uintx ReservedCodeCacheSize                    = 251658240                              {pd product} {ergonomic}
     bool SegmentedCodeCache                       = true                                      {product} {ergonomic}
     bool UseCompressedClassPointers               = true                                 {lp64_product} {ergonomic}
     bool UseCompressedOops                        = true                                 {lp64_product} {ergonomic}
     bool UseG1GC                                  = true                                      {product} {ergonomic}
     bool UseLargePagesIndividualAllocation        = false                                  {pd product} {ergonomic}

Logging:
Log output configuration:
 #0: stdout all=warning uptime,level,tags
 #1: stderr all=off uptime,level,tags

Environment Variables:
JAVA_HOME=C:\Program Files\Java\jdk-11.0.14\
PATH=C:\oraclexe\app\oracle\product\11.2.0\server\bin;"C:\ProgramData\Oracle\Java\javapath;C:\Program Files\Java\jdk1.8.0_151\bin";C:\WINDOWS\system32;C:\WINDOWS;C:\WINDOWS\System32\Wbem;C:\WINDOWS\System32\WindowsPowerShell\v1.0\;C:\WINDOWS\System32\OpenSSH\;C:\Program Files\Java\jdk1.8.0_281\bin;C:\Program Files\MySQL\MySQL Server 5.6\bin;C:\Program Files\Git\cmd;C:\Program Files\Perforce\;C:\Program Files\Java\jdk-11.0.14\\bin;C:\Program Files\Bandizip\;C:\Users\user\AppData\Local\Microsoft\WindowsApps;;C:\Program Files\JetBrains\IntelliJ IDEA 2022.3\bin;;C:\Users\user\AppData\Local\Programs\Microsoft VS Code\bin
USERNAME=user
OS=Windows_NT
PROCESSOR_IDENTIFIER=Intel64 Family 6 Model 165 Stepping 3, GenuineIntel
TMP=C:\Users\user\AppData\Local\Temp
TEMP=C:\Users\user\AppData\Local\Temp



---------------  S Y S T E M  ---------------

OS: Windows 10 , 64 bit Build 19041 (10.0.19041.2546)
OS uptime: 0 days 1:05 hours
Hyper-V role detected

CPU:total 12 (initial active 12) (6 cores per cpu, 2 threads per core) family 6 model 165 stepping 3 microcode 0xcc, cmov, cx8, fxsr, mmx, sse, sse2, sse3, ssse3, sse4.1, sse4.2, popcnt, avx, avx2, aes, clmul, erms, 3dnowpref, lzcnt, ht, tsc, tscinvbit, bmi1, bmi2, adx, fma

Memory: 4k page, system-wide physical 16317M (5153M free)
TotalPageFile size 16317M (AvailPageFile size 5M)
current process WorkingSet (physical memory assigned to process): 296M, peak: 298M
current process commit charge ("private bytes"): 470M, peak: 471M

vm_info: OpenJDK 64-Bit Server VM (11.0.17+8-LTS) for windows-amd64 JRE (11.0.17+8-LTS), built on Oct 14 2022 18:02:01 by "Administrator" with MS VC++ 15.9 (VS2017)

END.
