#
# There is insufficient memory for the Java Runtime Environment to continue.
# Native memory allocation (mmap) failed to map 268435456 bytes for Failed to commit area from 0x0000000701000000 to 0x0000000711000000 of length 268435456.
# Possible reasons:
#   The system is out of physical RAM or swap space
#   The process is running with CompressedOops enabled, and the Java Heap may be blocking the growth of the native heap
# Possible solutions:
#   Reduce memory load on the system
#   Increase physical memory or swap space
#   Check if swap backing store is full
#   Decrease Java heap size (-Xmx/-Xms)
#   Decrease number of Java threads
#   Decrease Java thread stack sizes (-Xss)
#   Set larger code cache with -XX:ReservedCodeCacheSize=
# This output file may be truncated or incomplete.
#
#  Out of Memory Error (./src/hotspot/os/windows/os_windows.cpp:3386), pid=2428, tid=8852
#
# JRE version:  (11.0.17+8) (build )
# Java VM: OpenJDK 64-Bit Server VM (11.0.17+8-LTS, mixed mode, sharing, tiered, compressed oops, g1 gc, windows-amd64)
# No core dump will be written. Minidumps are not enabled by default on client versions of Windows
#

---------------  S U M M A R Y ------------

Command Line: -Dfile.encoding=UTF-8 -Duser.country=KR -Duser.language=ko -Duser.variant org.example.Main

Host: Intel(R) Core(TM) i5-10400F CPU @ 2.90GHz, 12 cores, 15G,  Windows 10 , 64 bit Build 19041 (10.0.19041.2364)
Time: Fri Jan 13 21:52:09 2023  Windows 10 , 64 bit Build 19041 (10.0.19041.2364) elapsed time: 0.026521 seconds (0d 0h 0m 0s)

---------------  T H R E A D  ---------------

Current thread (0x0000022e0e870000):  JavaThread "Unknown thread" [_thread_in_vm, id=8852, stack(0x0000006437a00000,0x0000006437b00000)]

Stack: [0x0000006437a00000,0x0000006437b00000]
Native frames: (J=compiled Java code, j=interpreted, Vv=VM code, C=native code)
V  [jvm.dll+0x61f66a]
V  [jvm.dll+0x7ac889]
V  [jvm.dll+0x7adf78]
V  [jvm.dll+0x7ae653]
V  [jvm.dll+0x24fbe8]
V  [jvm.dll+0x61c97a]
V  [jvm.dll+0x611105]
V  [jvm.dll+0x307b2c]
V  [jvm.dll+0x3079b2]
V  [jvm.dll+0x30c6c6]
V  [jvm.dll+0x352d5f]
V  [jvm.dll+0x352790]
V  [jvm.dll+0x2e4b38]
V  [jvm.dll+0x2e5c96]
V  [jvm.dll+0x7866c7]
V  [jvm.dll+0x787e4f]
V  [jvm.dll+0x35fac9]
V  [jvm.dll+0x769630]
V  [jvm.dll+0x3cd5ef]
V  [jvm.dll+0x3cf981]
C  [jli.dll+0x5207]
C  [ucrtbase.dll+0x21bb2]
C  [KERNEL32.DLL+0x17614]
C  [ntdll.dll+0x526a1]


---------------  P R O C E S S  ---------------

Threads class SMR info:
_java_thread_list=0x0000022e0c652650, length=0, elements={
}

Java Threads: ( => current thread )

Other Threads:
  0x0000022e0e888800 GCTaskThread "GC Thread#0" [stack: 0x0000006437b00000,0x0000006437c00000] [id=14312]
  0x0000022e0e8e4800 ConcurrentGCThread "G1 Main Marker" [stack: 0x0000006437c00000,0x0000006437d00000] [id=11068]
  0x0000022e0e8e7000 ConcurrentGCThread "G1 Conc#0" [stack: 0x0000006437d00000,0x0000006437e00000] [id=10212]

[error occurred during error reporting (printing all threads), id 0xc0000005, EXCEPTION_ACCESS_VIOLATION (0xc0000005) at pc=0x00007ff8c1c34307]

VM state:not at safepoint (not fully initialized)

VM Mutex/Monitor currently owned by a thread:  ([mutex/lock_event])
[0x0000022e0e86d1d0] Heap_lock - owner thread: 0x0000022e0e870000

Heap address: 0x0000000701000000, size: 4080 MB, Compressed Oops mode: Non-zero based: 0x0000000701000000
Narrow klass base: 0x0000000000000000, Narrow klass shift: 0

GC Heap History (0 events):
No events

Deoptimization events (0 events):
No events

Classes redefined (0 events):
No events

Internal exceptions (0 events):
No events

Events (1 events):
Event: 0.022 Loaded shared library C:\Users\user\.jdks\corretto-11.0.17\bin\zip.dll


Dynamic libraries:
0x00007ff78ab70000 - 0x00007ff78ab7d000 	C:\Users\user\.jdks\corretto-11.0.17\bin\java.exe
0x00007ff951c50000 - 0x00007ff951e48000 	C:\WINDOWS\SYSTEM32\ntdll.dll
0x00007ff937360000 - 0x00007ff937377000 	C:\Program Files\Avast Software\Avast\aswhook.dll
0x00007ff9519c0000 - 0x00007ff951a7f000 	C:\WINDOWS\System32\KERNEL32.DLL
0x00007ff94f340000 - 0x00007ff94f612000 	C:\WINDOWS\System32\KERNELBASE.dll
0x00007ff94fb00000 - 0x00007ff94fc00000 	C:\WINDOWS\System32\ucrtbase.dll
0x00007ff936d20000 - 0x00007ff936d37000 	C:\Users\user\.jdks\corretto-11.0.17\bin\jli.dll
0x00007ff935c20000 - 0x00007ff935c39000 	C:\Users\user\.jdks\corretto-11.0.17\bin\VCRUNTIME140.dll
0x00007ff950f70000 - 0x00007ff951111000 	C:\WINDOWS\System32\USER32.dll
0x00007ff94f7e0000 - 0x00007ff94f802000 	C:\WINDOWS\System32\win32u.dll
0x00007ff951b70000 - 0x00007ff951b9b000 	C:\WINDOWS\System32\GDI32.dll
0x00007ff94f860000 - 0x00007ff94f96f000 	C:\WINDOWS\System32\gdi32full.dll
0x00007ff9374f0000 - 0x00007ff93778a000 	C:\WINDOWS\WinSxS\amd64_microsoft.windows.common-controls_6595b64144ccf1df_6.0.19041.1110_none_60b5254171f9507e\COMCTL32.dll
0x00007ff94f690000 - 0x00007ff94f72d000 	C:\WINDOWS\System32\msvcp_win.dll
0x00007ff951920000 - 0x00007ff9519be000 	C:\WINDOWS\System32\msvcrt.dll
0x00007ff950730000 - 0x00007ff950762000 	C:\WINDOWS\System32\IMM32.DLL
0x00007ff90b340000 - 0x00007ff90b3db000 	C:\Users\user\.jdks\corretto-11.0.17\bin\msvcp140.dll
0x00007ff8c1940000 - 0x00007ff8c24c5000 	C:\Users\user\.jdks\corretto-11.0.17\bin\server\jvm.dll
0x00007ff950770000 - 0x00007ff95081e000 	C:\WINDOWS\System32\ADVAPI32.dll
0x00007ff950480000 - 0x00007ff95051c000 	C:\WINDOWS\System32\sechost.dll
0x00007ff9502f0000 - 0x00007ff950415000 	C:\WINDOWS\System32\RPCRT4.dll
0x00007ff951150000 - 0x00007ff951158000 	C:\WINDOWS\System32\PSAPI.DLL
0x00007ff940fe0000 - 0x00007ff940fe9000 	C:\WINDOWS\SYSTEM32\WSOCK32.dll
0x00007ff94a410000 - 0x00007ff94a41a000 	C:\WINDOWS\SYSTEM32\VERSION.dll
0x00007ff9427f0000 - 0x00007ff942817000 	C:\WINDOWS\SYSTEM32\WINMM.dll
0x00007ff951ba0000 - 0x00007ff951c0b000 	C:\WINDOWS\System32\WS2_32.dll
0x00007ff94d140000 - 0x00007ff94d152000 	C:\WINDOWS\SYSTEM32\kernel.appcore.dll
0x00007ff936d10000 - 0x00007ff936d20000 	C:\Users\user\.jdks\corretto-11.0.17\bin\verify.dll
0x00007ff949230000 - 0x00007ff949414000 	C:\WINDOWS\SYSTEM32\DBGHELP.DLL
0x00007ff9491d0000 - 0x00007ff949205000 	C:\WINDOWS\SYSTEM32\dbgcore.DLL
0x00007ff94fc00000 - 0x00007ff94fc82000 	C:\WINDOWS\System32\bcryptPrimitives.dll
0x00007ff934090000 - 0x00007ff9340b8000 	C:\Users\user\.jdks\corretto-11.0.17\bin\java.dll
0x00007ff936710000 - 0x00007ff93671a000 	C:\Users\user\.jdks\corretto-11.0.17\bin\jimage.dll
0x00007ff934440000 - 0x00007ff934458000 	C:\Users\user\.jdks\corretto-11.0.17\bin\zip.dll

dbghelp: loaded successfully - version: 4.0.5 - missing functions: none
symbol engine: initialized successfully - sym options: 0x614 - pdb path: .;C:\Users\user\.jdks\corretto-11.0.17\bin;C:\WINDOWS\SYSTEM32;C:\Program Files\Avast Software\Avast;C:\WINDOWS\WinSxS\amd64_microsoft.windows.common-controls_6595b64144ccf1df_6.0.19041.1110_none_60b5254171f9507e;C:\Users\user\.jdks\corretto-11.0.17\bin\server

VM Arguments:
jvm_args: -Dfile.encoding=UTF-8 -Duser.country=KR -Duser.language=ko -Duser.variant 
java_command: org.example.Main
java_class_path (initial): C:\Users\user\IdeaProjects\Java-Spring-Lab\Modern-Java-in-Action\build\classes\java\main;C:\Users\user\IdeaProjects\Java-Spring-Lab\Modern-Java-in-Action\build\resources\main
Launcher Type: SUN_STANDARD

[Global flags]
     intx CICompilerCount                          = 4                                         {product} {ergonomic}
     uint ConcGCThreads                            = 3                                         {product} {ergonomic}
     uint G1ConcRefinementThreads                  = 10                                        {product} {ergonomic}
   size_t G1HeapRegionSize                         = 1048576                                   {product} {ergonomic}
    uintx GCDrainStackTargetSize                   = 64                                        {product} {ergonomic}
   size_t InitialHeapSize                          = 268435456                                 {product} {ergonomic}
   size_t MarkStackSize                            = 4194304                                   {product} {ergonomic}
   size_t MaxHeapSize                              = 4278190080                                {product} {ergonomic}
   size_t MinHeapDeltaBytes                        = 1048576                                   {product} {ergonomic}
    uintx NonNMethodCodeHeapSize                   = 5836300                                {pd product} {ergonomic}
    uintx NonProfiledCodeHeapSize                  = 122910970                              {pd product} {ergonomic}
    uintx ProfiledCodeHeapSize                     = 122910970                              {pd product} {ergonomic}
    uintx ReservedCodeCacheSize                    = 251658240                              {pd product} {ergonomic}
     bool SegmentedCodeCache                       = true                                      {product} {ergonomic}
     bool UseCompressedClassPointers               = true                                 {lp64_product} {ergonomic}
     bool UseCompressedOops                        = true                                 {lp64_product} {ergonomic}
     bool UseG1GC                                  = true                                      {product} {ergonomic}
     bool UseLargePagesIndividualAllocation        = false                                  {pd product} {ergonomic}

Logging:
Log output configuration:
 #0: stdout all=warning uptime,level,tags
 #1: stderr all=off uptime,level,tags

Environment Variables:
JAVA_HOME=C:\Program Files\Java\jdk-11.0.14\
PATH=C:\oraclexe\app\oracle\product\11.2.0\server\bin;"C:\ProgramData\Oracle\Java\javapath;C:\Program Files\Java\jdk1.8.0_151\bin";C:\WINDOWS\system32;C:\WINDOWS;C:\WINDOWS\System32\Wbem;C:\WINDOWS\System32\WindowsPowerShell\v1.0\;C:\WINDOWS\System32\OpenSSH\;C:\Program Files\Java\jdk1.8.0_281\bin;C:\Program Files\MySQL\MySQL Server 5.6\bin;C:\Program Files\Git\cmd;C:\Program Files\Perforce\;C:\Program Files\Java\jdk-11.0.14\\bin;C:\Program Files\Bandizip\;C:\Users\user\AppData\Local\Microsoft\WindowsApps;;C:\Program Files\JetBrains\IntelliJ IDEA 2022.3\bin;;C:\Users\user\AppData\Local\Programs\Microsoft VS Code\bin;C:\Program Files (x86)\ESTsoft\ALSee\x64
USERNAME=user
OS=Windows_NT
PROCESSOR_IDENTIFIER=Intel64 Family 6 Model 165 Stepping 3, GenuineIntel
TMP=C:\Users\user\AppData\Local\Temp
TEMP=C:\Users\user\AppData\Local\Temp



---------------  S Y S T E M  ---------------

OS: Windows 10 , 64 bit Build 19041 (10.0.19041.2364)
OS uptime: 0 days 4:17 hours

CPU:total 12 (initial active 12) (6 cores per cpu, 2 threads per core) family 6 model 165 stepping 3 microcode 0xcc, cmov, cx8, fxsr, mmx, sse, sse2, sse3, ssse3, sse4.1, sse4.2, popcnt, avx, avx2, aes, clmul, erms, 3dnowpref, lzcnt, ht, tsc, tscinvbit, bmi1, bmi2, adx, fma

Memory: 4k page, system-wide physical 16317M (4924M free)
TotalPageFile size 16317M (AvailPageFile size 222M)
current process WorkingSet (physical memory assigned to process): 10M, peak: 10M
current process commit charge ("private bytes"): 65M, peak: 320M

vm_info: OpenJDK 64-Bit Server VM (11.0.17+8-LTS) for windows-amd64 JRE (11.0.17+8-LTS), built on Oct 14 2022 18:02:01 by "Administrator" with MS VC++ 15.9 (VS2017)

END.
