#
# There is insufficient memory for the Java Runtime Environment to continue.
# Native memory allocation (mmap) failed to map 268435456 bytes for Failed to commit area from 0x0000000701000000 to 0x0000000711000000 of length 268435456.
# Possible reasons:
#   The system is out of physical RAM or swap space
#   The process is running with CompressedOops enabled, and the Java Heap may be blocking the growth of the native heap
# Possible solutions:
#   Reduce memory load on the system
#   Increase physical memory or swap space
#   Check if swap backing store is full
#   Decrease Java heap size (-Xmx/-Xms)
#   Decrease number of Java threads
#   Decrease Java thread stack sizes (-Xss)
#   Set larger code cache with -XX:ReservedCodeCacheSize=
# This output file may be truncated or incomplete.
#
#  Out of Memory Error (./src/hotspot/os/windows/os_windows.cpp:3386), pid=12292, tid=17084
#
# JRE version:  (11.0.17+8) (build )
# Java VM: OpenJDK 64-Bit Server VM (11.0.17+8-LTS, mixed mode, sharing, tiered, compressed oops, g1 gc, windows-amd64)
# No core dump will be written. Minidumps are not enabled by default on client versions of Windows
#

---------------  S U M M A R Y ------------

Command Line: -XX:TieredStopAtLevel=1 -Xverify:none -Dspring.output.ansi.enabled=always -Dcom.sun.management.jmxremote -Dspring.jmx.enabled=true -Dspring.liveBeansView.mbeanDomain -Dspring.application.admin.enabled=true -Dmanagement.endpoints.jmx.exposure.include=* -javaagent:C:\Program Files\JetBrains\IntelliJ IDEA 2022.3\lib\idea_rt.jar=65105:C:\Program Files\JetBrains\IntelliJ IDEA 2022.3\bin -Dfile.encoding=UTF-8 com.example.hellospring.HelloSpringApplication

Host: Intel(R) Core(TM) i5-10400F CPU @ 2.90GHz, 12 cores, 15G,  Windows 10 , 64 bit Build 19041 (10.0.19041.2546)
Time: Wed Mar  1 16:35:30 2023  Windows 10 , 64 bit Build 19041 (10.0.19041.2546) elapsed time: 0.021547 seconds (0d 0h 0m 0s)

---------------  T H R E A D  ---------------

Current thread (0x0000028a5ae9b000):  JavaThread "Unknown thread" [_thread_in_vm, id=17084, stack(0x000000b477700000,0x000000b477800000)]

Stack: [0x000000b477700000,0x000000b477800000]
Native frames: (J=compiled Java code, j=interpreted, Vv=VM code, C=native code)
V  [jvm.dll+0x61f66a]
V  [jvm.dll+0x7ac889]
V  [jvm.dll+0x7adf78]
V  [jvm.dll+0x7ae653]
V  [jvm.dll+0x24fbe8]
V  [jvm.dll+0x61c97a]
V  [jvm.dll+0x611105]
V  [jvm.dll+0x307b2c]
V  [jvm.dll+0x3079b2]
V  [jvm.dll+0x30c6c6]
V  [jvm.dll+0x352d5f]
V  [jvm.dll+0x352790]
V  [jvm.dll+0x2e4b38]
V  [jvm.dll+0x2e5c96]
V  [jvm.dll+0x7866c7]
V  [jvm.dll+0x787e4f]
V  [jvm.dll+0x35fac9]
V  [jvm.dll+0x769630]
V  [jvm.dll+0x3cd5ef]
V  [jvm.dll+0x3cf981]
C  [jli.dll+0x5207]
C  [ucrtbase.dll+0x21bb2]
C  [KERNEL32.DLL+0x17614]
C  [ntdll.dll+0x526a1]


---------------  P R O C E S S  ---------------

Threads class SMR info:
_java_thread_list=0x0000028a58c56520, length=0, elements={
}

Java Threads: ( => current thread )

Other Threads:
  0x0000028a5aeb4800 GCTaskThread "GC Thread#0" [stack: 0x000000b477800000,0x000000b477900000] [id=7588]
  0x0000028a5af12800 ConcurrentGCThread "G1 Main Marker" [stack: 0x000000b477900000,0x000000b477a00000] [id=7832]
  0x0000028a5af14800 ConcurrentGCThread "G1 Conc#0" [stack: 0x000000b477a00000,0x000000b477b00000] [id=12380]

[error occurred during error reporting (printing all threads), id 0xc0000005, EXCEPTION_ACCESS_VIOLATION (0xc0000005) at pc=0x00007ff869104307]

VM state:not at safepoint (not fully initialized)

VM Mutex/Monitor currently owned by a thread:  ([mutex/lock_event])
[0x0000028a5ae96040] Heap_lock - owner thread: 0x0000028a5ae9b000

Heap address: 0x0000000701000000, size: 4080 MB, Compressed Oops mode: Non-zero based: 0x0000000701000000
Narrow klass base: 0x0000000000000000, Narrow klass shift: 0

GC Heap History (0 events):
No events

Deoptimization events (0 events):
No events

Classes redefined (0 events):
No events

Internal exceptions (0 events):
No events

Events (1 events):
Event: 0.016 Loaded shared library C:\Users\user\.jdks\corretto-11.0.17\bin\zip.dll


Dynamic libraries:
0x00007ff6511b0000 - 0x00007ff6511bd000 	C:\Users\user\.jdks\corretto-11.0.17\bin\java.exe
0x00007ff8de8d0000 - 0x00007ff8deac8000 	C:\WINDOWS\SYSTEM32\ntdll.dll
0x00007ff8b1ba0000 - 0x00007ff8b1bb7000 	C:\Program Files\Avast Software\Avast\aswhook.dll
0x00007ff8dd620000 - 0x00007ff8dd6df000 	C:\WINDOWS\System32\KERNEL32.DLL
0x00007ff8dbfc0000 - 0x00007ff8dc292000 	C:\WINDOWS\System32\KERNELBASE.dll
0x00007ff8dc4e0000 - 0x00007ff8dc5e0000 	C:\WINDOWS\System32\ucrtbase.dll
0x00007ff8a05b0000 - 0x00007ff8a05c9000 	C:\Users\user\.jdks\corretto-11.0.17\bin\VCRUNTIME140.dll
0x00007ff8a05d0000 - 0x00007ff8a05e7000 	C:\Users\user\.jdks\corretto-11.0.17\bin\jli.dll
0x00007ff8de150000 - 0x00007ff8de2f1000 	C:\WINDOWS\System32\USER32.dll
0x00007ff8dc680000 - 0x00007ff8dc6a2000 	C:\WINDOWS\System32\win32u.dll
0x00007ff8dca00000 - 0x00007ff8dca2b000 	C:\WINDOWS\System32\GDI32.dll
0x00007ff8dc740000 - 0x00007ff8dc84f000 	C:\WINDOWS\System32\gdi32full.dll
0x00007ff8dc5e0000 - 0x00007ff8dc67d000 	C:\WINDOWS\System32\msvcp_win.dll
0x00007ff8c7320000 - 0x00007ff8c75ba000 	C:\WINDOWS\WinSxS\amd64_microsoft.windows.common-controls_6595b64144ccf1df_6.0.19041.1110_none_60b5254171f9507e\COMCTL32.dll
0x00007ff8dd6e0000 - 0x00007ff8dd77e000 	C:\WINDOWS\System32\msvcrt.dll
0x00007ff8dcea0000 - 0x00007ff8dced2000 	C:\WINDOWS\System32\IMM32.DLL
0x00007ff8699a0000 - 0x00007ff869a3b000 	C:\Users\user\.jdks\corretto-11.0.17\bin\msvcp140.dll
0x00007ff868e10000 - 0x00007ff869995000 	C:\Users\user\.jdks\corretto-11.0.17\bin\server\jvm.dll
0x00007ff8dd8e0000 - 0x00007ff8dd98e000 	C:\WINDOWS\System32\ADVAPI32.dll
0x00007ff8de710000 - 0x00007ff8de7ac000 	C:\WINDOWS\System32\sechost.dll
0x00007ff8de300000 - 0x00007ff8de425000 	C:\WINDOWS\System32\RPCRT4.dll
0x00007ff8de700000 - 0x00007ff8de708000 	C:\WINDOWS\System32\PSAPI.DLL
0x00007ff8d2f50000 - 0x00007ff8d2f77000 	C:\WINDOWS\SYSTEM32\WINMM.dll
0x00007ff8d6bf0000 - 0x00007ff8d6bfa000 	C:\WINDOWS\SYSTEM32\VERSION.dll
0x00007ff8cda70000 - 0x00007ff8cda79000 	C:\WINDOWS\SYSTEM32\WSOCK32.dll
0x00007ff8dc910000 - 0x00007ff8dc97b000 	C:\WINDOWS\System32\WS2_32.dll
0x00007ff8d9e60000 - 0x00007ff8d9e72000 	C:\WINDOWS\SYSTEM32\kernel.appcore.dll
0x00007ff8a6e40000 - 0x00007ff8a6e50000 	C:\Users\user\.jdks\corretto-11.0.17\bin\verify.dll
0x00007ff8d5e50000 - 0x00007ff8d6034000 	C:\WINDOWS\SYSTEM32\DBGHELP.DLL
0x00007ff8d5c10000 - 0x00007ff8d5c45000 	C:\WINDOWS\SYSTEM32\dbgcore.DLL
0x00007ff8dc6b0000 - 0x00007ff8dc732000 	C:\WINDOWS\System32\bcryptPrimitives.dll
0x00007ff8a0580000 - 0x00007ff8a05a8000 	C:\Users\user\.jdks\corretto-11.0.17\bin\java.dll
0x00007ff8a3100000 - 0x00007ff8a310a000 	C:\Users\user\.jdks\corretto-11.0.17\bin\jimage.dll
0x00007ff8d7b00000 - 0x00007ff8d7b0e000 	C:\Users\user\.jdks\corretto-11.0.17\bin\instrument.dll
0x00007ff8a0560000 - 0x00007ff8a0578000 	C:\Users\user\.jdks\corretto-11.0.17\bin\zip.dll

dbghelp: loaded successfully - version: 4.0.5 - missing functions: none
symbol engine: initialized successfully - sym options: 0x614 - pdb path: .;C:\Users\user\.jdks\corretto-11.0.17\bin;C:\WINDOWS\SYSTEM32;C:\Program Files\Avast Software\Avast;C:\WINDOWS\WinSxS\amd64_microsoft.windows.common-controls_6595b64144ccf1df_6.0.19041.1110_none_60b5254171f9507e;C:\Users\user\.jdks\corretto-11.0.17\bin\server

VM Arguments:
jvm_args: -XX:TieredStopAtLevel=1 -Xverify:none -Dspring.output.ansi.enabled=always -Dcom.sun.management.jmxremote -Dspring.jmx.enabled=true -Dspring.liveBeansView.mbeanDomain -Dspring.application.admin.enabled=true -Dmanagement.endpoints.jmx.exposure.include=* -javaagent:C:\Program Files\JetBrains\IntelliJ IDEA 2022.3\lib\idea_rt.jar=65105:C:\Program Files\JetBrains\IntelliJ IDEA 2022.3\bin -Dfile.encoding=UTF-8 
java_command: com.example.hellospring.HelloSpringApplication
java_class_path (initial): C:\Lab½Ç\helloSpring\build\classes\java\main;C:\Lab½Ç\helloSpring\build\resources\main;C:\Users\user\.gradle\caches\modules-2\files-2.1\org.springframework.boot\spring-boot-starter-thymeleaf\2.7.9\4bceaabd964cfa20ebc8464dd3c257fe74e18ecf\spring-boot-starter-thymeleaf-2.7.9.jar;C:\Users\user\.gradle\caches\modules-2\files-2.1\org.springframework.boot\spring-boot-starter-web\2.7.9\e745a069e2b7ca51e378fcbc397d14dd82178199\spring-boot-starter-web-2.7.9.jar;C:\Users\user\.gradle\caches\modules-2\files-2.1\org.springframework.boot\spring-boot-starter\2.7.9\19f855d327f68690cf630698e4e41c3afe134a83\spring-boot-starter-2.7.9.jar;C:\Users\user\.gradle\caches\modules-2\files-2.1\org.thymeleaf\thymeleaf-spring5\3.0.15.RELEASE\7170e1bcd1588d38c139f7048ebcc262676441c3\thymeleaf-spring5-3.0.15.RELEASE.jar;C:\Users\user\.gradle\caches\modules-2\files-2.1\org.thymeleaf.extras\thymeleaf-extras-java8time\3.0.4.RELEASE\36e7175ddce36c486fff4578b5af7bb32f54f5df\thymeleaf-extras-java8time-3.0.4.RELEASE.jar;C:\Users\user\.gradle\caches\modules-2\files-2.1\org.springframework.boot\spring-boot-starter-json\2.7.9\671b3611eeb2fb315281ae17242ef082666e4262\spring-boot-starter-json-2.7.9.jar;C:\Users\user\.gradle\caches\modules-2\files-2.1\org.springframework.boot\spring-boot-starter-tomcat\2.7.9\a1076e6ffa1d771d3ccd18e72280317a152323e8\spring-boot-starter-tomcat-2.7.9.jar;C:\Users\user\.gradle\caches\modules-2\files-2.1\org.springframework\spring-webmvc\5.3.25\62a8258bcc4f7a58dd69af5140481b64653c90\spring-webmvc-5.3.25.jar;C:\Users\user\.gradle\caches\modules-2\files-2.1\org.springframework\spring-web\5.3.25\c69815e7931cd3ce7f19cc8028fd1c36626120d6\spring-web-5.3.25.jar;C:\Users\user\.gradle\caches\modules-2\files-2.1\org.springframework.boot\spring-boot-autoconfigure\2.7.9\849b238dd024101cad8d107b4a8b0906f75003d5\spring-boot-autoconfigure-2.7.9.jar;C:\Users\user\.gradle\caches\modules-2\files-2.1\org.springframework.boot\spring-boot\2.7.9\788d60e73e0f7bbbf11b30c3fb0
Launcher Type: SUN_STANDARD

[Global flags]
     bool BytecodeVerificationLocal                = false                                     {product} {command line}
     bool BytecodeVerificationRemote               = false                                     {product} {command line}
     intx CICompilerCount                          = 4                                         {product} {ergonomic}
     uint ConcGCThreads                            = 3                                         {product} {ergonomic}
     uint G1ConcRefinementThreads                  = 10                                        {product} {ergonomic}
   size_t G1HeapRegionSize                         = 1048576                                   {product} {ergonomic}
    uintx GCDrainStackTargetSize                   = 64                                        {product} {ergonomic}
   size_t InitialHeapSize                          = 268435456                                 {product} {ergonomic}
     bool ManagementServer                         = true                                      {product} {command line}
   size_t MarkStackSize                            = 4194304                                   {product} {ergonomic}
   size_t MaxHeapSize                              = 4278190080                                {product} {ergonomic}
   size_t MinHeapDeltaBytes                        = 1048576                                   {product} {ergonomic}
    uintx NonNMethodCodeHeapSize                   = 7549744                                {pd product} {ergonomic}
    uintx NonProfiledCodeHeapSize                  = 244108496                              {pd product} {ergonomic}
    uintx ProfiledCodeHeapSize                     = 0                                      {pd product} {ergonomic}
    uintx ReservedCodeCacheSize                    = 251658240                              {pd product} {ergonomic}
     bool SegmentedCodeCache                       = true                                      {product} {ergonomic}
     intx TieredStopAtLevel                        = 1                                         {product} {command line}
     bool UseCompressedClassPointers               = true                                 {lp64_product} {ergonomic}
     bool UseCompressedOops                        = true                                 {lp64_product} {ergonomic}
     bool UseG1GC                                  = true                                      {product} {ergonomic}
     bool UseLargePagesIndividualAllocation        = false                                  {pd product} {ergonomic}

Logging:
Log output configuration:
 #0: stdout all=warning uptime,level,tags
 #1: stderr all=off uptime,level,tags

Environment Variables:
JAVA_HOME=C:\Program Files\Java\jdk-11.0.14\
PATH=C:\oraclexe\app\oracle\product\11.2.0\server\bin;"C:\ProgramData\Oracle\Java\javapath;C:\Program Files\Java\jdk1.8.0_151\bin";C:\WINDOWS\system32;C:\WINDOWS;C:\WINDOWS\System32\Wbem;C:\WINDOWS\System32\WindowsPowerShell\v1.0\;C:\WINDOWS\System32\OpenSSH\;C:\Program Files\Java\jdk1.8.0_281\bin;C:\Program Files\MySQL\MySQL Server 5.6\bin;C:\Program Files\Git\cmd;C:\Program Files\Perforce\;C:\Program Files\Java\jdk-11.0.14\\bin;C:\Program Files\Bandizip\;C:\Users\user\AppData\Local\Microsoft\WindowsApps;;C:\Program Files\JetBrains\IntelliJ IDEA 2022.3\bin;;C:\Users\user\AppData\Local\Programs\Microsoft VS Code\bin
USERNAME=user
OS=Windows_NT
PROCESSOR_IDENTIFIER=Intel64 Family 6 Model 165 Stepping 3, GenuineIntel
TMP=C:\Users\user\AppData\Local\Temp
TEMP=C:\Users\user\AppData\Local\Temp



---------------  S Y S T E M  ---------------

OS: Windows 10 , 64 bit Build 19041 (10.0.19041.2546)
OS uptime: 0 days 2:26 hours
Hyper-V role detected

CPU:total 12 (initial active 12) (6 cores per cpu, 2 threads per core) family 6 model 165 stepping 3 microcode 0xcc, cmov, cx8, fxsr, mmx, sse, sse2, sse3, ssse3, sse4.1, sse4.2, popcnt, avx, avx2, aes, clmul, erms, 3dnowpref, lzcnt, ht, tsc, tscinvbit, bmi1, bmi2, adx, fma

Memory: 4k page, system-wide physical 16317M (4937M free)
TotalPageFile size 16317M (AvailPageFile size 225M)
current process WorkingSet (physical memory assigned to process): 10M, peak: 10M
current process commit charge ("private bytes"): 62M, peak: 318M

vm_info: OpenJDK 64-Bit Server VM (11.0.17+8-LTS) for windows-amd64 JRE (11.0.17+8-LTS), built on Oct 14 2022 18:02:01 by "Administrator" with MS VC++ 15.9 (VS2017)

END.
